Log file open, 10/08/23 11:39:43
LogWindows: Failed to load 'aqProf.dll' (GetLastError=126)
LogWindows: File 'aqProf.dll' does not exist
LogWindows: Failed to load 'VtuneApi.dll' (GetLastError=126)
LogWindows: File 'VtuneApi.dll' does not exist
LogWindows: Failed to load 'VtuneApi32e.dll' (GetLastError=126)
LogWindows: File 'VtuneApi32e.dll' does not exist
LogConsoleResponse: Display: Failed to find resolution value strings in scalability ini. Falling back to default.
LogConsoleResponse: Display: Failed to find resolution value strings in scalability ini. Falling back to default.
LogInit: Display: Running engine for game: PingPong
LogPlatformFile: Not using cached read wrapper
LogTaskGraph: Started task graph with 5 named threads and 17 total threads with 3 sets of task threads.
LogStats: Stats thread started at 0.214485
LogICUInternationalization: ICU TimeZone Detection - Raw Offset: +2:00, Platform Override: ''
LogInit: Display: Loading text-based GConfig....
LogPluginManager: Mounting plugin MeshPainting
LogPluginManager: Mounting plugin XGEController
LogPluginManager: Mounting plugin Paper2D
LogPluginManager: Mounting plugin AISupport
LogPluginManager: Mounting plugin EnvironmentQueryEditor
LogPluginManager: Mounting plugin LiveLink
LogPluginManager: Mounting plugin LightPropagationVolume
LogPluginManager: Mounting plugin CameraShakePreviewer
LogPluginManager: Mounting plugin GameplayCameras
LogPluginManager: Mounting plugin OodleData
LogPluginManager: Mounting plugin OodleNetwork
LogPluginManager: Mounting plugin AnimationSharing
LogPluginManager: Mounting plugin CLionSourceCodeAccess
LogPluginManager: Mounting plugin CodeLiteSourceCodeAccess
LogPluginManager: Mounting plugin GitSourceControl
LogPluginManager: Mounting plugin KDevelopSourceCodeAccess
LogPluginManager: Mounting plugin NullSourceCodeAccess
LogPluginManager: Mounting plugin PerforceSourceControl
LogPluginManager: Mounting plugin PixWinPlugin
LogPluginManager: Mounting plugin PlasticSourceControl
LogPluginManager: Mounting plugin PluginUtils
LogPluginManager: Mounting plugin PropertyAccessNode
LogPluginManager: Mounting plugin RiderSourceCodeAccess
LogPluginManager: Mounting plugin SubversionSourceControl
LogPluginManager: Mounting plugin TextureFormatOodle
LogPluginManager: Mounting plugin UObjectPlugin
LogPluginManager: Mounting plugin VisualStudioCodeSourceCodeAccess
LogPluginManager: Mounting plugin VisualStudioSourceCodeAccess
LogPluginManager: Mounting plugin XCodeSourceCodeAccess
LogPluginManager: Mounting plugin AssetManagerEditor
LogPluginManager: Mounting plugin CryptoKeys
LogPluginManager: Mounting plugin CurveEditorTools
LogPluginManager: Mounting plugin DataValidation
LogPluginManager: Mounting plugin FacialAnimation
LogPluginManager: Mounting plugin GameplayTagsEditor
LogPluginManager: Mounting plugin GeometryMode
LogPluginManager: Mounting plugin MacGraphicsSwitching
LogPluginManager: Mounting plugin MaterialAnalyzer
LogPluginManager: Mounting plugin MobileLauncherProfileWizard
LogPluginManager: Mounting plugin PluginBrowser
LogPluginManager: Mounting plugin SpeedTreeImporter
LogPluginManager: Mounting plugin DatasmithContent
LogPluginManager: Mounting plugin VariantManagerContent
LogPluginManager: Mounting plugin AlembicImporter
LogPluginManager: Mounting plugin AutomationUtils
LogPluginManager: Mounting plugin BackChannel
LogPluginManager: Mounting plugin ChaosCloth
LogPluginManager: Mounting plugin ChaosClothEditor
LogPluginManager: Mounting plugin ChaosEditor
LogPluginManager: Mounting plugin ChaosNiagara
LogPluginManager: Mounting plugin ChaosSolverPlugin
LogPluginManager: Mounting plugin CharacterAI
LogPluginManager: Mounting plugin GeometryCache
LogPluginManager: Mounting plugin GeometryCollectionPlugin
LogPluginManager: Mounting plugin GeometryProcessing
LogPluginManager: Mounting plugin MotoSynth
LogPluginManager: Mounting plugin OpenImageDenoise
LogPluginManager: Mounting plugin PlanarCut
LogPluginManager: Mounting plugin PlatformCrypto
LogPluginManager: Mounting plugin ProxyLODPlugin
LogPluginManager: Mounting plugin PythonScriptPlugin
LogPluginManager: Mounting plugin SkeletalReduction
LogPluginManager: Mounting plugin Niagara
LogPluginManager: Mounting plugin LuminPlatformFeatures
LogPluginManager: Mounting plugin MagicLeap
LogPluginManager: Mounting plugin MagicLeapLightEstimation
LogPluginManager: Mounting plugin MagicLeapMedia
LogPluginManager: Mounting plugin MagicLeapPassableWorld
LogPluginManager: Mounting plugin MLSDK
LogPluginManager: Mounting plugin AndroidMedia
LogPluginManager: Mounting plugin AvfMedia
LogPluginManager: Mounting plugin ImgMedia
LogPluginManager: Mounting plugin MediaCompositing
LogPluginManager: Mounting plugin MediaPlayerEditor
LogPluginManager: Mounting plugin WebMMedia
LogPluginManager: Mounting plugin WmfMedia
LogPluginManager: Mounting plugin TcpMessaging
LogPluginManager: Mounting plugin UdpMessaging
LogPluginManager: Mounting plugin ActorSequence
LogPluginManager: Mounting plugin LevelSequenceEditor
LogPluginManager: Mounting plugin MatineeToLevelSequence
LogPluginManager: Mounting plugin TemplateSequence
LogPluginManager: Mounting plugin OnlineSubsystem
LogPluginManager: Mounting plugin OnlineSubsystemNull
LogPluginManager: Mounting plugin OnlineSubsystemUtils
LogPluginManager: Mounting plugin LauncherChunkInstaller
LogPluginManager: Mounting plugin ActorLayerUtilities
LogPluginManager: Mounting plugin AndroidDeviceProfileSelector
LogPluginManager: Mounting plugin AndroidMoviePlayer
LogPluginManager: Mounting plugin AndroidPermission
LogPluginManager: Mounting plugin AppleImageUtils
LogPluginManager: Mounting plugin AppleMoviePlayer
LogPluginManager: Mounting plugin ArchVisCharacter
LogPluginManager: Mounting plugin AssetTags
LogPluginManager: Mounting plugin AudioCapture
LogPluginManager: Mounting plugin AudioSynesthesia
LogPluginManager: Mounting plugin CableComponent
LogPluginManager: Mounting plugin ChunkDownloader
LogPluginManager: Mounting plugin CustomMeshComponent
LogPluginManager: Mounting plugin EditableMesh
LogPluginManager: Mounting plugin ExampleDeviceProfileSelector
LogPluginManager: Mounting plugin GoogleCloudMessaging
LogPluginManager: Mounting plugin GooglePAD
LogPluginManager: Mounting plugin IOSDeviceProfileSelector
LogPluginManager: Mounting plugin LinuxDeviceProfileSelector
LogPluginManager: Mounting plugin LocationServicesBPLibrary
LogPluginManager: Mounting plugin MobilePatchingUtils
LogPluginManager: Mounting plugin OpenXR
LogPluginManager: Mounting plugin OpenXREyeTracker
LogPluginManager: Mounting plugin OpenXRHandTracking
LogPluginManager: Mounting plugin PhysXVehicles
LogPluginManager: Mounting plugin PostSplashScreen
LogPluginManager: Mounting plugin ProceduralMeshComponent
LogPluginManager: Mounting plugin PropertyAccessEditor
LogPluginManager: Mounting plugin RuntimePhysXCooking
LogPluginManager: Mounting plugin SignificanceManager
LogPluginManager: Mounting plugin SoundFields
LogPluginManager: Mounting plugin Synthesis
LogPluginManager: Mounting plugin WebMMoviePlayer
LogPluginManager: Mounting plugin WindowsMoviePlayer
LogPluginManager: Mounting plugin ScreenshotTools
LogPluginManager: Mounting plugin Takes
LogPluginManager: Mounting plugin ContentBrowserAssetDataSource
LogPluginManager: Mounting plugin ContentBrowserClassDataSource
LogPluginManager: Mounting plugin ContentBrowserFileDataSource
LogPluginManager: Mounting plugin OnlineSubsystemGooglePlay
LogPluginManager: Mounting plugin OnlineSubsystemIOS
LogPluginManager: Mounting plugin OculusVR
LogPluginManager: Mounting plugin SteamVR
PixWinPlugin: PIX capture plugin failed to initialize! Check that the process is launched from PIX.
LogInit: Using libcurl 7.55.1-DEV
LogInit:  - built for x86_64-pc-win32
LogInit:  - supports SSL with OpenSSL/1.1.1
LogInit:  - supports HTTP deflate (compression) using libz 1.2.8
LogInit:  - other features:
LogInit:      CURL_VERSION_SSL
LogInit:      CURL_VERSION_LIBZ
LogInit:      CURL_VERSION_IPV6
LogInit:      CURL_VERSION_ASYNCHDNS
LogInit:      CURL_VERSION_LARGEFILE
LogInit:      CURL_VERSION_IDN
LogInit:  CurlRequestOptions (configurable via config and command line):
LogInit:  - bVerifyPeer = true  - Libcurl will verify peer certificate
LogInit:  - bUseHttpProxy = false  - Libcurl will NOT use HTTP proxy
LogInit:  - bDontReuseConnections = false  - Libcurl will reuse connections
LogInit:  - MaxHostConnections = 16  - Libcurl will limit the number of connections to a host
LogInit:  - LocalHostAddr = Default
LogInit:  - BufferSize = 65536
LogOnline: OSS: Creating online subsystem instance for: NULL
LogInit: WinSock: version 1.1 (2.2), MaxSocks=32767, MaxUdp=65467
LogOnline: OSS: TryLoadSubsystemAndSetDefault: Loaded subsystem for module [NULL]
LogInit: Build: ++UE4+Release-4.27-CL-18319896
LogInit: Engine Version: 4.27.2-18319896+++UE4+Release-4.27
LogInit: Compatible Engine Version: 4.27.0-17155196+++UE4+Release-4.27
LogInit: Net CL: 17155196
LogInit: OS: Windows 10 (Release 2009) (), CPU: AMD Ryzen 5 5600X 6-Core Processor             , GPU: AMD Radeon RX 6700 XT
LogInit: Compiled (64-bit): Nov 30 2021 07:12:08
LogInit: Compiled with Visual C++: 19.24.28315.00
LogInit: Build Configuration: Development
LogInit: Branch Name: ++UE4+Release-4.27
LogInit: Command Line:  /Game/Start/StartLevel -game -PIEVIACONSOLE -Multiprocess -server -log GameUserSettingsINI=C:/Work/Unreal4/Projects/PingPong/Saved/Config/Windows/PIEGameUserSettings0.ini -MultiprocessSaveConfig -forcepassthrough -messaging -SessionName="Play in Standalone Game" -port=17777 -windowed
LogInit: Base Directory: C:/Program Files/Epic Games/UE_4.27/Engine/Binaries/Win64/
LogInit: Allocator: TBB
LogInit: Installed Engine Build: 1
LogDevObjectVersion: Number of dev versions registered: 29
LogDevObjectVersion:   Dev-Blueprints (B0D832E4-1F89-4F0D-ACCF-7EB736FD4AA2): 10
LogDevObjectVersion:   Dev-Build (E1C64328-A22C-4D53-A36C-8E866417BD8C): 0
LogDevObjectVersion:   Dev-Core (375EC13C-06E4-48FB-B500-84F0262A717E): 4
LogDevObjectVersion:   Dev-Editor (E4B068ED-F494-42E9-A231-DA0B2E46BB41): 40
LogDevObjectVersion:   Dev-Framework (CFFC743F-43B0-4480-9391-14DF171D2073): 37
LogDevObjectVersion:   Dev-Mobile (B02B49B5-BB20-44E9-A304-32B752E40360): 3
LogDevObjectVersion:   Dev-Networking (A4E4105C-59A1-49B5-A7C5-40C4547EDFEE): 0
LogDevObjectVersion:   Dev-Online (39C831C9-5AE6-47DC-9A44-9C173E1C8E7C): 0
LogDevObjectVersion:   Dev-Physics (78F01B33-EBEA-4F98-B9B4-84EACCB95AA2): 14
LogDevObjectVersion:   Dev-Platform (6631380F-2D4D-43E0-8009-CF276956A95A): 0
LogDevObjectVersion:   Dev-Rendering (12F88B9F-8875-4AFC-A67C-D90C383ABD29): 45
LogDevObjectVersion:   Dev-Sequencer (7B5AE74C-D270-4C10-A958-57980B212A5A): 13
LogDevObjectVersion:   Dev-VR (D7296918-1DD6-4BDD-9DE2-64A83CC13884): 3
LogDevObjectVersion:   Dev-LoadTimes (C2A15278-BFE7-4AFE-6C17-90FF531DF755): 1
LogDevObjectVersion:   Private-Geometry (6EACA3D4-40EC-4CC1-B786-8BED09428FC5): 3
LogDevObjectVersion:   Dev-AnimPhys (29E575DD-E0A3-4627-9D10-D276232CDCEA): 17
LogDevObjectVersion:   Dev-Anim (AF43A65D-7FD3-4947-9873-3E8ED9C1BB05): 15
LogDevObjectVersion:   Dev-ReflectionCapture (6B266CEC-1EC7-4B8F-A30B-E4D90942FC07): 1
LogDevObjectVersion:   Dev-Automation (0DF73D61-A23F-47EA-B727-89E90C41499A): 1
LogDevObjectVersion:   FortniteMain (601D1886-AC64-4F84-AA16-D3DE0DEAC7D6): 47
LogDevObjectVersion:   FortniteRelease (E7086368-6B23-4C58-8439-1B7016265E91): 1
LogDevObjectVersion:   Dev-Enterprise (9DFFBCD6-494F-0158-E221-12823C92A888): 10
LogDevObjectVersion:   Dev-Niagara (F2AED0AC-9AFE-416F-8664-AA7FFA26D6FC): 1
LogDevObjectVersion:   Dev-Destruction (174F1F0B-B4C6-45A5-B13F-2EE8D0FB917D): 10
LogDevObjectVersion:   Dev-Physics-Ext (35F94A83-E258-406C-A318-09F59610247C): 41
LogDevObjectVersion:   Dev-PhysicsMaterial-Chaos (B68FC16E-8B1B-42E2-B453-215C058844FE): 1
LogDevObjectVersion:   Dev-CineCamera (B2E18506-4273-CFC2-A54E-F4BB758BBA07): 1
LogDevObjectVersion:   Dev-VirtualProduction (64F58936-FD1B-42BA-BA96-7289D5D0FA4E): 1
LogDevObjectVersion:   Dev-MediaFramework (6F0ED827-A609-4895-9C91-998D90180EA4): 2
LogInit: Presizing for max 25165824 objects, including 0 objects not considered by GC, pre-allocating 0 bytes for permanent pool.
LogConfig: Applying CVar settings from Section [/Script/Engine.StreamingSettings] File [C:/Work/Unreal4/Projects/PingPong/Saved/Config/Windows/Engine.ini]
LogConfig: Setting CVar [[s.MinBulkDataSizeForAsyncLoading:131072]]
LogConfig: Setting CVar [[s.AsyncLoadingThreadEnabled:0]]
LogConfig: Setting CVar [[s.EventDrivenLoaderEnabled:1]]
LogConfig: Setting CVar [[s.WarnIfTimeLimitExceeded:0]]
LogConfig: Setting CVar [[s.TimeLimitExceededMultiplier:1.5]]
LogConfig: Setting CVar [[s.TimeLimitExceededMinTime:0.005]]
LogConfig: Setting CVar [[s.UseBackgroundLevelStreaming:1]]
LogConfig: Setting CVar [[s.PriorityAsyncLoadingExtraTime:15.0]]
LogConfig: Setting CVar [[s.LevelStreamingActorsUpdateTimeLimit:5.0]]
LogConfig: Setting CVar [[s.PriorityLevelStreamingActorsUpdateExtraTime:5.0]]
LogConfig: Setting CVar [[s.LevelStreamingComponentsRegistrationGranularity:10]]
LogConfig: Setting CVar [[s.UnregisterComponentsTimeLimit:1.0]]
LogConfig: Setting CVar [[s.LevelStreamingComponentsUnregistrationGranularity:5]]
LogConfig: Setting CVar [[s.FlushStreamingOnExit:1]]
LogInit: Object subsystem initialized
LogConfig: Setting CVar [[con.DebugEarlyDefault:1]]
LogConfig: Setting CVar [[r.setres:1280x720]]
[2023.10.08-08.39.43:696][  0]LogConfig: Setting CVar [[con.DebugEarlyDefault:1]]
[2023.10.08-08.39.43:698][  0]LogConfig: Setting CVar [[r.setres:1280x720]]
[2023.10.08-08.39.43:698][  0]LogConfig: Applying CVar settings from Section [/Script/Engine.RendererSettings] File [C:/Work/Unreal4/Projects/PingPong/Saved/Config/Windows/Engine.ini]
[2023.10.08-08.39.43:698][  0]LogConfig: Setting CVar [[r.GPUCrashDebugging:0]]
[2023.10.08-08.39.43:699][  0]LogConfig: Applying CVar settings from Section [/Script/Engine.RendererOverrideSettings] File [C:/Work/Unreal4/Projects/PingPong/Saved/Config/Windows/Engine.ini]
[2023.10.08-08.39.43:699][  0]LogConfig: Applying CVar settings from Section [/Script/Engine.StreamingSettings] File [C:/Work/Unreal4/Projects/PingPong/Saved/Config/Windows/Engine.ini]
[2023.10.08-08.39.43:699][  0]LogConfig: Setting CVar [[s.MinBulkDataSizeForAsyncLoading:131072]]
[2023.10.08-08.39.43:699][  0]LogConfig: Setting CVar [[s.AsyncLoadingThreadEnabled:0]]
[2023.10.08-08.39.43:700][  0]LogConfig: Setting CVar [[s.EventDrivenLoaderEnabled:1]]
[2023.10.08-08.39.43:701][  0]LogConfig: Setting CVar [[s.WarnIfTimeLimitExceeded:0]]
[2023.10.08-08.39.43:701][  0]LogConfig: Setting CVar [[s.TimeLimitExceededMultiplier:1.5]]
[2023.10.08-08.39.43:701][  0]LogConfig: Setting CVar [[s.TimeLimitExceededMinTime:0.005]]
[2023.10.08-08.39.43:702][  0]LogConfig: Setting CVar [[s.UseBackgroundLevelStreaming:1]]
[2023.10.08-08.39.43:702][  0]LogConfig: Setting CVar [[s.PriorityAsyncLoadingExtraTime:15.0]]
[2023.10.08-08.39.43:702][  0]LogConfig: Setting CVar [[s.LevelStreamingActorsUpdateTimeLimit:5.0]]
[2023.10.08-08.39.43:702][  0]LogConfig: Setting CVar [[s.PriorityLevelStreamingActorsUpdateExtraTime:5.0]]
[2023.10.08-08.39.43:702][  0]LogConfig: Setting CVar [[s.LevelStreamingComponentsRegistrationGranularity:10]]
[2023.10.08-08.39.43:703][  0]LogConfig: Setting CVar [[s.UnregisterComponentsTimeLimit:1.0]]
[2023.10.08-08.39.43:703][  0]LogConfig: Setting CVar [[s.LevelStreamingComponentsUnregistrationGranularity:5]]
[2023.10.08-08.39.43:703][  0]LogConfig: Setting CVar [[s.FlushStreamingOnExit:1]]
[2023.10.08-08.39.43:704][  0]LogConfig: Applying CVar settings from Section [/Script/Engine.GarbageCollectionSettings] File [C:/Work/Unreal4/Projects/PingPong/Saved/Config/Windows/Engine.ini]
[2023.10.08-08.39.43:704][  0]LogConfig: Setting CVar [[gc.MaxObjectsNotConsideredByGC:1]]
[2023.10.08-08.39.43:704][  0]LogConfig: Setting CVar [[gc.SizeOfPermanentObjectPool:0]]
[2023.10.08-08.39.43:704][  0]LogConfig: Setting CVar [[gc.FlushStreamingOnGC:0]]
[2023.10.08-08.39.43:704][  0]LogConfig: Setting CVar [[gc.NumRetriesBeforeForcingGC:10]]
[2023.10.08-08.39.43:706][  0]LogConfig: Setting CVar [[gc.AllowParallelGC:1]]
[2023.10.08-08.39.43:706][  0]LogConfig: Setting CVar [[gc.TimeBetweenPurgingPendingKillObjects:61.1]]
[2023.10.08-08.39.43:706][  0]LogConfig: Setting CVar [[gc.MaxObjectsInEditor:25165824]]
[2023.10.08-08.39.43:706][  0]LogConfig: Setting CVar [[gc.IncrementalBeginDestroyEnabled:1]]
[2023.10.08-08.39.43:707][  0]LogConfig: Setting CVar [[gc.CreateGCClusters:1]]
[2023.10.08-08.39.43:707][  0]LogConfig: Setting CVar [[gc.MinGCClusterSize:5]]
[2023.10.08-08.39.43:707][  0]LogConfig: Setting CVar [[gc.ActorClusteringEnabled:0]]
[2023.10.08-08.39.43:707][  0]LogConfig: Setting CVar [[gc.BlueprintClusteringEnabled:0]]
[2023.10.08-08.39.43:708][  0]LogConfig: Setting CVar [[gc.UseDisregardForGCOnDedicatedServers:0]]
[2023.10.08-08.39.43:708][  0]LogConfig: Setting CVar [[gc.MultithreadedDestructionEnabled:1]]
[2023.10.08-08.39.43:709][  0]LogConfig: Applying CVar settings from Section [/Script/Engine.NetworkSettings] File [C:/Work/Unreal4/Projects/PingPong/Saved/Config/Windows/Engine.ini]
[2023.10.08-08.39.43:709][  0]LogConfig: Applying CVar settings from Section [/Script/UnrealEd.CookerSettings] File [C:/Work/Unreal4/Projects/PingPong/Saved/Config/Windows/Engine.ini]
[2023.10.08-08.39.43:709][  0]LogConfig: Applying CVar settings from Section [ViewDistanceQuality@3] File [C:/Work/Unreal4/Projects/PingPong/Saved/Config/Windows/Scalability.ini]
[2023.10.08-08.39.43:710][  0]LogConfig: Setting CVar [[r.SkeletalMeshLODBias:0]]
[2023.10.08-08.39.43:710][  0]LogConfig: Setting CVar [[r.ViewDistanceScale:1.0]]
[2023.10.08-08.39.43:710][  0]LogConfig: Applying CVar settings from Section [AntiAliasingQuality@3] File [C:/Work/Unreal4/Projects/PingPong/Saved/Config/Windows/Scalability.ini]
[2023.10.08-08.39.43:710][  0]LogConfig: Setting CVar [[r.PostProcessAAQuality:4]]
[2023.10.08-08.39.43:710][  0]LogConfig: Applying CVar settings from Section [ShadowQuality@3] File [C:/Work/Unreal4/Projects/PingPong/Saved/Config/Windows/Scalability.ini]
[2023.10.08-08.39.43:711][  0]LogConfig: Setting CVar [[r.LightFunctionQuality:1]]
[2023.10.08-08.39.43:713][  0]LogConfig: Setting CVar [[r.ShadowQuality:5]]
[2023.10.08-08.39.43:713][  0]LogConfig: Setting CVar [[r.Shadow.CSM.MaxCascades:10]]
[2023.10.08-08.39.43:714][  0]LogConfig: Setting CVar [[r.Shadow.MaxResolution:2048]]
[2023.10.08-08.39.43:714][  0]LogConfig: Setting CVar [[r.Shadow.MaxCSMResolution:2048]]
[2023.10.08-08.39.43:714][  0]LogConfig: Setting CVar [[r.Shadow.RadiusThreshold:0.01]]
[2023.10.08-08.39.43:714][  0]LogConfig: Setting CVar [[r.Shadow.DistanceScale:1.0]]
[2023.10.08-08.39.43:715][  0]LogConfig: Setting CVar [[r.Shadow.CSM.TransitionScale:1.0]]
[2023.10.08-08.39.43:715][  0]LogConfig: Setting CVar [[r.Shadow.PreShadowResolutionFactor:1.0]]
[2023.10.08-08.39.43:715][  0]LogConfig: Setting CVar [[r.DistanceFieldShadowing:1]]
[2023.10.08-08.39.43:715][  0]LogConfig: Setting CVar [[r.DistanceFieldAO:1]]
[2023.10.08-08.39.43:715][  0]LogConfig: Setting CVar [[r.AOQuality:2]]
[2023.10.08-08.39.43:717][  0]LogConfig: Setting CVar [[r.VolumetricFog:1]]
[2023.10.08-08.39.43:717][  0]LogConfig: Setting CVar [[r.VolumetricFog.GridPixelSize:8]]
[2023.10.08-08.39.43:717][  0]LogConfig: Setting CVar [[r.VolumetricFog.GridSizeZ:128]]
[2023.10.08-08.39.43:718][  0]LogConfig: Setting CVar [[r.VolumetricFog.HistoryMissSupersampleCount:4]]
[2023.10.08-08.39.43:718][  0]LogConfig: Setting CVar [[r.LightMaxDrawDistanceScale:1]]
[2023.10.08-08.39.43:718][  0]LogConfig: Setting CVar [[r.CapsuleShadows:1]]
[2023.10.08-08.39.43:718][  0]LogConfig: Applying CVar settings from Section [PostProcessQuality@3] File [C:/Work/Unreal4/Projects/PingPong/Saved/Config/Windows/Scalability.ini]
[2023.10.08-08.39.43:718][  0]LogConfig: Setting CVar [[r.MotionBlurQuality:4]]
[2023.10.08-08.39.43:719][  0]LogConfig: Setting CVar [[r.AmbientOcclusionMipLevelFactor:0.4]]
[2023.10.08-08.39.43:719][  0]LogConfig: Setting CVar [[r.AmbientOcclusionMaxQuality:100]]
[2023.10.08-08.39.43:719][  0]LogConfig: Setting CVar [[r.AmbientOcclusionLevels:-1]]
[2023.10.08-08.39.43:719][  0]LogConfig: Setting CVar [[r.AmbientOcclusionRadiusScale:1.0]]
[2023.10.08-08.39.43:720][  0]LogConfig: Setting CVar [[r.DepthOfFieldQuality:2]]
[2023.10.08-08.39.43:720][  0]LogConfig: Setting CVar [[r.RenderTargetPoolMin:400]]
[2023.10.08-08.39.43:720][  0]LogConfig: Setting CVar [[r.LensFlareQuality:2]]
[2023.10.08-08.39.43:720][  0]LogConfig: Setting CVar [[r.SceneColorFringeQuality:1]]
[2023.10.08-08.39.43:720][  0]LogConfig: Setting CVar [[r.EyeAdaptationQuality:2]]
[2023.10.08-08.39.43:720][  0]LogConfig: Setting CVar [[r.BloomQuality:5]]
[2023.10.08-08.39.43:722][  0]LogConfig: Setting CVar [[r.FastBlurThreshold:100]]
[2023.10.08-08.39.43:722][  0]LogConfig: Setting CVar [[r.Upscale.Quality:3]]
[2023.10.08-08.39.43:722][  0]LogConfig: Setting CVar [[r.Tonemapper.GrainQuantization:1]]
[2023.10.08-08.39.43:723][  0]LogConfig: Setting CVar [[r.LightShaftQuality:1]]
[2023.10.08-08.39.43:723][  0]LogConfig: Setting CVar [[r.Filter.SizeScale:1]]
[2023.10.08-08.39.43:723][  0]LogConfig: Setting CVar [[r.Tonemapper.Quality:5]]
[2023.10.08-08.39.43:723][  0]LogConfig: Setting CVar [[r.DOF.Gather.AccumulatorQuality:1        ; higher gathering accumulator quality]]
[2023.10.08-08.39.43:723][  0]LogConfig: Setting CVar [[r.DOF.Gather.PostfilterMethod:1          ; Median3x3 postfilering method]]
[2023.10.08-08.39.43:724][  0]LogConfig: Setting CVar [[r.DOF.Gather.EnableBokehSettings:0       ; no bokeh simulation when gathering]]
[2023.10.08-08.39.43:725][  0]LogConfig: Setting CVar [[r.DOF.Gather.RingCount:4                 ; medium number of samples when gathering]]
[2023.10.08-08.39.43:725][  0]LogConfig: Setting CVar [[r.DOF.Scatter.ForegroundCompositing:1    ; additive foreground scattering]]
[2023.10.08-08.39.43:725][  0]LogConfig: Setting CVar [[r.DOF.Scatter.BackgroundCompositing:2    ; additive background scattering]]
[2023.10.08-08.39.43:726][  0]LogConfig: Setting CVar [[r.DOF.Scatter.EnableBokehSettings:1      ; bokeh simulation when scattering]]
[2023.10.08-08.39.43:726][  0]LogConfig: Setting CVar [[r.DOF.Scatter.MaxSpriteRatio:0.1         ; only a maximum of 10% of scattered bokeh]]
[2023.10.08-08.39.43:726][  0]LogConfig: Setting CVar [[r.DOF.Recombine.Quality:1                ; cheap slight out of focus]]
[2023.10.08-08.39.43:726][  0]LogConfig: Setting CVar [[r.DOF.Recombine.EnableBokehSettings:0    ; no bokeh simulation on slight out of focus]]
[2023.10.08-08.39.43:727][  0]LogConfig: Setting CVar [[r.DOF.TemporalAAQuality:1                ; more stable temporal accumulation]]
[2023.10.08-08.39.43:728][  0]LogConfig: Setting CVar [[r.DOF.Kernel.MaxForegroundRadius:0.025]]
[2023.10.08-08.39.43:728][  0]LogConfig: Setting CVar [[r.DOF.Kernel.MaxBackgroundRadius:0.025]]
[2023.10.08-08.39.43:728][  0]LogConfig: Applying CVar settings from Section [TextureQuality@3] File [C:/Work/Unreal4/Projects/PingPong/Saved/Config/Windows/Scalability.ini]
[2023.10.08-08.39.43:728][  0]LogConfig: Setting CVar [[r.Streaming.MipBias:0]]
[2023.10.08-08.39.43:730][  0]LogConfig: Setting CVar [[r.Streaming.AmortizeCPUToGPUCopy:0]]
[2023.10.08-08.39.43:730][  0]LogConfig: Setting CVar [[r.Streaming.MaxNumTexturesToStreamPerFrame:0]]
[2023.10.08-08.39.43:730][  0]LogConfig: Setting CVar [[r.Streaming.Boost:1]]
[2023.10.08-08.39.43:731][  0]LogConfig: Setting CVar [[r.MaxAnisotropy:8]]
[2023.10.08-08.39.43:731][  0]LogConfig: Setting CVar [[r.VT.MaxAnisotropy:8]]
[2023.10.08-08.39.43:731][  0]LogConfig: Setting CVar [[r.Streaming.LimitPoolSizeToVRAM:0]]
[2023.10.08-08.39.43:731][  0]LogConfig: Setting CVar [[r.Streaming.PoolSize:1000]]
[2023.10.08-08.39.43:731][  0]LogConfig: Setting CVar [[r.Streaming.MaxEffectiveScreenSize:0]]
[2023.10.08-08.39.43:733][  0]LogConfig: Applying CVar settings from Section [EffectsQuality@3] File [C:/Work/Unreal4/Projects/PingPong/Saved/Config/Windows/Scalability.ini]
[2023.10.08-08.39.43:733][  0]LogConfig: Setting CVar [[r.TranslucencyLightingVolumeDim:64]]
[2023.10.08-08.39.43:733][  0]LogConfig: Setting CVar [[r.RefractionQuality:2]]
[2023.10.08-08.39.43:734][  0]LogConfig: Setting CVar [[r.SSR.Quality:3]]
[2023.10.08-08.39.43:734][  0]LogConfig: Setting CVar [[r.SSR.HalfResSceneColor:0]]
[2023.10.08-08.39.43:734][  0]LogConfig: Setting CVar [[r.SceneColorFormat:4]]
[2023.10.08-08.39.43:734][  0]LogConfig: Setting CVar [[r.DetailMode:2]]
[2023.10.08-08.39.43:734][  0]LogConfig: Setting CVar [[r.TranslucencyVolumeBlur:1]]
[2023.10.08-08.39.43:735][  0]LogConfig: Setting CVar [[r.MaterialQualityLevel:1 ; High quality]]
[2023.10.08-08.39.43:735][  0]LogConfig: Setting CVar [[r.AnisotropicMaterials:1]]
[2023.10.08-08.39.43:735][  0]LogConfig: Setting CVar [[r.SSS.Scale:1]]
[2023.10.08-08.39.43:735][  0]LogConfig: Setting CVar [[r.SSS.SampleSet:2]]
[2023.10.08-08.39.43:736][  0]LogConfig: Setting CVar [[r.SSS.Quality:1]]
[2023.10.08-08.39.43:737][  0]LogConfig: Setting CVar [[r.SSS.HalfRes:0]]
[2023.10.08-08.39.43:737][  0]LogConfig: Setting CVar [[r.SSGI.Quality:3]]
[2023.10.08-08.39.43:737][  0]LogConfig: Setting CVar [[r.EmitterSpawnRateScale:1.0]]
[2023.10.08-08.39.43:738][  0]LogConfig: Setting CVar [[r.ParticleLightQuality:2]]
[2023.10.08-08.39.43:738][  0]LogConfig: Setting CVar [[r.SkyAtmosphere.AerialPerspectiveLUT.FastApplyOnOpaque:1 ; Always have FastSkyLUT 1 in this case to avoid wrong sky]]
[2023.10.08-08.39.43:738][  0]LogConfig: Setting CVar [[r.SkyAtmosphere.AerialPerspectiveLUT.SampleCountMaxPerSlice:4]]
[2023.10.08-08.39.43:738][  0]LogConfig: Setting CVar [[r.SkyAtmosphere.AerialPerspectiveLUT.DepthResolution:16.0]]
[2023.10.08-08.39.43:738][  0]LogConfig: Setting CVar [[r.SkyAtmosphere.FastSkyLUT:1]]
[2023.10.08-08.39.43:739][  0]LogConfig: Setting CVar [[r.SkyAtmosphere.FastSkyLUT.SampleCountMin:4.0]]
[2023.10.08-08.39.43:739][  0]LogConfig: Setting CVar [[r.SkyAtmosphere.FastSkyLUT.SampleCountMax:128.0]]
[2023.10.08-08.39.43:739][  0]LogConfig: Setting CVar [[r.SkyAtmosphere.SampleCountMin:4.0]]
[2023.10.08-08.39.43:739][  0]LogConfig: Setting CVar [[r.SkyAtmosphere.SampleCountMax:128.0]]
[2023.10.08-08.39.43:741][  0]LogConfig: Setting CVar [[r.SkyAtmosphere.TransmittanceLUT.UseSmallFormat:0]]
[2023.10.08-08.39.43:741][  0]LogConfig: Setting CVar [[r.SkyAtmosphere.TransmittanceLUT.SampleCount:10.0]]
[2023.10.08-08.39.43:741][  0]LogConfig: Setting CVar [[r.SkyAtmosphere.MultiScatteringLUT.SampleCount:15.0]]
[2023.10.08-08.39.43:741][  0]LogConfig: Setting CVar [[r.SkyLight.RealTimeReflectionCapture:1]]
[2023.10.08-08.39.43:742][  0]LogConfig: Applying CVar settings from Section [FoliageQuality@3] File [C:/Work/Unreal4/Projects/PingPong/Saved/Config/Windows/Scalability.ini]
[2023.10.08-08.39.43:742][  0]LogConfig: Setting CVar [[foliage.DensityScale:1.0]]
[2023.10.08-08.39.43:742][  0]LogConfig: Setting CVar [[grass.DensityScale:1.0]]
[2023.10.08-08.39.43:742][  0]LogConfig: Applying CVar settings from Section [ShadingQuality@3] File [C:/Work/Unreal4/Projects/PingPong/Saved/Config/Windows/Scalability.ini]
[2023.10.08-08.39.43:742][  0]LogConfig: Setting CVar [[r.HairStrands.SkyLighting.IntegrationType:2]]
[2023.10.08-08.39.43:743][  0]LogConfig: Setting CVar [[r.HairStrands.SkyAO.SampleCount:4]]
[2023.10.08-08.39.43:745][  0]LogConfig: Setting CVar [[r.HairStrands.Visibility.MSAA.SamplePerPixel:4]]
[2023.10.08-08.39.43:746][  0]LogInit: Selected Device Profile: [Windows]
[2023.10.08-08.39.43:746][  0]LogInit: Applying CVar settings loaded from the selected device profile: [Windows]
[2023.10.08-08.39.43:746][  0]LogHAL: Display: Platform has ~ 32 GB [34265911296 / 34359738368 / 32], which maps to Largest [LargestMinGB=32, LargerMinGB=12, DefaultMinGB=8, SmallerMinGB=6, SmallestMinGB=0)
[2023.10.08-08.39.43:746][  0]LogInit: Going up to parent DeviceProfile []
[2023.10.08-08.39.43:747][  0]LogConfig: Applying CVar settings from Section [ViewDistanceQuality@3] File [C:/Work/Unreal4/Projects/PingPong/Saved/Config/Windows/Scalability.ini]
[2023.10.08-08.39.43:747][  0]LogConfig: Setting CVar [[r.SkeletalMeshLODBias:0]]
[2023.10.08-08.39.43:747][  0]LogConfig: Setting CVar [[r.ViewDistanceScale:1.0]]
[2023.10.08-08.39.43:747][  0]LogConfig: Applying CVar settings from Section [AntiAliasingQuality@3] File [C:/Work/Unreal4/Projects/PingPong/Saved/Config/Windows/Scalability.ini]
[2023.10.08-08.39.43:747][  0]LogConfig: Setting CVar [[r.PostProcessAAQuality:4]]
[2023.10.08-08.39.43:749][  0]LogConfig: Applying CVar settings from Section [ShadowQuality@3] File [C:/Work/Unreal4/Projects/PingPong/Saved/Config/Windows/Scalability.ini]
[2023.10.08-08.39.43:749][  0]LogConfig: Setting CVar [[r.LightFunctionQuality:1]]
[2023.10.08-08.39.43:749][  0]LogConfig: Setting CVar [[r.ShadowQuality:5]]
[2023.10.08-08.39.43:750][  0]LogConfig: Setting CVar [[r.Shadow.CSM.MaxCascades:10]]
[2023.10.08-08.39.43:750][  0]LogConfig: Setting CVar [[r.Shadow.MaxResolution:2048]]
[2023.10.08-08.39.43:750][  0]LogConfig: Setting CVar [[r.Shadow.MaxCSMResolution:2048]]
[2023.10.08-08.39.43:750][  0]LogConfig: Setting CVar [[r.Shadow.RadiusThreshold:0.01]]
[2023.10.08-08.39.43:751][  0]LogConfig: Setting CVar [[r.Shadow.DistanceScale:1.0]]
[2023.10.08-08.39.43:751][  0]LogConfig: Setting CVar [[r.Shadow.CSM.TransitionScale:1.0]]
[2023.10.08-08.39.43:751][  0]LogConfig: Setting CVar [[r.Shadow.PreShadowResolutionFactor:1.0]]
[2023.10.08-08.39.43:751][  0]LogConfig: Setting CVar [[r.DistanceFieldShadowing:1]]
[2023.10.08-08.39.43:751][  0]LogConfig: Setting CVar [[r.DistanceFieldAO:1]]
[2023.10.08-08.39.43:752][  0]LogConfig: Setting CVar [[r.AOQuality:2]]
[2023.10.08-08.39.43:752][  0]LogConfig: Setting CVar [[r.VolumetricFog:1]]
[2023.10.08-08.39.43:752][  0]LogConfig: Setting CVar [[r.VolumetricFog.GridPixelSize:8]]
[2023.10.08-08.39.43:752][  0]LogConfig: Setting CVar [[r.VolumetricFog.GridSizeZ:128]]
[2023.10.08-08.39.43:752][  0]LogConfig: Setting CVar [[r.VolumetricFog.HistoryMissSupersampleCount:4]]
[2023.10.08-08.39.43:754][  0]LogConfig: Setting CVar [[r.LightMaxDrawDistanceScale:1]]
[2023.10.08-08.39.43:754][  0]LogConfig: Setting CVar [[r.CapsuleShadows:1]]
[2023.10.08-08.39.43:754][  0]LogConfig: Applying CVar settings from Section [PostProcessQuality@3] File [C:/Work/Unreal4/Projects/PingPong/Saved/Config/Windows/Scalability.ini]
[2023.10.08-08.39.43:755][  0]LogConfig: Setting CVar [[r.MotionBlurQuality:4]]
[2023.10.08-08.39.43:755][  0]LogConfig: Setting CVar [[r.AmbientOcclusionMipLevelFactor:0.4]]
[2023.10.08-08.39.43:755][  0]LogConfig: Setting CVar [[r.AmbientOcclusionMaxQuality:100]]
[2023.10.08-08.39.43:755][  0]LogConfig: Setting CVar [[r.AmbientOcclusionLevels:-1]]
[2023.10.08-08.39.43:755][  0]LogConfig: Setting CVar [[r.AmbientOcclusionRadiusScale:1.0]]
[2023.10.08-08.39.43:756][  0]LogConfig: Setting CVar [[r.DepthOfFieldQuality:2]]
[2023.10.08-08.39.43:757][  0]LogConfig: Setting CVar [[r.RenderTargetPoolMin:400]]
[2023.10.08-08.39.43:757][  0]LogConfig: Setting CVar [[r.LensFlareQuality:2]]
[2023.10.08-08.39.43:757][  0]LogConfig: Setting CVar [[r.SceneColorFringeQuality:1]]
[2023.10.08-08.39.43:758][  0]LogConfig: Setting CVar [[r.EyeAdaptationQuality:2]]
[2023.10.08-08.39.43:758][  0]LogConfig: Setting CVar [[r.BloomQuality:5]]
[2023.10.08-08.39.43:758][  0]LogConfig: Setting CVar [[r.FastBlurThreshold:100]]
[2023.10.08-08.39.43:758][  0]LogConfig: Setting CVar [[r.Upscale.Quality:3]]
[2023.10.08-08.39.43:758][  0]LogConfig: Setting CVar [[r.Tonemapper.GrainQuantization:1]]
[2023.10.08-08.39.43:759][  0]LogConfig: Setting CVar [[r.LightShaftQuality:1]]
[2023.10.08-08.39.43:761][  0]LogConfig: Setting CVar [[r.Filter.SizeScale:1]]
[2023.10.08-08.39.43:761][  0]LogConfig: Setting CVar [[r.Tonemapper.Quality:5]]
[2023.10.08-08.39.43:761][  0]LogConfig: Setting CVar [[r.DOF.Gather.AccumulatorQuality:1        ; higher gathering accumulator quality]]
[2023.10.08-08.39.43:762][  0]LogConfig: Setting CVar [[r.DOF.Gather.PostfilterMethod:1          ; Median3x3 postfilering method]]
[2023.10.08-08.39.43:762][  0]LogConfig: Setting CVar [[r.DOF.Gather.EnableBokehSettings:0       ; no bokeh simulation when gathering]]
[2023.10.08-08.39.43:762][  0]LogConfig: Setting CVar [[r.DOF.Gather.RingCount:4                 ; medium number of samples when gathering]]
[2023.10.08-08.39.43:762][  0]LogConfig: Setting CVar [[r.DOF.Scatter.ForegroundCompositing:1    ; additive foreground scattering]]
[2023.10.08-08.39.43:763][  0]LogConfig: Setting CVar [[r.DOF.Scatter.BackgroundCompositing:2    ; additive background scattering]]
[2023.10.08-08.39.43:763][  0]LogConfig: Setting CVar [[r.DOF.Scatter.EnableBokehSettings:1      ; bokeh simulation when scattering]]
[2023.10.08-08.39.43:763][  0]LogConfig: Setting CVar [[r.DOF.Scatter.MaxSpriteRatio:0.1         ; only a maximum of 10% of scattered bokeh]]
[2023.10.08-08.39.43:763][  0]LogConfig: Setting CVar [[r.DOF.Recombine.Quality:1                ; cheap slight out of focus]]
[2023.10.08-08.39.43:765][  0]LogConfig: Setting CVar [[r.DOF.Recombine.EnableBokehSettings:0    ; no bokeh simulation on slight out of focus]]
[2023.10.08-08.39.43:765][  0]LogConfig: Setting CVar [[r.DOF.TemporalAAQuality:1                ; more stable temporal accumulation]]
[2023.10.08-08.39.43:765][  0]LogConfig: Setting CVar [[r.DOF.Kernel.MaxForegroundRadius:0.025]]
[2023.10.08-08.39.43:766][  0]LogConfig: Setting CVar [[r.DOF.Kernel.MaxBackgroundRadius:0.025]]
[2023.10.08-08.39.43:766][  0]LogConfig: Applying CVar settings from Section [TextureQuality@3] File [C:/Work/Unreal4/Projects/PingPong/Saved/Config/Windows/Scalability.ini]
[2023.10.08-08.39.43:766][  0]LogConfig: Setting CVar [[r.Streaming.MipBias:0]]
[2023.10.08-08.39.43:766][  0]LogConfig: Setting CVar [[r.Streaming.AmortizeCPUToGPUCopy:0]]
[2023.10.08-08.39.43:766][  0]LogConfig: Setting CVar [[r.Streaming.MaxNumTexturesToStreamPerFrame:0]]
[2023.10.08-08.39.43:767][  0]LogConfig: Setting CVar [[r.Streaming.Boost:1]]
[2023.10.08-08.39.43:767][  0]LogConfig: Setting CVar [[r.MaxAnisotropy:8]]
[2023.10.08-08.39.43:767][  0]LogConfig: Setting CVar [[r.VT.MaxAnisotropy:8]]
[2023.10.08-08.39.43:767][  0]LogConfig: Setting CVar [[r.Streaming.LimitPoolSizeToVRAM:0]]
[2023.10.08-08.39.43:768][  0]LogConfig: Setting CVar [[r.Streaming.PoolSize:1000]]
[2023.10.08-08.39.43:768][  0]LogConfig: Setting CVar [[r.Streaming.MaxEffectiveScreenSize:0]]
[2023.10.08-08.39.43:768][  0]LogConfig: Applying CVar settings from Section [EffectsQuality@3] File [C:/Work/Unreal4/Projects/PingPong/Saved/Config/Windows/Scalability.ini]
[2023.10.08-08.39.43:768][  0]LogConfig: Setting CVar [[r.TranslucencyLightingVolumeDim:64]]
[2023.10.08-08.39.43:768][  0]LogConfig: Setting CVar [[r.RefractionQuality:2]]
[2023.10.08-08.39.43:770][  0]LogConfig: Setting CVar [[r.SSR.Quality:3]]
[2023.10.08-08.39.43:770][  0]LogConfig: Setting CVar [[r.SSR.HalfResSceneColor:0]]
[2023.10.08-08.39.43:770][  0]LogConfig: Setting CVar [[r.SceneColorFormat:4]]
[2023.10.08-08.39.43:771][  0]LogConfig: Setting CVar [[r.DetailMode:2]]
[2023.10.08-08.39.43:771][  0]LogConfig: Setting CVar [[r.TranslucencyVolumeBlur:1]]
[2023.10.08-08.39.43:771][  0]LogConfig: Setting CVar [[r.MaterialQualityLevel:1 ; High quality]]
[2023.10.08-08.39.43:771][  0]LogConfig: Setting CVar [[r.AnisotropicMaterials:1]]
[2023.10.08-08.39.43:771][  0]LogConfig: Setting CVar [[r.SSS.Scale:1]]
[2023.10.08-08.39.43:772][  0]LogConfig: Setting CVar [[r.SSS.SampleSet:2]]
[2023.10.08-08.39.43:773][  0]LogConfig: Setting CVar [[r.SSS.Quality:1]]
[2023.10.08-08.39.43:773][  0]LogConfig: Setting CVar [[r.SSS.HalfRes:0]]
[2023.10.08-08.39.43:773][  0]LogConfig: Setting CVar [[r.SSGI.Quality:3]]
[2023.10.08-08.39.43:774][  0]LogConfig: Setting CVar [[r.EmitterSpawnRateScale:1.0]]
[2023.10.08-08.39.43:774][  0]LogConfig: Setting CVar [[r.ParticleLightQuality:2]]
[2023.10.08-08.39.43:774][  0]LogConfig: Setting CVar [[r.SkyAtmosphere.AerialPerspectiveLUT.FastApplyOnOpaque:1 ; Always have FastSkyLUT 1 in this case to avoid wrong sky]]
[2023.10.08-08.39.43:774][  0]LogConfig: Setting CVar [[r.SkyAtmosphere.AerialPerspectiveLUT.SampleCountMaxPerSlice:4]]
[2023.10.08-08.39.43:774][  0]LogConfig: Setting CVar [[r.SkyAtmosphere.AerialPerspectiveLUT.DepthResolution:16.0]]
[2023.10.08-08.39.43:775][  0]LogConfig: Setting CVar [[r.SkyAtmosphere.FastSkyLUT:1]]
[2023.10.08-08.39.43:777][  0]LogConfig: Setting CVar [[r.SkyAtmosphere.FastSkyLUT.SampleCountMin:4.0]]
[2023.10.08-08.39.43:777][  0]LogConfig: Setting CVar [[r.SkyAtmosphere.FastSkyLUT.SampleCountMax:128.0]]
[2023.10.08-08.39.43:778][  0]LogConfig: Setting CVar [[r.SkyAtmosphere.SampleCountMin:4.0]]
[2023.10.08-08.39.43:778][  0]LogConfig: Setting CVar [[r.SkyAtmosphere.SampleCountMax:128.0]]
[2023.10.08-08.39.43:778][  0]LogConfig: Setting CVar [[r.SkyAtmosphere.TransmittanceLUT.UseSmallFormat:0]]
[2023.10.08-08.39.43:778][  0]LogConfig: Setting CVar [[r.SkyAtmosphere.TransmittanceLUT.SampleCount:10.0]]
[2023.10.08-08.39.43:779][  0]LogConfig: Setting CVar [[r.SkyAtmosphere.MultiScatteringLUT.SampleCount:15.0]]
[2023.10.08-08.39.43:779][  0]LogConfig: Setting CVar [[r.SkyLight.RealTimeReflectionCapture:1]]
[2023.10.08-08.39.43:779][  0]LogConfig: Applying CVar settings from Section [FoliageQuality@3] File [C:/Work/Unreal4/Projects/PingPong/Saved/Config/Windows/Scalability.ini]
[2023.10.08-08.39.43:779][  0]LogConfig: Setting CVar [[foliage.DensityScale:1.0]]
[2023.10.08-08.39.43:779][  0]LogConfig: Setting CVar [[grass.DensityScale:1.0]]
[2023.10.08-08.39.43:781][  0]LogConfig: Applying CVar settings from Section [ShadingQuality@3] File [C:/Work/Unreal4/Projects/PingPong/Saved/Config/Windows/Scalability.ini]
[2023.10.08-08.39.43:781][  0]LogConfig: Setting CVar [[r.HairStrands.SkyLighting.IntegrationType:2]]
[2023.10.08-08.39.43:781][  0]LogConfig: Setting CVar [[r.HairStrands.SkyAO.SampleCount:4]]
[2023.10.08-08.39.43:782][  0]LogConfig: Setting CVar [[r.HairStrands.Visibility.MSAA.SamplePerPixel:4]]
[2023.10.08-08.39.43:782][  0]LogConfig: Applying CVar settings from Section [Startup] File [../../../Engine/Config/ConsoleVariables.ini]
[2023.10.08-08.39.43:782][  0]LogConfig: Setting CVar [[net.UseAdaptiveNetUpdateFrequency:0]]
[2023.10.08-08.39.43:782][  0]LogConfig: Setting CVar [[p.chaos.AllowCreatePhysxBodies:1]]
[2023.10.08-08.39.43:782][  0]LogConfig: Setting CVar [[fx.SkipVectorVMBackendOptimizations:1]]
[2023.10.08-08.39.43:783][  0]LogConfig: Applying CVar settings from Section [ConsoleVariables] File [C:/Work/Unreal4/Projects/PingPong/Saved/Config/Windows/Engine.ini]
[2023.10.08-08.39.43:783][  0]LogConfig: Applying CVar settings from Section [ConsoleVariables] File [C:/Work/Unreal4/Projects/PingPong/Saved/Config/Windows/Editor.ini]
[2023.10.08-08.39.43:783][  0]LogInit: Computer: MYMONSTR
[2023.10.08-08.39.43:783][  0]LogInit: User: Олег
[2023.10.08-08.39.43:785][  0]LogInit: CPU Page size=4096, Cores=6
[2023.10.08-08.39.43:785][  0]LogInit: High frequency timer resolution =10.000000 MHz
[2023.10.08-08.39.43:785][  0]LogMemory: Memory total: Physical=31.9GB (32GB approx)
[2023.10.08-08.39.43:785][  0]LogMemory: Platform Memory Stats for Windows
[2023.10.08-08.39.43:786][  0]LogMemory: Process Physical Memory: 138.94 MB used, 138.94 MB peak
[2023.10.08-08.39.43:786][  0]LogMemory: Process Virtual Memory: 121.54 MB used, 121.54 MB peak
[2023.10.08-08.39.43:786][  0]LogMemory: Physical Memory: 12885.65 MB used,  19792.87 MB free, 32678.52 MB total
[2023.10.08-08.39.43:786][  0]LogMemory: Virtual Memory: 134198816.00 MB used,  18915.81 MB free, 134217728.00 MB total
[2023.10.08-08.39.43:789][  0]LogWindows: WindowsPlatformFeatures disabled or dedicated server build
[2023.10.08-08.39.43:795][  0]LogInit: Physics initialised using underlying interface: PhysX
[2023.10.08-08.39.43:795][  0]LogInit: Using OS detected language (ru-RU).
[2023.10.08-08.39.43:795][  0]LogInit: Using OS detected locale (ru-RU).
[2023.10.08-08.39.43:798][  0]LogTextLocalizationManager: No specific localization for 'ru-RU' exists, so the 'ru' localization will be used.
[2023.10.08-08.39.43:801][  0]LogTextLocalizationResource: LocRes '../../../Engine/Content/Localization/Editor/ru/Editor.locres' could not be opened for reading!
[2023.10.08-08.39.43:801][  0]LogTextLocalizationResource: LocRes '../../../Engine/Content/Localization/EditorTutorials/ru/EditorTutorials.locres' could not be opened for reading!
[2023.10.08-08.39.43:801][  0]LogTextLocalizationResource: LocRes '../../../Engine/Content/Localization/Keywords/ru/Keywords.locres' could not be opened for reading!
[2023.10.08-08.39.43:802][  0]LogTextLocalizationResource: LocRes '../../../Engine/Content/Localization/Category/ru/Category.locres' could not be opened for reading!
[2023.10.08-08.39.43:802][  0]LogTextLocalizationResource: LocRes '../../../Engine/Content/Localization/ToolTips/ru/ToolTips.locres' could not be opened for reading!
[2023.10.08-08.39.43:802][  0]LogTextLocalizationResource: LocRes '../../../Engine/Content/Localization/PropertyNames/ru/PropertyNames.locres' could not be opened for reading!
[2023.10.08-08.39.43:802][  0]LogTextLocalizationResource: LocRes '../../../Engine/Content/Localization/Engine/ru/Engine.locres' could not be opened for reading!
[2023.10.08-08.39.43:999][  0]LogTargetPlatformManager: Display: Loaded TargetPlatform 'WindowsNoEditor'
[2023.10.08-08.39.44:002][  0]LogTargetPlatformManager: Display: Loaded TargetPlatform 'Windows'
[2023.10.08-08.39.44:003][  0]LogTargetPlatformManager: Display: Loaded TargetPlatform 'WindowsClient'
[2023.10.08-08.39.44:006][  0]LogTargetPlatformManager: Display: Loaded TargetPlatform 'WindowsServer'
[2023.10.08-08.39.44:006][  0]LogTargetPlatformManager: Display: Building Assets For Windows
[2023.10.08-08.39.44:008][  0]LogAudioDebug: Display: Lib vorbis DLL was dynamically loaded.
[2023.10.08-08.39.44:018][  0]LogTextureFormatOodle: Display: Oodle Texture 2.9.0 init RDO Off
[2023.10.08-08.39.44:027][  0]LogRendererCore: Ray tracing is disabled. Reason: r.RayTracing=0.
[2023.10.08-08.39.44:027][  0]LogShaderCompilers: Guid format shader working directory is -4 characters bigger than the processId version (../../../../../../Work/Unreal4/Projects/PingPong/Intermediate/Shaders/WorkingDirectory/10016/).
[2023.10.08-08.39.44:029][  0]LogShaderCompilers: Cleaned the shader compiler working directory 'C:/Users/Олег/AppData/Local/Temp/UnrealShaderWorkingDir/B4C23CC845676709041F8D934DB176E7/'.
[2023.10.08-08.39.44:029][  0]LogXGEController: Cannot use XGE Controller as Incredibuild is not installed on this machine.
[2023.10.08-08.39.44:030][  0]LogShaderCompilers: Cannot use XGE Shader Compiler as Incredibuild is not installed on this machine.
[2023.10.08-08.39.44:030][  0]LogShaderCompilers: Display: Using Local Shader Compiler.
[2023.10.08-08.39.44:455][  0]LogDerivedDataCache: Display: Max Cache Size: 512 MB
[2023.10.08-08.39.44:507][  0]LogDerivedDataCache: Loaded boot cache 0.05s 94MB C:/Users/Олег/AppData/Local/UnrealEngine/4.27/DerivedDataCache/Boot.ddc.
[2023.10.08-08.39.44:507][  0]LogDerivedDataCache: Display: Loaded Boot cache: C:/Users/Олег/AppData/Local/UnrealEngine/4.27/DerivedDataCache/Boot.ddc
[2023.10.08-08.39.44:508][  0]LogDerivedDataCache: FDerivedDataBackendGraph:  Pak pak cache file ../../../../../../Work/Unreal4/Projects/PingPong/DerivedDataCache/DDC.ddp not found, will not use a pak cache.
[2023.10.08-08.39.44:509][  0]LogDerivedDataCache: Unable to find inner node Pak for hierarchical cache Hierarchy.
[2023.10.08-08.39.44:509][  0]LogDerivedDataCache: FDerivedDataBackendGraph:  CompressedPak pak cache file ../../../../../../Work/Unreal4/Projects/PingPong/DerivedDataCache/Compressed.ddp not found, will not use a pak cache.
[2023.10.08-08.39.44:509][  0]LogDerivedDataCache: Unable to find inner node CompressedPak for hierarchical cache Hierarchy.
[2023.10.08-08.39.44:523][  0]LogDerivedDataCache: Display: Pak cache opened for reading ../../../Engine/DerivedDataCache/Compressed.ddp.
[2023.10.08-08.39.44:523][  0]LogDerivedDataCache: FDerivedDataBackendGraph:  EnterprisePak pak cache file ../../../Enterprise/DerivedDataCache/Compressed.ddp not found, will not use a pak cache.
[2023.10.08-08.39.44:523][  0]LogDerivedDataCache: Unable to find inner node EnterprisePak for hierarchical cache Hierarchy.
[2023.10.08-08.39.44:529][  0]LogDerivedDataCache: Speed tests for C:/Users/Олег/AppData/Local/UnrealEngine/Common/DerivedDataCache took 0.00 seconds
[2023.10.08-08.39.44:529][  0]LogDerivedDataCache: Display: Performance to C:/Users/Олег/AppData/Local/UnrealEngine/Common/DerivedDataCache: Latency=0.02ms. RandomReadSpeed=1521.83MBs, RandomWriteSpeed=258.60MBs. Assigned SpeedClass 'Local'
[2023.10.08-08.39.44:530][  0]LogDerivedDataCache: Using Local data cache path C:/Users/Олег/AppData/Local/UnrealEngine/Common/DerivedDataCache: Writable
[2023.10.08-08.39.44:530][  0]LogDerivedDataCache: Shared data cache path not found in *engine.ini, will not use an Shared cache.
[2023.10.08-08.39.44:530][  0]LogDerivedDataCache: Unable to find inner node Shared for hierarchical cache Hierarchy.
[2023.10.08-08.39.44:531][  0]LogInit: Using OS detected language (ru-RU).
[2023.10.08-08.39.44:531][  0]LogInit: Using OS detected locale (ru-RU).
[2023.10.08-08.39.44:533][  0]LogTextLocalizationManager: No localization for 'ru-RU' exists, so 'en' will be used for the language.
[2023.10.08-08.39.44:533][  0]LogTextLocalizationManager: No localization for 'ru-RU' exists, so 'en' will be used for the locale.
[2023.10.08-08.39.44:536][  0]LogAssetRegistry: FAssetRegistry took 0.0023 seconds to start up
[2023.10.08-08.39.44:686][  0]LogTextLocalizationManager: Compacting localization data took   0.00ms
[2023.10.08-08.39.44:686][  0]LogPackageLocalizationCache: Processed 27 localized package path(s) for 1 prioritized culture(s) in 0.000738 seconds
[2023.10.08-08.39.44:742][  0]LogInit: Selected Device Profile: [Windows]
[2023.10.08-08.39.44:742][  0]LogInit: Active device profile: [00000231BB238F00][00000231B6179180 49] Windows
[2023.10.08-08.39.44:742][  0]LogInit: Profiles: [00000231BB238F00][00000231B6179180 49] Windows, [00000231BB21A500][00000231B6FB9440 49] WindowsNoEditor, [00000231BB238500][00000231B6FBD700 49] WindowsServer, [00000231BB21BF00][00000231B6FC19C0 49] WindowsClient, [00000231BB238B00][00000231B6FC4100 49] IOS, [00000231BB218900][00000231B6FAE380 49] iPadAir, [00000231BB238800][00000231B6FC8600 49] iPadAir2, [00000231B8C50400][00000231B6FE6B40 49] IPadPro, [00000231B8C50500][00000231B6FD0B80 49] iPadAir3, [00000231BB294A00][00000231B6FDEE40 49] iPadAir4, [00000231B8C53800][00000231B6FDB100 49] iPadMini2, [00000231BB23B600][00000231B6FE33C0 49] iPadMini3, [00000231B8C53B00][00000231B6FF1680 49] iPadMini4, [00000231BB239300][00000231B6FF5940 49] iPadMini5, [00000231BB1E1400][00000231B7008300 49] iPhone6, [00000231BB1E1500][00000231B6FF8340 49] iPodTouch6, [00000231BB226100][00000231B700C800 49] iPhone7, [00000231BB226200][00000231B6FCC840 49] iPodTouch7, [00000231BB1E2400][00000231B7004B00 49] iPhone5S, [00000231BB227200][00000231B6FFCDC0 49] iPhone6Plus, [00000231BB1E2200][00000231B7011080 49] iPhone6S, [00000231BB226D00][00000231B7015340 49] iPhone6SPlus, [00000231BB1E2700][00000231B7019600 49] iPhone7Plus, [00000231BB224200][00000231B701D8C0 49] iPhoneSE, [00000231BB1E2D00][00000231B7021B80 49] iPhone8, [00000231BB227A00][00000231B70242C0 49] iPhone8Plus, [00000231BB1E2600][00000231B7028580 49] iPhoneX, [00000231BB226300][00000231B7000800 49] iPhoneXS, [00000231BB1E3A00][00000231B7030AC0 49] iPhoneXSMax, [00000231BB225800][00000231B7034D80 49] iPhoneXR, [00000231BB1E1900][00000231B7039040 49] iPhone11, [00000231BB226C00][00000231B703D300 49] iPhone11Pro, [00000231BB1E3C00][00000231B70415C0 49] iPhone11ProMax, [00000231BB225600][00000231B7045880 49] iPhoneSE2, [00000231BB1E1100][00000231B7049B40 49] iPhone12Mini, [00000231BB225200][00000231B704C280 49] iPhone12, [00000231BB1E3E00][00000231BB5D0540 49] iPhone12Pro, [00000231BB225400][00000231B702C7C0 49] iPhone12ProMax, [00000231BB1E1300][00000231BB5D4A40 49] iPadPro105, [00000231BB224F00][00000231BB5DCD00 49] iPadPro129, [00000231BB1E3600][00000231BB5E0FC0 49] iPadPro97, [00000231BB225E00][00000231BB5E5280 49] iPadPro2_129, [00000231BB1E3B00][00000231BB5E9540 49] iPad5, [00000231BB224B00][00000231BB5ED800 49] iPad6, [00000231BB1E1600][00000231BB5F1AC0 49] iPad7, [00000231BB226000][00000231BB5F4200 49] iPad8, [00000231BB1E0500][00000231BB5F84C0 49] iPadPro11, [00000231BB225900][00000231BB5FC780 49] iPadPro2_11, [00000231BB1E3000][00000231BB5D8A00 49] iPadPro3_129, [00000231BB226500][00000231BB600C80 49] iPadPro4_129, [00000231BB1E1C00][00000231BB608F40 49] AppleTV, [00000231BB225300][00000231BB60D200 49] AppleTV4K, [00000231BB1E3100][00000231BB6114C0 49] TVOS, [00000231BB225500][00000231BB615780 49] Mac, [00000231BB1E1200][00000231BB619A40 49] MacClient, [00000231BB224E00][00000231BB61C180 49] MacNoEditor, [00000231BB1E0100][00000231BB620440 49] MacServer, [00000231B8C51200][00000231BB624700 49] Linux, [00000231BB219200][00000231BB6289C0 49] LinuxAArch64, [00000231B8C52300][00000231BB604C40 49] LinuxNoEditor, [00000231BB21AC00][00000231BB62CEC0 49] LinuxAArch64NoEditor, [00000231B8C50C00][00000231BB635180 49] LinuxClient, [00000231BB218300][00000231BB639440 49] LinuxAArch64Client, [00000231B8C53100][00000231BB63D700 49] LinuxServer, [00000231BB219300][00000231BB6419C0 49] LinuxAArch64Server, [00000231B8C52A00][00000231BB644100 49] Android, [00000231BB219400][00000231BB6483C0 49] Android_Low, [00000231B8C53200][00000231BB64C680 49] Android_Mid, [00000231BB21B800][00000231BB650940 49] Android_High, [00000231B8C53D00][00000231BB654C00 49] Android_Default, [00000231BB219700][00000231BB630E80 49] Android_Adreno4xx, [00000231B8C52F00][00000231BB659100 49] Android_Adreno5xx_Low, [00000231BB21A800][00000231BB6613C0 49] Android_Adreno5xx, [00000231B8C53900][00000231BB665680 49] Android_Adreno6xx, [00000231BB21A200][00000231BB669940 49] Android_Adreno6xx_Vulkan, [00000231B8C50E00][00000231BB66DC00 49] Android_Mali_T6xx, [00000231BB21A000][00000231BB670340 49] Android_Mali_T7xx, [00000231B8C52700][00000231BB674600 49] Android_Mali_T8xx, [00000231BB1E3D00][00000231BB6788C0 49] Android_Mali_G71, [00000231B8C52E00][00000231BB67CB80 49] Android_Mali_G72, [00000231BB1E2500][00000231BB680E40 49] Android_Mali_G72_Vulkan, [00000231B8C51F00][00000231BB65D0C0 49] Android_Mali_G76, [00000231BB1E3300][00000231BB685340 49] Android_Mali_G76_Vulkan, [00000231B8C51100][00000231BB68D600 49] Android_Mali_G77, [00000231BB1E3800][00000231BB6918C0 49] Android_Mali_G77_Vulkan, [00000231B8C52400][00000231BB695B80 49] Android_Mali_G78, [00000231BB1E1B00][00000231BB6982C0 49] Android_Mali_G78_Vulkan, [00000231B8C50F00][00000231BB69C580 49] Android_Mali_G710, [00000231BB1E2C00][00000231BB6A0840 49] Android_Mali_G710_Vulkan, [00000231B8C50100][00000231BB6A4B00 49] Android_Vulkan_SM5, [00000231BB1E3900][00000231BB6A8DC0 49] Android_PowerVR_G6xxx, [00000231B8C50B00][00000231BB6AD080 49] Android_PowerVR_GT7xxx, [00000231BB1E0D00][00000231BB689300 49] Android_PowerVR_GE8xxx, [00000231B8C53400][00000231BB6B1580 49] Android_PowerVR_GM9xxx, [00000231BB1E3200][00000231BB6B9840 49] Android_PowerVR_GM9xxx_Vulkan, [00000231B8C51600][00000231BB6BDB00 49] Android_TegraK1, [00000231BB1E2B00][00000231BB6C0240 49] Android_Unknown_Vulkan, [00000231B8C50200][00000231BB6C4500 49] Lumin, [00000231BB1E2300][00000231BB6C87C0 49] Lumin_Desktop, [00000231B8C50800][00000231BB6CCA80 49] HoloLens, 
[2023.10.08-08.39.44:757][  0]LogMeshReduction: Using QuadricMeshReduction for automatic static mesh reduction
[2023.10.08-08.39.44:758][  0]LogMeshReduction: Using SimplygonMeshReduction for automatic skeletal mesh reduction
[2023.10.08-08.39.44:758][  0]LogMeshReduction: Using ProxyLODMeshReduction for automatic mesh merging
[2023.10.08-08.39.44:758][  0]LogMeshReduction: No distributed automatic mesh merging module available
[2023.10.08-08.39.44:758][  0]LogMeshMerging: No distributed automatic mesh merging module available
[2023.10.08-08.39.44:766][  0]LogNetVersion: PingPong 1.0.0, NetCL: 17155196, EngineNetVer: 17, GameNetVer: 0 (Checksum: 166094971)
[2023.10.08-08.39.44:837][  0]LogTexture: Default maximum texture size for cubemaps generated from long-lat sources has been changed from 512 to unlimited. In order to preserve old behaiour for '/Engine/MapTemplates/Sky/DaylightAmbientCubemap.DaylightAmbientCubemap', its maximum texture size has been explicitly set to 512.
[2023.10.08-08.39.44:848][  0]LogHMD: PokeAHoleMaterial loaded successfully
[2023.10.08-08.39.44:893][  0]LogPython: Using Python 3.7.7
[2023.10.08-08.39.45:200][  0]LogNiagaraDebuggerClient: Niagara Debugger Client Initialized | Session: 4DDA66074AE683D1EAD48E93ACB02393 | Instance: 7DAD821940E869EA34A0DD9B08C80A4A (MYMONSTR-10016).
[2023.10.08-08.39.45:211][  0]LogCollectionManager: Loaded 0 collections in 0.001431 seconds
[2023.10.08-08.39.45:214][  0]LogFileCache: Scanning file cache for directory 'C:/Work/Unreal4/Projects/PingPong/Saved/Collections/' took 0.00s
[2023.10.08-08.39.45:214][  0]LogFileCache: Scanning file cache for directory 'C:/Work/Unreal4/Projects/PingPong/Content/Developers/Олег/Collections/' took 0.00s
[2023.10.08-08.39.45:214][  0]LogFileCache: Scanning file cache for directory 'C:/Work/Unreal4/Projects/PingPong/Content/Collections/' took 0.00s
[2023.10.08-08.39.45:214][  0]LogCollectionManager: Fixed up redirectors for 0 collections in 0.000001 seconds (updated 0 objects)
[2023.10.08-08.39.45:265][  0]LogTcpMessaging: Initializing TcpMessaging bridge
[2023.10.08-08.39.45:266][  0]LogUdpMessaging: Initializing bridge on interface 0.0.0.0:0 to multicast group 230.0.0.1:6666.
[2023.10.08-08.39.45:296][  0]SourceControl: Source control is disabled
[2023.10.08-08.39.45:297][  0]SourceControl: Source control is disabled
[2023.10.08-08.39.45:298][  0]SourceControl: Source control is disabled
[2023.10.08-08.39.45:299][  0]LogUProjectInfo: Found projects:
[2023.10.08-08.39.45:344][  0]LogOpenImageDenoise: OIDN starting up
[2023.10.08-08.39.45:366][  0]LogAndroidPermission: UAndroidPermissionCallbackProxy::GetInstance
[2023.10.08-08.39.45:379][  0]LogAudioCaptureCore: Display: No Audio Capture implementations found. Audio input will be silent.
[2023.10.08-08.39.45:379][  0]LogAudioCaptureCore: Display: No Audio Capture implementations found. Audio input will be silent.
[2023.10.08-08.39.45:431][  0]LogOcInput: OculusInput pre-init called
[2023.10.08-08.39.45:439][  0]LogUObjectArray: 21886 objects as part of root set at end of initial load.
[2023.10.08-08.39.45:439][  0]LogUObjectAllocator: 5893904 out of 0 bytes used by permanent object pool.
[2023.10.08-08.39.45:440][  0]LogUObjectArray: CloseDisregardForGC: 0/0 objects in disregard for GC pool
[2023.10.08-08.39.45:471][  0]LogEngine: Initializing Engine...
[2023.10.08-08.39.45:472][  0]LogStats: UGameplayTagsManager::InitializeManager -  0.000 s
[2023.10.08-08.39.45:483][  0]LogInit: Initializing FReadOnlyCVARCache
[2023.10.08-08.39.45:483][  0]LogNetVersion: Set ProjectVersion to 1.0.0.0. Version Checksum will be recalculated on next use.
[2023.10.08-08.39.45:483][  0]LogInit: Texture streaming: Disabled
[2023.10.08-08.39.45:509][  0]LogInit: Display: Game Engine Initialized.
[2023.10.08-08.39.45:510][  0]LogNiagaraEditor: GEditor isn't valid! Particle reset commands will not work for Niagara components!
[2023.10.08-08.39.45:570][  0]LogInit: Display: Starting Game.
[2023.10.08-08.39.45:570][  0]LogNet: Browse: /Game/Start/StartLevel?Name=Player
[2023.10.08-08.39.45:571][  0]LogLoad: LoadMap: /Game/Start/StartLevel?Name=Player
[2023.10.08-08.39.45:571][  0]LogWorld: BeginTearingDown for /Temp/Untitled_0
[2023.10.08-08.39.45:574][  0]LogWorld: UWorld::CleanupWorld for Untitled, bSessionEnded=true, bCleanupResources=true
[2023.10.08-08.39.45:587][  0]LogUObjectHash: Compacting FUObjectHashTables data took   0.63ms
[2023.10.08-08.39.45:624][  0]LogAIModule: Creating AISystem for world StartLevel
[2023.10.08-08.39.45:624][  0]LogLoad: Game class is 'StartGameModeBase_C'
[2023.10.08-08.39.45:625][  0]LogNet: ReplicationDriverClass is null! Not using ReplicationDriver.
[2023.10.08-08.39.45:625][  0]LogNetCore: DDoS detection status: detection enabled: 0 analytics enabled: 0
[2023.10.08-08.39.45:626][  0]LogInit: WinSock: Socket queue. Rx: 131072 (config 131072) Tx: 131072 (config 131072)
[2023.10.08-08.39.45:626][  0]LogNet: Created socket for bind address: 0.0.0.0 on port 17777
[2023.10.08-08.39.45:626][  0]PacketHandlerLog: Loaded PacketHandler component: Engine.EngineHandlerComponentFactory (StatelessConnectHandlerComponent)
[2023.10.08-08.39.45:626][  0]LogNet: GameNetDriver IpNetDriver_0 IpNetDriver listening on port 17777
[2023.10.08-08.39.45:627][  0]LogWorld: Bringing World /Game/Start/StartLevel.StartLevel up for play (max tick rate 30) at 2023.10.08-11.39.45
[2023.10.08-08.39.45:627][  0]LogWorld: Bringing up level for play took: 0.000313
[2023.10.08-08.39.45:627][  0]LogLoad: Took 0.056247 seconds to LoadMap(/Game/Start/StartLevel)
[2023.10.08-08.39.45:637][  0]LogInit: Display: Engine is initialized. Leaving FEngineLoop::Init()
[2023.10.08-08.39.45:638][  0]LogLoad: (Engine Initialization) Total time: 4.16 seconds
[2023.10.08-08.39.45:638][  0]LogLoad: (Engine Initialization) Total Blueprint compile time: 0.00 seconds
[2023.10.08-08.39.46:750][ 32]LogNet: NotifyAcceptingConnection accepted from: 127.0.0.1:50776
[2023.10.08-08.39.46:750][ 32]LogHandshake: SendConnectChallenge. Timestamp: 1.111249, Cookie: 211177048042026221215208068187166015121195212221250138016134
[2023.10.08-08.39.46:750][ 32]LogNet: NotifyAcceptingConnection accepted from: 127.0.0.1:50777
[2023.10.08-08.39.46:751][ 32]LogHandshake: SendConnectChallenge. Timestamp: 1.111249, Cookie: 035245006091081140213072156098100131171179037020139196002078
[2023.10.08-08.39.46:751][ 32]LogNet: NotifyAcceptingConnection accepted from: 127.0.0.1:50776
[2023.10.08-08.39.46:752][ 32]LogHandshake: SendChallengeAck. InCookie: 211177048042026221215208068187166015121195212221250138016134
[2023.10.08-08.39.46:752][ 32]LogNet: Server accepting post-challenge connection from: 127.0.0.1:50776
[2023.10.08-08.39.46:752][ 32]PacketHandlerLog: Loaded PacketHandler component: Engine.EngineHandlerComponentFactory (StatelessConnectHandlerComponent)
[2023.10.08-08.39.46:752][ 32]LogNet: NotifyAcceptedConnection: Name: StartLevel, TimeStamp: 10/08/23 11:39:46, [UNetConnection] RemoteAddr: 127.0.0.1:50776, Name: IpConnection_0, Driver: GameNetDriver IpNetDriver_0, IsServer: YES, PC: NULL, Owner: NULL, UniqueId: INVALID
[2023.10.08-08.39.46:754][ 32]LogNet: AddClientConnection: Added client connection: [UNetConnection] RemoteAddr: 127.0.0.1:50776, Name: IpConnection_0, Driver: GameNetDriver IpNetDriver_0, IsServer: YES, PC: NULL, Owner: NULL, UniqueId: INVALID
[2023.10.08-08.39.46:754][ 32]LogNet: NotifyAcceptingConnection accepted from: 127.0.0.1:50777
[2023.10.08-08.39.46:754][ 32]LogHandshake: SendChallengeAck. InCookie: 035245006091081140213072156098100131171179037020139196002078
[2023.10.08-08.39.46:755][ 32]LogNet: Server accepting post-challenge connection from: 127.0.0.1:50777
[2023.10.08-08.39.46:755][ 32]PacketHandlerLog: Loaded PacketHandler component: Engine.EngineHandlerComponentFactory (StatelessConnectHandlerComponent)
[2023.10.08-08.39.46:757][ 32]LogNet: NotifyAcceptedConnection: Name: StartLevel, TimeStamp: 10/08/23 11:39:46, [UNetConnection] RemoteAddr: 127.0.0.1:50777, Name: IpConnection_1, Driver: GameNetDriver IpNetDriver_0, IsServer: YES, PC: NULL, Owner: NULL, UniqueId: INVALID
[2023.10.08-08.39.46:757][ 32]LogNet: AddClientConnection: Added client connection: [UNetConnection] RemoteAddr: 127.0.0.1:50777, Name: IpConnection_1, Driver: GameNetDriver IpNetDriver_0, IsServer: YES, PC: NULL, Owner: NULL, UniqueId: INVALID
[2023.10.08-08.39.46:757][ 32]LogNet: NotifyAcceptingChannel Control 0 server World /Game/Start/StartLevel.StartLevel: Accepted
[2023.10.08-08.39.46:758][ 32]LogNet: Remote platform little endian=1
[2023.10.08-08.39.46:758][ 32]LogNet: This platform little endian=1
[2023.10.08-08.39.46:758][ 32]LogNetVersion: PingPong 1.0.0.0, NetCL: 17155196, EngineNetVer: 17, GameNetVer: 0 (Checksum: 2744900490)
[2023.10.08-08.39.46:759][ 32]LogNet: NotifyAcceptingChannel Control 0 server World /Game/Start/StartLevel.StartLevel: Accepted
[2023.10.08-08.39.46:759][ 32]LogNet: Remote platform little endian=1
[2023.10.08-08.39.46:759][ 32]LogNet: This platform little endian=1
[2023.10.08-08.39.46:760][ 32]LogNet: Login request: ?Name=MyMonstr-97BDD916465AA8A201EA9B9E1AFBFF6F userId: NULL:MyMonstr-97BDD916465AA8A201EA9B9E1AFBFF6F platform: NULL
[2023.10.08-08.39.46:760][ 32]LogNet: Login request: ?Name=MyMonstr-6ED544ED40079A1894498FBCC60C9E0A userId: NULL:MyMonstr-6ED544ED40079A1894498FBCC60C9E0A platform: NULL
[2023.10.08-08.39.46:816][ 34]LogNet: Client netspeed is 100000
[2023.10.08-08.39.46:816][ 34]LogNet: Join request: /Game/Start/StartLevel?Name=MyMonstr-6ED544ED40079A1894498FBCC60C9E0A?SplitscreenCount=1
[2023.10.08-08.39.46:818][ 34]LogScript: Warning: Accessed None trying to read property CallFunc_Create_ReturnValue
	StartPlayerController_C /Game/Start/StartLevel.StartLevel:PersistentLevel.StartPlayerController_C_0
	Function /Game/Start/StartPlayerController.StartPlayerController_C:ExecuteUbergraph_StartPlayerController:0049
[2023.10.08-08.39.46:818][ 34]LogScript: Warning: Script call stack:
	Function /Game/Start/StartPlayerController.StartPlayerController_C:ReceiveBeginPlay
	Function /Game/Start/StartPlayerController.StartPlayerController_C:ExecuteUbergraph_StartPlayerController

[2023.10.08-08.39.46:818][ 34]LogOnlineSession: Warning: OSS: No game present to join for session (GameSession)
[2023.10.08-08.39.46:819][ 34]LogGameMode: FindPlayerStart: PATHS NOT DEFINED or NO PLAYERSTART with positive rating
[2023.10.08-08.39.46:822][ 34]LogNet: Join succeeded: MyMonstr-6ED544ED400
[2023.10.08-08.39.46:822][ 34]LogNet: Client netspeed is 100000
[2023.10.08-08.39.46:823][ 34]LogNet: Join request: /Game/Start/StartLevel?Name=MyMonstr-97BDD916465AA8A201EA9B9E1AFBFF6F?SplitscreenCount=1
[2023.10.08-08.39.46:824][ 34]LogScript: Warning: Accessed None trying to read property CallFunc_Create_ReturnValue
	StartPlayerController_C /Game/Start/StartLevel.StartLevel:PersistentLevel.StartPlayerController_C_1
	Function /Game/Start/StartPlayerController.StartPlayerController_C:ExecuteUbergraph_StartPlayerController:0049
[2023.10.08-08.39.46:827][ 34]LogScript: Warning: Script call stack:
	Function /Game/Start/StartPlayerController.StartPlayerController_C:ReceiveBeginPlay
	Function /Game/Start/StartPlayerController.StartPlayerController_C:ExecuteUbergraph_StartPlayerController

[2023.10.08-08.39.46:828][ 34]LogOnlineSession: Warning: OSS: No game present to join for session (GameSession)
[2023.10.08-08.39.46:829][ 34]LogGameMode: FindPlayerStart: PATHS NOT DEFINED or NO PLAYERSTART with positive rating
[2023.10.08-08.39.46:830][ 34]LogNet: Join succeeded: MyMonstr-97BDD916465
[2023.10.08-08.39.47:750][ 62]LogNet: UChannel::ReceivedSequencedBunch: Bunch.bClose == true. ChIndex == 0. Calling ConditionalCleanUp.
[2023.10.08-08.39.47:750][ 62]LogNet: UChannel::CleanUp: ChIndex == 0. Closing connection. [UChannel] ChIndex: 0, Closing: 0 [UNetConnection] RemoteAddr: 127.0.0.1:50776, Name: IpConnection_0, Driver: GameNetDriver IpNetDriver_0, IsServer: YES, PC: StartPlayerController_C_1, Owner: StartPlayerController_C_1, UniqueId: NULL:MyMonstr-97BDD916465AA8A201EA9B9E1AFBFF6F
[2023.10.08-08.39.47:750][ 62]LogNet: UNetConnection::Close: [UNetConnection] RemoteAddr: 127.0.0.1:50776, Name: IpConnection_0, Driver: GameNetDriver IpNetDriver_0, IsServer: YES, PC: StartPlayerController_C_1, Owner: StartPlayerController_C_1, UniqueId: NULL:MyMonstr-97BDD916465AA8A201EA9B9E1AFBFF6F, Channels: 10, Time: 2023.10.08-08.39.47
[2023.10.08-08.39.47:750][ 62]LogNet: UChannel::Close: Sending CloseBunch. ChIndex == 0. Name: [UChannel] ChIndex: 0, Closing: 0 [UNetConnection] RemoteAddr: 127.0.0.1:50776, Name: IpConnection_0, Driver: GameNetDriver IpNetDriver_0, IsServer: YES, PC: StartPlayerController_C_1, Owner: StartPlayerController_C_1, UniqueId: NULL:MyMonstr-97BDD916465AA8A201EA9B9E1AFBFF6F
[2023.10.08-08.39.47:751][ 62]LogOnlineSession: Warning: OSS: No game present to leave for session (GameSession)
[2023.10.08-08.40.11:500][775]LogNet: UChannel::ReceivedSequencedBunch: Bunch.bClose == true. ChIndex == 0. Calling ConditionalCleanUp.
[2023.10.08-08.40.11:501][775]LogNet: UChannel::CleanUp: ChIndex == 0. Closing connection. [UChannel] ChIndex: 0, Closing: 0 [UNetConnection] RemoteAddr: 127.0.0.1:50777, Name: IpConnection_1, Driver: GameNetDriver IpNetDriver_0, IsServer: YES, PC: StartPlayerController_C_0, Owner: StartPlayerController_C_0, UniqueId: NULL:MyMonstr-6ED544ED40079A1894498FBCC60C9E0A
[2023.10.08-08.40.11:501][775]LogNet: UNetConnection::Close: [UNetConnection] RemoteAddr: 127.0.0.1:50777, Name: IpConnection_1, Driver: GameNetDriver IpNetDriver_0, IsServer: YES, PC: StartPlayerController_C_0, Owner: StartPlayerController_C_0, UniqueId: NULL:MyMonstr-6ED544ED40079A1894498FBCC60C9E0A, Channels: 8, Time: 2023.10.08-08.40.11
[2023.10.08-08.40.11:501][775]LogNet: UChannel::Close: Sending CloseBunch. ChIndex == 0. Name: [UChannel] ChIndex: 0, Closing: 0 [UNetConnection] RemoteAddr: 127.0.0.1:50777, Name: IpConnection_1, Driver: GameNetDriver IpNetDriver_0, IsServer: YES, PC: StartPlayerController_C_0, Owner: StartPlayerController_C_0, UniqueId: NULL:MyMonstr-6ED544ED40079A1894498FBCC60C9E0A
[2023.10.08-08.40.11:501][775]LogOnlineSession: Warning: OSS: No game present to leave for session (GameSession)
