Log file open, 10/08/23 11:48:33
LogWindows: Failed to load 'aqProf.dll' (GetLastError=126)
LogWindows: File 'aqProf.dll' does not exist
LogWindows: Failed to load 'VtuneApi.dll' (GetLastError=126)
LogWindows: File 'VtuneApi.dll' does not exist
LogWindows: Failed to load 'VtuneApi32e.dll' (GetLastError=126)
LogWindows: File 'VtuneApi32e.dll' does not exist
LogConsoleResponse: Display: Failed to find resolution value strings in scalability ini. Falling back to default.
LogConsoleResponse: Display: Failed to find resolution value strings in scalability ini. Falling back to default.
LogInit: Display: Running engine for game: PingPong
LogPlatformFile: Not using cached read wrapper
LogTaskGraph: Started task graph with 5 named threads and 17 total threads with 3 sets of task threads.
LogStats: Stats thread started at 0.221188
LogICUInternationalization: ICU TimeZone Detection - Raw Offset: +2:00, Platform Override: ''
LogInit: Display: Loading text-based GConfig....
LogPluginManager: Mounting plugin MeshPainting
LogPluginManager: Mounting plugin XGEController
LogPluginManager: Mounting plugin Paper2D
LogPluginManager: Mounting plugin AISupport
LogPluginManager: Mounting plugin EnvironmentQueryEditor
LogPluginManager: Mounting plugin LiveLink
LogPluginManager: Mounting plugin LightPropagationVolume
LogPluginManager: Mounting plugin CameraShakePreviewer
LogPluginManager: Mounting plugin GameplayCameras
LogPluginManager: Mounting plugin OodleData
LogPluginManager: Mounting plugin OodleNetwork
LogPluginManager: Mounting plugin AnimationSharing
LogPluginManager: Mounting plugin CLionSourceCodeAccess
LogPluginManager: Mounting plugin CodeLiteSourceCodeAccess
LogPluginManager: Mounting plugin GitSourceControl
LogPluginManager: Mounting plugin KDevelopSourceCodeAccess
LogPluginManager: Mounting plugin NullSourceCodeAccess
LogPluginManager: Mounting plugin PerforceSourceControl
LogPluginManager: Mounting plugin PixWinPlugin
LogPluginManager: Mounting plugin PlasticSourceControl
LogPluginManager: Mounting plugin PluginUtils
LogPluginManager: Mounting plugin PropertyAccessNode
LogPluginManager: Mounting plugin RiderSourceCodeAccess
LogPluginManager: Mounting plugin SubversionSourceControl
LogPluginManager: Mounting plugin TextureFormatOodle
LogPluginManager: Mounting plugin UObjectPlugin
LogPluginManager: Mounting plugin VisualStudioCodeSourceCodeAccess
LogPluginManager: Mounting plugin VisualStudioSourceCodeAccess
LogPluginManager: Mounting plugin XCodeSourceCodeAccess
LogPluginManager: Mounting plugin AssetManagerEditor
LogPluginManager: Mounting plugin CryptoKeys
LogPluginManager: Mounting plugin CurveEditorTools
LogPluginManager: Mounting plugin DataValidation
LogPluginManager: Mounting plugin FacialAnimation
LogPluginManager: Mounting plugin GameplayTagsEditor
LogPluginManager: Mounting plugin GeometryMode
LogPluginManager: Mounting plugin MacGraphicsSwitching
LogPluginManager: Mounting plugin MaterialAnalyzer
LogPluginManager: Mounting plugin MobileLauncherProfileWizard
LogPluginManager: Mounting plugin PluginBrowser
LogPluginManager: Mounting plugin SpeedTreeImporter
LogPluginManager: Mounting plugin DatasmithContent
LogPluginManager: Mounting plugin VariantManagerContent
LogPluginManager: Mounting plugin AlembicImporter
LogPluginManager: Mounting plugin AutomationUtils
LogPluginManager: Mounting plugin BackChannel
LogPluginManager: Mounting plugin ChaosCloth
LogPluginManager: Mounting plugin ChaosClothEditor
LogPluginManager: Mounting plugin ChaosEditor
LogPluginManager: Mounting plugin ChaosNiagara
LogPluginManager: Mounting plugin ChaosSolverPlugin
LogPluginManager: Mounting plugin CharacterAI
LogPluginManager: Mounting plugin GeometryCache
LogPluginManager: Mounting plugin GeometryCollectionPlugin
LogPluginManager: Mounting plugin GeometryProcessing
LogPluginManager: Mounting plugin MotoSynth
LogPluginManager: Mounting plugin OpenImageDenoise
LogPluginManager: Mounting plugin PlanarCut
LogPluginManager: Mounting plugin PlatformCrypto
LogPluginManager: Mounting plugin ProxyLODPlugin
LogPluginManager: Mounting plugin PythonScriptPlugin
LogPluginManager: Mounting plugin SkeletalReduction
LogPluginManager: Mounting plugin Niagara
LogPluginManager: Mounting plugin LuminPlatformFeatures
LogPluginManager: Mounting plugin MagicLeap
LogPluginManager: Mounting plugin MagicLeapLightEstimation
LogPluginManager: Mounting plugin MagicLeapMedia
LogPluginManager: Mounting plugin MagicLeapPassableWorld
LogPluginManager: Mounting plugin MLSDK
LogPluginManager: Mounting plugin AndroidMedia
LogPluginManager: Mounting plugin AvfMedia
LogPluginManager: Mounting plugin ImgMedia
LogPluginManager: Mounting plugin MediaCompositing
LogPluginManager: Mounting plugin MediaPlayerEditor
LogPluginManager: Mounting plugin WebMMedia
LogPluginManager: Mounting plugin WmfMedia
LogPluginManager: Mounting plugin TcpMessaging
LogPluginManager: Mounting plugin UdpMessaging
LogPluginManager: Mounting plugin ActorSequence
LogPluginManager: Mounting plugin LevelSequenceEditor
LogPluginManager: Mounting plugin MatineeToLevelSequence
LogPluginManager: Mounting plugin TemplateSequence
LogPluginManager: Mounting plugin OnlineSubsystem
LogPluginManager: Mounting plugin OnlineSubsystemNull
LogPluginManager: Mounting plugin OnlineSubsystemUtils
LogPluginManager: Mounting plugin LauncherChunkInstaller
LogPluginManager: Mounting plugin ActorLayerUtilities
LogPluginManager: Mounting plugin AndroidDeviceProfileSelector
LogPluginManager: Mounting plugin AndroidMoviePlayer
LogPluginManager: Mounting plugin AndroidPermission
LogPluginManager: Mounting plugin AppleImageUtils
LogPluginManager: Mounting plugin AppleMoviePlayer
LogPluginManager: Mounting plugin ArchVisCharacter
LogPluginManager: Mounting plugin AssetTags
LogPluginManager: Mounting plugin AudioCapture
LogPluginManager: Mounting plugin AudioSynesthesia
LogPluginManager: Mounting plugin CableComponent
LogPluginManager: Mounting plugin ChunkDownloader
LogPluginManager: Mounting plugin CustomMeshComponent
LogPluginManager: Mounting plugin EditableMesh
LogPluginManager: Mounting plugin ExampleDeviceProfileSelector
LogPluginManager: Mounting plugin GoogleCloudMessaging
LogPluginManager: Mounting plugin GooglePAD
LogPluginManager: Mounting plugin IOSDeviceProfileSelector
LogPluginManager: Mounting plugin LinuxDeviceProfileSelector
LogPluginManager: Mounting plugin LocationServicesBPLibrary
LogPluginManager: Mounting plugin MobilePatchingUtils
LogPluginManager: Mounting plugin OpenXR
LogPluginManager: Mounting plugin OpenXREyeTracker
LogPluginManager: Mounting plugin OpenXRHandTracking
LogPluginManager: Mounting plugin PhysXVehicles
LogPluginManager: Mounting plugin PostSplashScreen
LogPluginManager: Mounting plugin ProceduralMeshComponent
LogPluginManager: Mounting plugin PropertyAccessEditor
LogPluginManager: Mounting plugin RuntimePhysXCooking
LogPluginManager: Mounting plugin SignificanceManager
LogPluginManager: Mounting plugin SoundFields
LogPluginManager: Mounting plugin Synthesis
LogPluginManager: Mounting plugin WebMMoviePlayer
LogPluginManager: Mounting plugin WindowsMoviePlayer
LogPluginManager: Mounting plugin ScreenshotTools
LogPluginManager: Mounting plugin Takes
LogPluginManager: Mounting plugin ContentBrowserAssetDataSource
LogPluginManager: Mounting plugin ContentBrowserClassDataSource
LogPluginManager: Mounting plugin ContentBrowserFileDataSource
LogPluginManager: Mounting plugin OnlineSubsystemGooglePlay
LogPluginManager: Mounting plugin OnlineSubsystemIOS
LogPluginManager: Mounting plugin OculusVR
LogPluginManager: Mounting plugin SteamVR
PixWinPlugin: PIX capture plugin failed to initialize! Check that the process is launched from PIX.
LogInit: Using libcurl 7.55.1-DEV
LogInit:  - built for x86_64-pc-win32
LogInit:  - supports SSL with OpenSSL/1.1.1
LogInit:  - supports HTTP deflate (compression) using libz 1.2.8
LogInit:  - other features:
LogInit:      CURL_VERSION_SSL
LogInit:      CURL_VERSION_LIBZ
LogInit:      CURL_VERSION_IPV6
LogInit:      CURL_VERSION_ASYNCHDNS
LogInit:      CURL_VERSION_LARGEFILE
LogInit:      CURL_VERSION_IDN
LogInit:  CurlRequestOptions (configurable via config and command line):
LogInit:  - bVerifyPeer = true  - Libcurl will verify peer certificate
LogInit:  - bUseHttpProxy = false  - Libcurl will NOT use HTTP proxy
LogInit:  - bDontReuseConnections = false  - Libcurl will reuse connections
LogInit:  - MaxHostConnections = 16  - Libcurl will limit the number of connections to a host
LogInit:  - LocalHostAddr = Default
LogInit:  - BufferSize = 65536
LogOnline: OSS: Creating online subsystem instance for: NULL
LogInit: WinSock: version 1.1 (2.2), MaxSocks=32767, MaxUdp=65467
LogOnline: OSS: TryLoadSubsystemAndSetDefault: Loaded subsystem for module [NULL]
LogInit: Build: ++UE4+Release-4.27-CL-18319896
LogInit: Engine Version: 4.27.2-18319896+++UE4+Release-4.27
LogInit: Compatible Engine Version: 4.27.0-17155196+++UE4+Release-4.27
LogInit: Net CL: 17155196
LogInit: OS: Windows 10 (Release 2009) (), CPU: AMD Ryzen 5 5600X 6-Core Processor             , GPU: AMD Radeon RX 6700 XT
LogInit: Compiled (64-bit): Nov 30 2021 07:12:08
LogInit: Compiled with Visual C++: 19.24.28315.00
LogInit: Build Configuration: Development
LogInit: Branch Name: ++UE4+Release-4.27
LogInit: Command Line:  /Game/Start/StartLevel -game -PIEVIACONSOLE -Multiprocess -server -log GameUserSettingsINI=C:/Work/Unreal4/Projects/PingPong/Saved/Config/Windows/PIEGameUserSettings0.ini -MultiprocessSaveConfig -forcepassthrough -messaging -SessionName="Play in Standalone Game" -port=17777 -windowed
LogInit: Base Directory: C:/Program Files/Epic Games/UE_4.27/Engine/Binaries/Win64/
LogInit: Allocator: TBB
LogInit: Installed Engine Build: 1
LogDevObjectVersion: Number of dev versions registered: 29
LogDevObjectVersion:   Dev-Blueprints (B0D832E4-1F89-4F0D-ACCF-7EB736FD4AA2): 10
LogDevObjectVersion:   Dev-Build (E1C64328-A22C-4D53-A36C-8E866417BD8C): 0
LogDevObjectVersion:   Dev-Core (375EC13C-06E4-48FB-B500-84F0262A717E): 4
LogDevObjectVersion:   Dev-Editor (E4B068ED-F494-42E9-A231-DA0B2E46BB41): 40
LogDevObjectVersion:   Dev-Framework (CFFC743F-43B0-4480-9391-14DF171D2073): 37
LogDevObjectVersion:   Dev-Mobile (B02B49B5-BB20-44E9-A304-32B752E40360): 3
LogDevObjectVersion:   Dev-Networking (A4E4105C-59A1-49B5-A7C5-40C4547EDFEE): 0
LogDevObjectVersion:   Dev-Online (39C831C9-5AE6-47DC-9A44-9C173E1C8E7C): 0
LogDevObjectVersion:   Dev-Physics (78F01B33-EBEA-4F98-B9B4-84EACCB95AA2): 14
LogDevObjectVersion:   Dev-Platform (6631380F-2D4D-43E0-8009-CF276956A95A): 0
LogDevObjectVersion:   Dev-Rendering (12F88B9F-8875-4AFC-A67C-D90C383ABD29): 45
LogDevObjectVersion:   Dev-Sequencer (7B5AE74C-D270-4C10-A958-57980B212A5A): 13
LogDevObjectVersion:   Dev-VR (D7296918-1DD6-4BDD-9DE2-64A83CC13884): 3
LogDevObjectVersion:   Dev-LoadTimes (C2A15278-BFE7-4AFE-6C17-90FF531DF755): 1
LogDevObjectVersion:   Private-Geometry (6EACA3D4-40EC-4CC1-B786-8BED09428FC5): 3
LogDevObjectVersion:   Dev-AnimPhys (29E575DD-E0A3-4627-9D10-D276232CDCEA): 17
LogDevObjectVersion:   Dev-Anim (AF43A65D-7FD3-4947-9873-3E8ED9C1BB05): 15
LogDevObjectVersion:   Dev-ReflectionCapture (6B266CEC-1EC7-4B8F-A30B-E4D90942FC07): 1
LogDevObjectVersion:   Dev-Automation (0DF73D61-A23F-47EA-B727-89E90C41499A): 1
LogDevObjectVersion:   FortniteMain (601D1886-AC64-4F84-AA16-D3DE0DEAC7D6): 47
LogDevObjectVersion:   FortniteRelease (E7086368-6B23-4C58-8439-1B7016265E91): 1
LogDevObjectVersion:   Dev-Enterprise (9DFFBCD6-494F-0158-E221-12823C92A888): 10
LogDevObjectVersion:   Dev-Niagara (F2AED0AC-9AFE-416F-8664-AA7FFA26D6FC): 1
LogDevObjectVersion:   Dev-Destruction (174F1F0B-B4C6-45A5-B13F-2EE8D0FB917D): 10
LogDevObjectVersion:   Dev-Physics-Ext (35F94A83-E258-406C-A318-09F59610247C): 41
LogDevObjectVersion:   Dev-PhysicsMaterial-Chaos (B68FC16E-8B1B-42E2-B453-215C058844FE): 1
LogDevObjectVersion:   Dev-CineCamera (B2E18506-4273-CFC2-A54E-F4BB758BBA07): 1
LogDevObjectVersion:   Dev-VirtualProduction (64F58936-FD1B-42BA-BA96-7289D5D0FA4E): 1
LogDevObjectVersion:   Dev-MediaFramework (6F0ED827-A609-4895-9C91-998D90180EA4): 2
LogInit: Presizing for max 25165824 objects, including 0 objects not considered by GC, pre-allocating 0 bytes for permanent pool.
LogConfig: Applying CVar settings from Section [/Script/Engine.StreamingSettings] File [C:/Work/Unreal4/Projects/PingPong/Saved/Config/Windows/Engine.ini]
LogConfig: Setting CVar [[s.MinBulkDataSizeForAsyncLoading:131072]]
LogConfig: Setting CVar [[s.AsyncLoadingThreadEnabled:0]]
LogConfig: Setting CVar [[s.EventDrivenLoaderEnabled:1]]
LogConfig: Setting CVar [[s.WarnIfTimeLimitExceeded:0]]
LogConfig: Setting CVar [[s.TimeLimitExceededMultiplier:1.5]]
LogConfig: Setting CVar [[s.TimeLimitExceededMinTime:0.005]]
LogConfig: Setting CVar [[s.UseBackgroundLevelStreaming:1]]
LogConfig: Setting CVar [[s.PriorityAsyncLoadingExtraTime:15.0]]
LogConfig: Setting CVar [[s.LevelStreamingActorsUpdateTimeLimit:5.0]]
LogConfig: Setting CVar [[s.PriorityLevelStreamingActorsUpdateExtraTime:5.0]]
LogConfig: Setting CVar [[s.LevelStreamingComponentsRegistrationGranularity:10]]
LogConfig: Setting CVar [[s.UnregisterComponentsTimeLimit:1.0]]
LogConfig: Setting CVar [[s.LevelStreamingComponentsUnregistrationGranularity:5]]
LogConfig: Setting CVar [[s.FlushStreamingOnExit:1]]
LogInit: Object subsystem initialized
LogConfig: Setting CVar [[con.DebugEarlyDefault:1]]
LogConfig: Setting CVar [[r.setres:1280x720]]
[2023.10.08-08.48.33:912][  0]LogConfig: Setting CVar [[con.DebugEarlyDefault:1]]
[2023.10.08-08.48.33:912][  0]LogConfig: Setting CVar [[r.setres:1280x720]]
[2023.10.08-08.48.33:912][  0]LogConfig: Applying CVar settings from Section [/Script/Engine.RendererSettings] File [C:/Work/Unreal4/Projects/PingPong/Saved/Config/Windows/Engine.ini]
[2023.10.08-08.48.33:912][  0]LogConfig: Setting CVar [[r.GPUCrashDebugging:0]]
[2023.10.08-08.48.33:913][  0]LogConfig: Applying CVar settings from Section [/Script/Engine.RendererOverrideSettings] File [C:/Work/Unreal4/Projects/PingPong/Saved/Config/Windows/Engine.ini]
[2023.10.08-08.48.33:914][  0]LogConfig: Applying CVar settings from Section [/Script/Engine.StreamingSettings] File [C:/Work/Unreal4/Projects/PingPong/Saved/Config/Windows/Engine.ini]
[2023.10.08-08.48.33:914][  0]LogConfig: Setting CVar [[s.MinBulkDataSizeForAsyncLoading:131072]]
[2023.10.08-08.48.33:914][  0]LogConfig: Setting CVar [[s.AsyncLoadingThreadEnabled:0]]
[2023.10.08-08.48.33:914][  0]LogConfig: Setting CVar [[s.EventDrivenLoaderEnabled:1]]
[2023.10.08-08.48.33:914][  0]LogConfig: Setting CVar [[s.WarnIfTimeLimitExceeded:0]]
[2023.10.08-08.48.33:914][  0]LogConfig: Setting CVar [[s.TimeLimitExceededMultiplier:1.5]]
[2023.10.08-08.48.33:914][  0]LogConfig: Setting CVar [[s.TimeLimitExceededMinTime:0.005]]
[2023.10.08-08.48.33:916][  0]LogConfig: Setting CVar [[s.UseBackgroundLevelStreaming:1]]
[2023.10.08-08.48.33:916][  0]LogConfig: Setting CVar [[s.PriorityAsyncLoadingExtraTime:15.0]]
[2023.10.08-08.48.33:916][  0]LogConfig: Setting CVar [[s.LevelStreamingActorsUpdateTimeLimit:5.0]]
[2023.10.08-08.48.33:917][  0]LogConfig: Setting CVar [[s.PriorityLevelStreamingActorsUpdateExtraTime:5.0]]
[2023.10.08-08.48.33:917][  0]LogConfig: Setting CVar [[s.LevelStreamingComponentsRegistrationGranularity:10]]
[2023.10.08-08.48.33:917][  0]LogConfig: Setting CVar [[s.UnregisterComponentsTimeLimit:1.0]]
[2023.10.08-08.48.33:917][  0]LogConfig: Setting CVar [[s.LevelStreamingComponentsUnregistrationGranularity:5]]
[2023.10.08-08.48.33:919][  0]LogConfig: Setting CVar [[s.FlushStreamingOnExit:1]]
[2023.10.08-08.48.33:920][  0]LogConfig: Applying CVar settings from Section [/Script/Engine.GarbageCollectionSettings] File [C:/Work/Unreal4/Projects/PingPong/Saved/Config/Windows/Engine.ini]
[2023.10.08-08.48.33:920][  0]LogConfig: Setting CVar [[gc.MaxObjectsNotConsideredByGC:1]]
[2023.10.08-08.48.33:920][  0]LogConfig: Setting CVar [[gc.SizeOfPermanentObjectPool:0]]
[2023.10.08-08.48.33:921][  0]LogConfig: Setting CVar [[gc.FlushStreamingOnGC:0]]
[2023.10.08-08.48.33:922][  0]LogConfig: Setting CVar [[gc.NumRetriesBeforeForcingGC:10]]
[2023.10.08-08.48.33:922][  0]LogConfig: Setting CVar [[gc.AllowParallelGC:1]]
[2023.10.08-08.48.33:922][  0]LogConfig: Setting CVar [[gc.TimeBetweenPurgingPendingKillObjects:61.1]]
[2023.10.08-08.48.33:922][  0]LogConfig: Setting CVar [[gc.MaxObjectsInEditor:25165824]]
[2023.10.08-08.48.33:922][  0]LogConfig: Setting CVar [[gc.IncrementalBeginDestroyEnabled:1]]
[2023.10.08-08.48.33:922][  0]LogConfig: Setting CVar [[gc.CreateGCClusters:1]]
[2023.10.08-08.48.33:922][  0]LogConfig: Setting CVar [[gc.MinGCClusterSize:5]]
[2023.10.08-08.48.33:924][  0]LogConfig: Setting CVar [[gc.ActorClusteringEnabled:0]]
[2023.10.08-08.48.33:924][  0]LogConfig: Setting CVar [[gc.BlueprintClusteringEnabled:0]]
[2023.10.08-08.48.33:924][  0]LogConfig: Setting CVar [[gc.UseDisregardForGCOnDedicatedServers:0]]
[2023.10.08-08.48.33:924][  0]LogConfig: Setting CVar [[gc.MultithreadedDestructionEnabled:1]]
[2023.10.08-08.48.33:925][  0]LogConfig: Applying CVar settings from Section [/Script/Engine.NetworkSettings] File [C:/Work/Unreal4/Projects/PingPong/Saved/Config/Windows/Engine.ini]
[2023.10.08-08.48.33:925][  0]LogConfig: Applying CVar settings from Section [/Script/UnrealEd.CookerSettings] File [C:/Work/Unreal4/Projects/PingPong/Saved/Config/Windows/Engine.ini]
[2023.10.08-08.48.33:925][  0]LogConfig: Applying CVar settings from Section [ViewDistanceQuality@3] File [C:/Work/Unreal4/Projects/PingPong/Saved/Config/Windows/Scalability.ini]
[2023.10.08-08.48.33:925][  0]LogConfig: Setting CVar [[r.SkeletalMeshLODBias:0]]
[2023.10.08-08.48.33:925][  0]LogConfig: Setting CVar [[r.ViewDistanceScale:1.0]]
[2023.10.08-08.48.33:927][  0]LogConfig: Applying CVar settings from Section [AntiAliasingQuality@3] File [C:/Work/Unreal4/Projects/PingPong/Saved/Config/Windows/Scalability.ini]
[2023.10.08-08.48.33:927][  0]LogConfig: Setting CVar [[r.PostProcessAAQuality:4]]
[2023.10.08-08.48.33:927][  0]LogConfig: Applying CVar settings from Section [ShadowQuality@3] File [C:/Work/Unreal4/Projects/PingPong/Saved/Config/Windows/Scalability.ini]
[2023.10.08-08.48.33:928][  0]LogConfig: Setting CVar [[r.LightFunctionQuality:1]]
[2023.10.08-08.48.33:928][  0]LogConfig: Setting CVar [[r.ShadowQuality:5]]
[2023.10.08-08.48.33:928][  0]LogConfig: Setting CVar [[r.Shadow.CSM.MaxCascades:10]]
[2023.10.08-08.48.33:928][  0]LogConfig: Setting CVar [[r.Shadow.MaxResolution:2048]]
[2023.10.08-08.48.33:928][  0]LogConfig: Setting CVar [[r.Shadow.MaxCSMResolution:2048]]
[2023.10.08-08.48.33:929][  0]LogConfig: Setting CVar [[r.Shadow.RadiusThreshold:0.01]]
[2023.10.08-08.48.33:930][  0]LogConfig: Setting CVar [[r.Shadow.DistanceScale:1.0]]
[2023.10.08-08.48.33:930][  0]LogConfig: Setting CVar [[r.Shadow.CSM.TransitionScale:1.0]]
[2023.10.08-08.48.33:930][  0]LogConfig: Setting CVar [[r.Shadow.PreShadowResolutionFactor:1.0]]
[2023.10.08-08.48.33:931][  0]LogConfig: Setting CVar [[r.DistanceFieldShadowing:1]]
[2023.10.08-08.48.33:931][  0]LogConfig: Setting CVar [[r.DistanceFieldAO:1]]
[2023.10.08-08.48.33:931][  0]LogConfig: Setting CVar [[r.AOQuality:2]]
[2023.10.08-08.48.33:931][  0]LogConfig: Setting CVar [[r.VolumetricFog:1]]
[2023.10.08-08.48.33:931][  0]LogConfig: Setting CVar [[r.VolumetricFog.GridPixelSize:8]]
[2023.10.08-08.48.33:932][  0]LogConfig: Setting CVar [[r.VolumetricFog.GridSizeZ:128]]
[2023.10.08-08.48.33:932][  0]LogConfig: Setting CVar [[r.VolumetricFog.HistoryMissSupersampleCount:4]]
[2023.10.08-08.48.33:932][  0]LogConfig: Setting CVar [[r.LightMaxDrawDistanceScale:1]]
[2023.10.08-08.48.33:933][  0]LogConfig: Setting CVar [[r.CapsuleShadows:1]]
[2023.10.08-08.48.33:933][  0]LogConfig: Applying CVar settings from Section [PostProcessQuality@3] File [C:/Work/Unreal4/Projects/PingPong/Saved/Config/Windows/Scalability.ini]
[2023.10.08-08.48.33:933][  0]LogConfig: Setting CVar [[r.MotionBlurQuality:4]]
[2023.10.08-08.48.33:933][  0]LogConfig: Setting CVar [[r.AmbientOcclusionMipLevelFactor:0.4]]
[2023.10.08-08.48.33:933][  0]LogConfig: Setting CVar [[r.AmbientOcclusionMaxQuality:100]]
[2023.10.08-08.48.33:935][  0]LogConfig: Setting CVar [[r.AmbientOcclusionLevels:-1]]
[2023.10.08-08.48.33:936][  0]LogConfig: Setting CVar [[r.AmbientOcclusionRadiusScale:1.0]]
[2023.10.08-08.48.33:936][  0]LogConfig: Setting CVar [[r.DepthOfFieldQuality:2]]
[2023.10.08-08.48.33:937][  0]LogConfig: Setting CVar [[r.RenderTargetPoolMin:400]]
[2023.10.08-08.48.33:937][  0]LogConfig: Setting CVar [[r.LensFlareQuality:2]]
[2023.10.08-08.48.33:938][  0]LogConfig: Setting CVar [[r.SceneColorFringeQuality:1]]
[2023.10.08-08.48.33:938][  0]LogConfig: Setting CVar [[r.EyeAdaptationQuality:2]]
[2023.10.08-08.48.33:938][  0]LogConfig: Setting CVar [[r.BloomQuality:5]]
[2023.10.08-08.48.33:939][  0]LogConfig: Setting CVar [[r.FastBlurThreshold:100]]
[2023.10.08-08.48.33:939][  0]LogConfig: Setting CVar [[r.Upscale.Quality:3]]
[2023.10.08-08.48.33:939][  0]LogConfig: Setting CVar [[r.Tonemapper.GrainQuantization:1]]
[2023.10.08-08.48.33:939][  0]LogConfig: Setting CVar [[r.LightShaftQuality:1]]
[2023.10.08-08.48.33:939][  0]LogConfig: Setting CVar [[r.Filter.SizeScale:1]]
[2023.10.08-08.48.33:940][  0]LogConfig: Setting CVar [[r.Tonemapper.Quality:5]]
[2023.10.08-08.48.33:940][  0]LogConfig: Setting CVar [[r.DOF.Gather.AccumulatorQuality:1        ; higher gathering accumulator quality]]
[2023.10.08-08.48.33:940][  0]LogConfig: Setting CVar [[r.DOF.Gather.PostfilterMethod:1          ; Median3x3 postfilering method]]
[2023.10.08-08.48.33:941][  0]LogConfig: Setting CVar [[r.DOF.Gather.EnableBokehSettings:0       ; no bokeh simulation when gathering]]
[2023.10.08-08.48.33:941][  0]LogConfig: Setting CVar [[r.DOF.Gather.RingCount:4                 ; medium number of samples when gathering]]
[2023.10.08-08.48.33:941][  0]LogConfig: Setting CVar [[r.DOF.Scatter.ForegroundCompositing:1    ; additive foreground scattering]]
[2023.10.08-08.48.33:941][  0]LogConfig: Setting CVar [[r.DOF.Scatter.BackgroundCompositing:2    ; additive background scattering]]
[2023.10.08-08.48.33:941][  0]LogConfig: Setting CVar [[r.DOF.Scatter.EnableBokehSettings:1      ; bokeh simulation when scattering]]
[2023.10.08-08.48.33:943][  0]LogConfig: Setting CVar [[r.DOF.Scatter.MaxSpriteRatio:0.1         ; only a maximum of 10% of scattered bokeh]]
[2023.10.08-08.48.33:943][  0]LogConfig: Setting CVar [[r.DOF.Recombine.Quality:1                ; cheap slight out of focus]]
[2023.10.08-08.48.33:943][  0]LogConfig: Setting CVar [[r.DOF.Recombine.EnableBokehSettings:0    ; no bokeh simulation on slight out of focus]]
[2023.10.08-08.48.33:943][  0]LogConfig: Setting CVar [[r.DOF.TemporalAAQuality:1                ; more stable temporal accumulation]]
[2023.10.08-08.48.33:943][  0]LogConfig: Setting CVar [[r.DOF.Kernel.MaxForegroundRadius:0.025]]
[2023.10.08-08.48.33:944][  0]LogConfig: Setting CVar [[r.DOF.Kernel.MaxBackgroundRadius:0.025]]
[2023.10.08-08.48.33:944][  0]LogConfig: Applying CVar settings from Section [TextureQuality@3] File [C:/Work/Unreal4/Projects/PingPong/Saved/Config/Windows/Scalability.ini]
[2023.10.08-08.48.33:944][  0]LogConfig: Setting CVar [[r.Streaming.MipBias:0]]
[2023.10.08-08.48.33:944][  0]LogConfig: Setting CVar [[r.Streaming.AmortizeCPUToGPUCopy:0]]
[2023.10.08-08.48.33:944][  0]LogConfig: Setting CVar [[r.Streaming.MaxNumTexturesToStreamPerFrame:0]]
[2023.10.08-08.48.33:946][  0]LogConfig: Setting CVar [[r.Streaming.Boost:1]]
[2023.10.08-08.48.33:946][  0]LogConfig: Setting CVar [[r.MaxAnisotropy:8]]
[2023.10.08-08.48.33:946][  0]LogConfig: Setting CVar [[r.VT.MaxAnisotropy:8]]
[2023.10.08-08.48.33:946][  0]LogConfig: Setting CVar [[r.Streaming.LimitPoolSizeToVRAM:0]]
[2023.10.08-08.48.33:946][  0]LogConfig: Setting CVar [[r.Streaming.PoolSize:1000]]
[2023.10.08-08.48.33:946][  0]LogConfig: Setting CVar [[r.Streaming.MaxEffectiveScreenSize:0]]
[2023.10.08-08.48.33:946][  0]LogConfig: Applying CVar settings from Section [EffectsQuality@3] File [C:/Work/Unreal4/Projects/PingPong/Saved/Config/Windows/Scalability.ini]
[2023.10.08-08.48.33:946][  0]LogConfig: Setting CVar [[r.TranslucencyLightingVolumeDim:64]]
[2023.10.08-08.48.33:948][  0]LogConfig: Setting CVar [[r.RefractionQuality:2]]
[2023.10.08-08.48.33:948][  0]LogConfig: Setting CVar [[r.SSR.Quality:3]]
[2023.10.08-08.48.33:948][  0]LogConfig: Setting CVar [[r.SSR.HalfResSceneColor:0]]
[2023.10.08-08.48.33:949][  0]LogConfig: Setting CVar [[r.SceneColorFormat:4]]
[2023.10.08-08.48.33:949][  0]LogConfig: Setting CVar [[r.DetailMode:2]]
[2023.10.08-08.48.33:949][  0]LogConfig: Setting CVar [[r.TranslucencyVolumeBlur:1]]
[2023.10.08-08.48.33:949][  0]LogConfig: Setting CVar [[r.MaterialQualityLevel:1 ; High quality]]
[2023.10.08-08.48.33:949][  0]LogConfig: Setting CVar [[r.AnisotropicMaterials:1]]
[2023.10.08-08.48.33:951][  0]LogConfig: Setting CVar [[r.SSS.Scale:1]]
[2023.10.08-08.48.33:952][  0]LogConfig: Setting CVar [[r.SSS.SampleSet:2]]
[2023.10.08-08.48.33:952][  0]LogConfig: Setting CVar [[r.SSS.Quality:1]]
[2023.10.08-08.48.33:952][  0]LogConfig: Setting CVar [[r.SSS.HalfRes:0]]
[2023.10.08-08.48.33:953][  0]LogConfig: Setting CVar [[r.SSGI.Quality:3]]
[2023.10.08-08.48.33:954][  0]LogConfig: Setting CVar [[r.EmitterSpawnRateScale:1.0]]
[2023.10.08-08.48.33:954][  0]LogConfig: Setting CVar [[r.ParticleLightQuality:2]]
[2023.10.08-08.48.33:954][  0]LogConfig: Setting CVar [[r.SkyAtmosphere.AerialPerspectiveLUT.FastApplyOnOpaque:1 ; Always have FastSkyLUT 1 in this case to avoid wrong sky]]
[2023.10.08-08.48.33:954][  0]LogConfig: Setting CVar [[r.SkyAtmosphere.AerialPerspectiveLUT.SampleCountMaxPerSlice:4]]
[2023.10.08-08.48.33:954][  0]LogConfig: Setting CVar [[r.SkyAtmosphere.AerialPerspectiveLUT.DepthResolution:16.0]]
[2023.10.08-08.48.33:954][  0]LogConfig: Setting CVar [[r.SkyAtmosphere.FastSkyLUT:1]]
[2023.10.08-08.48.33:954][  0]LogConfig: Setting CVar [[r.SkyAtmosphere.FastSkyLUT.SampleCountMin:4.0]]
[2023.10.08-08.48.33:956][  0]LogConfig: Setting CVar [[r.SkyAtmosphere.FastSkyLUT.SampleCountMax:128.0]]
[2023.10.08-08.48.33:956][  0]LogConfig: Setting CVar [[r.SkyAtmosphere.SampleCountMin:4.0]]
[2023.10.08-08.48.33:956][  0]LogConfig: Setting CVar [[r.SkyAtmosphere.SampleCountMax:128.0]]
[2023.10.08-08.48.33:956][  0]LogConfig: Setting CVar [[r.SkyAtmosphere.TransmittanceLUT.UseSmallFormat:0]]
[2023.10.08-08.48.33:956][  0]LogConfig: Setting CVar [[r.SkyAtmosphere.TransmittanceLUT.SampleCount:10.0]]
[2023.10.08-08.48.33:957][  0]LogConfig: Setting CVar [[r.SkyAtmosphere.MultiScatteringLUT.SampleCount:15.0]]
[2023.10.08-08.48.33:957][  0]LogConfig: Setting CVar [[r.SkyLight.RealTimeReflectionCapture:1]]
[2023.10.08-08.48.33:957][  0]LogConfig: Applying CVar settings from Section [FoliageQuality@3] File [C:/Work/Unreal4/Projects/PingPong/Saved/Config/Windows/Scalability.ini]
[2023.10.08-08.48.33:957][  0]LogConfig: Setting CVar [[foliage.DensityScale:1.0]]
[2023.10.08-08.48.33:957][  0]LogConfig: Setting CVar [[grass.DensityScale:1.0]]
[2023.10.08-08.48.33:959][  0]LogConfig: Applying CVar settings from Section [ShadingQuality@3] File [C:/Work/Unreal4/Projects/PingPong/Saved/Config/Windows/Scalability.ini]
[2023.10.08-08.48.33:959][  0]LogConfig: Setting CVar [[r.HairStrands.SkyLighting.IntegrationType:2]]
[2023.10.08-08.48.33:959][  0]LogConfig: Setting CVar [[r.HairStrands.SkyAO.SampleCount:4]]
[2023.10.08-08.48.33:960][  0]LogConfig: Setting CVar [[r.HairStrands.Visibility.MSAA.SamplePerPixel:4]]
[2023.10.08-08.48.33:960][  0]LogInit: Selected Device Profile: [Windows]
[2023.10.08-08.48.33:960][  0]LogInit: Applying CVar settings loaded from the selected device profile: [Windows]
[2023.10.08-08.48.33:960][  0]LogHAL: Display: Platform has ~ 32 GB [34265911296 / 34359738368 / 32], which maps to Largest [LargestMinGB=32, LargerMinGB=12, DefaultMinGB=8, SmallerMinGB=6, SmallestMinGB=0)
[2023.10.08-08.48.33:960][  0]LogInit: Going up to parent DeviceProfile []
[2023.10.08-08.48.33:961][  0]LogConfig: Applying CVar settings from Section [ViewDistanceQuality@3] File [C:/Work/Unreal4/Projects/PingPong/Saved/Config/Windows/Scalability.ini]
[2023.10.08-08.48.33:962][  0]LogConfig: Setting CVar [[r.SkeletalMeshLODBias:0]]
[2023.10.08-08.48.33:962][  0]LogConfig: Setting CVar [[r.ViewDistanceScale:1.0]]
[2023.10.08-08.48.33:962][  0]LogConfig: Applying CVar settings from Section [AntiAliasingQuality@3] File [C:/Work/Unreal4/Projects/PingPong/Saved/Config/Windows/Scalability.ini]
[2023.10.08-08.48.33:962][  0]LogConfig: Setting CVar [[r.PostProcessAAQuality:4]]
[2023.10.08-08.48.33:962][  0]LogConfig: Applying CVar settings from Section [ShadowQuality@3] File [C:/Work/Unreal4/Projects/PingPong/Saved/Config/Windows/Scalability.ini]
[2023.10.08-08.48.33:962][  0]LogConfig: Setting CVar [[r.LightFunctionQuality:1]]
[2023.10.08-08.48.33:962][  0]LogConfig: Setting CVar [[r.ShadowQuality:5]]
[2023.10.08-08.48.33:962][  0]LogConfig: Setting CVar [[r.Shadow.CSM.MaxCascades:10]]
[2023.10.08-08.48.33:964][  0]LogConfig: Setting CVar [[r.Shadow.MaxResolution:2048]]
[2023.10.08-08.48.33:964][  0]LogConfig: Setting CVar [[r.Shadow.MaxCSMResolution:2048]]
[2023.10.08-08.48.33:964][  0]LogConfig: Setting CVar [[r.Shadow.RadiusThreshold:0.01]]
[2023.10.08-08.48.33:965][  0]LogConfig: Setting CVar [[r.Shadow.DistanceScale:1.0]]
[2023.10.08-08.48.33:965][  0]LogConfig: Setting CVar [[r.Shadow.CSM.TransitionScale:1.0]]
[2023.10.08-08.48.33:965][  0]LogConfig: Setting CVar [[r.Shadow.PreShadowResolutionFactor:1.0]]
[2023.10.08-08.48.33:965][  0]LogConfig: Setting CVar [[r.DistanceFieldShadowing:1]]
[2023.10.08-08.48.33:965][  0]LogConfig: Setting CVar [[r.DistanceFieldAO:1]]
[2023.10.08-08.48.33:967][  0]LogConfig: Setting CVar [[r.AOQuality:2]]
[2023.10.08-08.48.33:968][  0]LogConfig: Setting CVar [[r.VolumetricFog:1]]
[2023.10.08-08.48.33:969][  0]LogConfig: Setting CVar [[r.VolumetricFog.GridPixelSize:8]]
[2023.10.08-08.48.33:969][  0]LogConfig: Setting CVar [[r.VolumetricFog.GridSizeZ:128]]
[2023.10.08-08.48.33:970][  0]LogConfig: Setting CVar [[r.VolumetricFog.HistoryMissSupersampleCount:4]]
[2023.10.08-08.48.33:970][  0]LogConfig: Setting CVar [[r.LightMaxDrawDistanceScale:1]]
[2023.10.08-08.48.33:970][  0]LogConfig: Setting CVar [[r.CapsuleShadows:1]]
[2023.10.08-08.48.33:971][  0]LogConfig: Applying CVar settings from Section [PostProcessQuality@3] File [C:/Work/Unreal4/Projects/PingPong/Saved/Config/Windows/Scalability.ini]
[2023.10.08-08.48.33:971][  0]LogConfig: Setting CVar [[r.MotionBlurQuality:4]]
[2023.10.08-08.48.33:971][  0]LogConfig: Setting CVar [[r.AmbientOcclusionMipLevelFactor:0.4]]
[2023.10.08-08.48.33:971][  0]LogConfig: Setting CVar [[r.AmbientOcclusionMaxQuality:100]]
[2023.10.08-08.48.33:971][  0]LogConfig: Setting CVar [[r.AmbientOcclusionLevels:-1]]
[2023.10.08-08.48.33:972][  0]LogConfig: Setting CVar [[r.AmbientOcclusionRadiusScale:1.0]]
[2023.10.08-08.48.33:972][  0]LogConfig: Setting CVar [[r.DepthOfFieldQuality:2]]
[2023.10.08-08.48.33:972][  0]LogConfig: Setting CVar [[r.RenderTargetPoolMin:400]]
[2023.10.08-08.48.33:973][  0]LogConfig: Setting CVar [[r.LensFlareQuality:2]]
[2023.10.08-08.48.33:973][  0]LogConfig: Setting CVar [[r.SceneColorFringeQuality:1]]
[2023.10.08-08.48.33:973][  0]LogConfig: Setting CVar [[r.EyeAdaptationQuality:2]]
[2023.10.08-08.48.33:973][  0]LogConfig: Setting CVar [[r.BloomQuality:5]]
[2023.10.08-08.48.33:973][  0]LogConfig: Setting CVar [[r.FastBlurThreshold:100]]
[2023.10.08-08.48.33:975][  0]LogConfig: Setting CVar [[r.Upscale.Quality:3]]
[2023.10.08-08.48.33:975][  0]LogConfig: Setting CVar [[r.Tonemapper.GrainQuantization:1]]
[2023.10.08-08.48.33:975][  0]LogConfig: Setting CVar [[r.LightShaftQuality:1]]
[2023.10.08-08.48.33:975][  0]LogConfig: Setting CVar [[r.Filter.SizeScale:1]]
[2023.10.08-08.48.33:976][  0]LogConfig: Setting CVar [[r.Tonemapper.Quality:5]]
[2023.10.08-08.48.33:976][  0]LogConfig: Setting CVar [[r.DOF.Gather.AccumulatorQuality:1        ; higher gathering accumulator quality]]
[2023.10.08-08.48.33:976][  0]LogConfig: Setting CVar [[r.DOF.Gather.PostfilterMethod:1          ; Median3x3 postfilering method]]
[2023.10.08-08.48.33:976][  0]LogConfig: Setting CVar [[r.DOF.Gather.EnableBokehSettings:0       ; no bokeh simulation when gathering]]
[2023.10.08-08.48.33:976][  0]LogConfig: Setting CVar [[r.DOF.Gather.RingCount:4                 ; medium number of samples when gathering]]
[2023.10.08-08.48.33:978][  0]LogConfig: Setting CVar [[r.DOF.Scatter.ForegroundCompositing:1    ; additive foreground scattering]]
[2023.10.08-08.48.33:978][  0]LogConfig: Setting CVar [[r.DOF.Scatter.BackgroundCompositing:2    ; additive background scattering]]
[2023.10.08-08.48.33:978][  0]LogConfig: Setting CVar [[r.DOF.Scatter.EnableBokehSettings:1      ; bokeh simulation when scattering]]
[2023.10.08-08.48.33:978][  0]LogConfig: Setting CVar [[r.DOF.Scatter.MaxSpriteRatio:0.1         ; only a maximum of 10% of scattered bokeh]]
[2023.10.08-08.48.33:979][  0]LogConfig: Setting CVar [[r.DOF.Recombine.Quality:1                ; cheap slight out of focus]]
[2023.10.08-08.48.33:979][  0]LogConfig: Setting CVar [[r.DOF.Recombine.EnableBokehSettings:0    ; no bokeh simulation on slight out of focus]]
[2023.10.08-08.48.33:979][  0]LogConfig: Setting CVar [[r.DOF.TemporalAAQuality:1                ; more stable temporal accumulation]]
[2023.10.08-08.48.33:979][  0]LogConfig: Setting CVar [[r.DOF.Kernel.MaxForegroundRadius:0.025]]
[2023.10.08-08.48.33:980][  0]LogConfig: Setting CVar [[r.DOF.Kernel.MaxBackgroundRadius:0.025]]
[2023.10.08-08.48.33:980][  0]LogConfig: Applying CVar settings from Section [TextureQuality@3] File [C:/Work/Unreal4/Projects/PingPong/Saved/Config/Windows/Scalability.ini]
[2023.10.08-08.48.33:980][  0]LogConfig: Setting CVar [[r.Streaming.MipBias:0]]
[2023.10.08-08.48.33:981][  0]LogConfig: Setting CVar [[r.Streaming.AmortizeCPUToGPUCopy:0]]
[2023.10.08-08.48.33:981][  0]LogConfig: Setting CVar [[r.Streaming.MaxNumTexturesToStreamPerFrame:0]]
[2023.10.08-08.48.33:981][  0]LogConfig: Setting CVar [[r.Streaming.Boost:1]]
[2023.10.08-08.48.33:981][  0]LogConfig: Setting CVar [[r.MaxAnisotropy:8]]
[2023.10.08-08.48.33:983][  0]LogConfig: Setting CVar [[r.VT.MaxAnisotropy:8]]
[2023.10.08-08.48.33:984][  0]LogConfig: Setting CVar [[r.Streaming.LimitPoolSizeToVRAM:0]]
[2023.10.08-08.48.33:984][  0]LogConfig: Setting CVar [[r.Streaming.PoolSize:1000]]
[2023.10.08-08.48.33:984][  0]LogConfig: Setting CVar [[r.Streaming.MaxEffectiveScreenSize:0]]
[2023.10.08-08.48.33:986][  0]LogConfig: Applying CVar settings from Section [EffectsQuality@3] File [C:/Work/Unreal4/Projects/PingPong/Saved/Config/Windows/Scalability.ini]
[2023.10.08-08.48.33:986][  0]LogConfig: Setting CVar [[r.TranslucencyLightingVolumeDim:64]]
[2023.10.08-08.48.33:986][  0]LogConfig: Setting CVar [[r.RefractionQuality:2]]
[2023.10.08-08.48.33:986][  0]LogConfig: Setting CVar [[r.SSR.Quality:3]]
[2023.10.08-08.48.33:986][  0]LogConfig: Setting CVar [[r.SSR.HalfResSceneColor:0]]
[2023.10.08-08.48.33:986][  0]LogConfig: Setting CVar [[r.SceneColorFormat:4]]
[2023.10.08-08.48.33:986][  0]LogConfig: Setting CVar [[r.DetailMode:2]]
[2023.10.08-08.48.33:986][  0]LogConfig: Setting CVar [[r.TranslucencyVolumeBlur:1]]
[2023.10.08-08.48.33:988][  0]LogConfig: Setting CVar [[r.MaterialQualityLevel:1 ; High quality]]
[2023.10.08-08.48.33:988][  0]LogConfig: Setting CVar [[r.AnisotropicMaterials:1]]
[2023.10.08-08.48.33:988][  0]LogConfig: Setting CVar [[r.SSS.Scale:1]]
[2023.10.08-08.48.33:988][  0]LogConfig: Setting CVar [[r.SSS.SampleSet:2]]
[2023.10.08-08.48.33:988][  0]LogConfig: Setting CVar [[r.SSS.Quality:1]]
[2023.10.08-08.48.33:989][  0]LogConfig: Setting CVar [[r.SSS.HalfRes:0]]
[2023.10.08-08.48.33:989][  0]LogConfig: Setting CVar [[r.SSGI.Quality:3]]
[2023.10.08-08.48.33:989][  0]LogConfig: Setting CVar [[r.EmitterSpawnRateScale:1.0]]
[2023.10.08-08.48.33:989][  0]LogConfig: Setting CVar [[r.ParticleLightQuality:2]]
[2023.10.08-08.48.33:989][  0]LogConfig: Setting CVar [[r.SkyAtmosphere.AerialPerspectiveLUT.FastApplyOnOpaque:1 ; Always have FastSkyLUT 1 in this case to avoid wrong sky]]
[2023.10.08-08.48.33:991][  0]LogConfig: Setting CVar [[r.SkyAtmosphere.AerialPerspectiveLUT.SampleCountMaxPerSlice:4]]
[2023.10.08-08.48.33:991][  0]LogConfig: Setting CVar [[r.SkyAtmosphere.AerialPerspectiveLUT.DepthResolution:16.0]]
[2023.10.08-08.48.33:991][  0]LogConfig: Setting CVar [[r.SkyAtmosphere.FastSkyLUT:1]]
[2023.10.08-08.48.33:992][  0]LogConfig: Setting CVar [[r.SkyAtmosphere.FastSkyLUT.SampleCountMin:4.0]]
[2023.10.08-08.48.33:992][  0]LogConfig: Setting CVar [[r.SkyAtmosphere.FastSkyLUT.SampleCountMax:128.0]]
[2023.10.08-08.48.33:992][  0]LogConfig: Setting CVar [[r.SkyAtmosphere.SampleCountMin:4.0]]
[2023.10.08-08.48.33:992][  0]LogConfig: Setting CVar [[r.SkyAtmosphere.SampleCountMax:128.0]]
[2023.10.08-08.48.33:992][  0]LogConfig: Setting CVar [[r.SkyAtmosphere.TransmittanceLUT.UseSmallFormat:0]]
[2023.10.08-08.48.33:993][  0]LogConfig: Setting CVar [[r.SkyAtmosphere.TransmittanceLUT.SampleCount:10.0]]
[2023.10.08-08.48.33:994][  0]LogConfig: Setting CVar [[r.SkyAtmosphere.MultiScatteringLUT.SampleCount:15.0]]
[2023.10.08-08.48.33:994][  0]LogConfig: Setting CVar [[r.SkyLight.RealTimeReflectionCapture:1]]
[2023.10.08-08.48.33:994][  0]LogConfig: Applying CVar settings from Section [FoliageQuality@3] File [C:/Work/Unreal4/Projects/PingPong/Saved/Config/Windows/Scalability.ini]
[2023.10.08-08.48.33:994][  0]LogConfig: Setting CVar [[foliage.DensityScale:1.0]]
[2023.10.08-08.48.33:994][  0]LogConfig: Setting CVar [[grass.DensityScale:1.0]]
[2023.10.08-08.48.33:994][  0]LogConfig: Applying CVar settings from Section [ShadingQuality@3] File [C:/Work/Unreal4/Projects/PingPong/Saved/Config/Windows/Scalability.ini]
[2023.10.08-08.48.33:994][  0]LogConfig: Setting CVar [[r.HairStrands.SkyLighting.IntegrationType:2]]
[2023.10.08-08.48.33:996][  0]LogConfig: Setting CVar [[r.HairStrands.SkyAO.SampleCount:4]]
[2023.10.08-08.48.33:996][  0]LogConfig: Setting CVar [[r.HairStrands.Visibility.MSAA.SamplePerPixel:4]]
[2023.10.08-08.48.33:996][  0]LogConfig: Applying CVar settings from Section [Startup] File [../../../Engine/Config/ConsoleVariables.ini]
[2023.10.08-08.48.33:996][  0]LogConfig: Setting CVar [[net.UseAdaptiveNetUpdateFrequency:0]]
[2023.10.08-08.48.33:996][  0]LogConfig: Setting CVar [[p.chaos.AllowCreatePhysxBodies:1]]
[2023.10.08-08.48.33:997][  0]LogConfig: Setting CVar [[fx.SkipVectorVMBackendOptimizations:1]]
[2023.10.08-08.48.33:997][  0]LogConfig: Applying CVar settings from Section [ConsoleVariables] File [C:/Work/Unreal4/Projects/PingPong/Saved/Config/Windows/Engine.ini]
[2023.10.08-08.48.33:997][  0]LogConfig: Applying CVar settings from Section [ConsoleVariables] File [C:/Work/Unreal4/Projects/PingPong/Saved/Config/Windows/Editor.ini]
[2023.10.08-08.48.33:997][  0]LogInit: Computer: MYMONSTR
[2023.10.08-08.48.33:999][  0]LogInit: User: Олег
[2023.10.08-08.48.34:000][  0]LogInit: CPU Page size=4096, Cores=6
[2023.10.08-08.48.34:000][  0]LogInit: High frequency timer resolution =10.000000 MHz
[2023.10.08-08.48.34:002][  0]LogMemory: Memory total: Physical=31.9GB (32GB approx)
[2023.10.08-08.48.34:002][  0]LogMemory: Platform Memory Stats for Windows
[2023.10.08-08.48.34:002][  0]LogMemory: Process Physical Memory: 138.95 MB used, 138.95 MB peak
[2023.10.08-08.48.34:003][  0]LogMemory: Process Virtual Memory: 121.42 MB used, 121.42 MB peak
[2023.10.08-08.48.34:003][  0]LogMemory: Physical Memory: 13028.18 MB used,  19650.34 MB free, 32678.52 MB total
[2023.10.08-08.48.34:003][  0]LogMemory: Virtual Memory: 134199104.00 MB used,  18627.40 MB free, 134217728.00 MB total
[2023.10.08-08.48.34:005][  0]LogWindows: WindowsPlatformFeatures disabled or dedicated server build
[2023.10.08-08.48.34:012][  0]LogInit: Physics initialised using underlying interface: PhysX
[2023.10.08-08.48.34:012][  0]LogInit: Using OS detected language (ru-RU).
[2023.10.08-08.48.34:012][  0]LogInit: Using OS detected locale (ru-RU).
[2023.10.08-08.48.34:015][  0]LogTextLocalizationManager: No specific localization for 'ru-RU' exists, so the 'ru' localization will be used.
[2023.10.08-08.48.34:018][  0]LogTextLocalizationResource: LocRes '../../../Engine/Content/Localization/Editor/ru/Editor.locres' could not be opened for reading!
[2023.10.08-08.48.34:018][  0]LogTextLocalizationResource: LocRes '../../../Engine/Content/Localization/EditorTutorials/ru/EditorTutorials.locres' could not be opened for reading!
[2023.10.08-08.48.34:018][  0]LogTextLocalizationResource: LocRes '../../../Engine/Content/Localization/Keywords/ru/Keywords.locres' could not be opened for reading!
[2023.10.08-08.48.34:019][  0]LogTextLocalizationResource: LocRes '../../../Engine/Content/Localization/Category/ru/Category.locres' could not be opened for reading!
[2023.10.08-08.48.34:019][  0]LogTextLocalizationResource: LocRes '../../../Engine/Content/Localization/ToolTips/ru/ToolTips.locres' could not be opened for reading!
[2023.10.08-08.48.34:019][  0]LogTextLocalizationResource: LocRes '../../../Engine/Content/Localization/PropertyNames/ru/PropertyNames.locres' could not be opened for reading!
[2023.10.08-08.48.34:019][  0]LogTextLocalizationResource: LocRes '../../../Engine/Content/Localization/Engine/ru/Engine.locres' could not be opened for reading!
[2023.10.08-08.48.34:228][  0]LogTargetPlatformManager: Display: Loaded TargetPlatform 'WindowsNoEditor'
[2023.10.08-08.48.34:231][  0]LogTargetPlatformManager: Display: Loaded TargetPlatform 'Windows'
[2023.10.08-08.48.34:233][  0]LogTargetPlatformManager: Display: Loaded TargetPlatform 'WindowsClient'
[2023.10.08-08.48.34:235][  0]LogTargetPlatformManager: Display: Loaded TargetPlatform 'WindowsServer'
[2023.10.08-08.48.34:235][  0]LogTargetPlatformManager: Display: Building Assets For Windows
[2023.10.08-08.48.34:237][  0]LogAudioDebug: Display: Lib vorbis DLL was dynamically loaded.
[2023.10.08-08.48.34:247][  0]LogTextureFormatOodle: Display: Oodle Texture 2.9.0 init RDO Off
[2023.10.08-08.48.34:257][  0]LogRendererCore: Ray tracing is disabled. Reason: r.RayTracing=0.
[2023.10.08-08.48.34:257][  0]LogShaderCompilers: Guid format shader working directory is -4 characters bigger than the processId version (../../../../../../Work/Unreal4/Projects/PingPong/Intermediate/Shaders/WorkingDirectory/20040/).
[2023.10.08-08.48.34:259][  0]LogShaderCompilers: Cleaned the shader compiler working directory 'C:/Users/Олег/AppData/Local/Temp/UnrealShaderWorkingDir/9250A05D4B293635425216834D66BB1A/'.
[2023.10.08-08.48.34:259][  0]LogXGEController: Cannot use XGE Controller as Incredibuild is not installed on this machine.
[2023.10.08-08.48.34:259][  0]LogShaderCompilers: Cannot use XGE Shader Compiler as Incredibuild is not installed on this machine.
[2023.10.08-08.48.34:260][  0]LogShaderCompilers: Display: Using Local Shader Compiler.
[2023.10.08-08.48.34:683][  0]LogDerivedDataCache: Display: Max Cache Size: 512 MB
[2023.10.08-08.48.34:734][  0]LogDerivedDataCache: Loaded boot cache 0.05s 94MB C:/Users/Олег/AppData/Local/UnrealEngine/4.27/DerivedDataCache/Boot.ddc.
[2023.10.08-08.48.34:734][  0]LogDerivedDataCache: Display: Loaded Boot cache: C:/Users/Олег/AppData/Local/UnrealEngine/4.27/DerivedDataCache/Boot.ddc
[2023.10.08-08.48.34:734][  0]LogDerivedDataCache: FDerivedDataBackendGraph:  Pak pak cache file ../../../../../../Work/Unreal4/Projects/PingPong/DerivedDataCache/DDC.ddp not found, will not use a pak cache.
[2023.10.08-08.48.34:734][  0]LogDerivedDataCache: Unable to find inner node Pak for hierarchical cache Hierarchy.
[2023.10.08-08.48.34:735][  0]LogDerivedDataCache: FDerivedDataBackendGraph:  CompressedPak pak cache file ../../../../../../Work/Unreal4/Projects/PingPong/DerivedDataCache/Compressed.ddp not found, will not use a pak cache.
[2023.10.08-08.48.34:735][  0]LogDerivedDataCache: Unable to find inner node CompressedPak for hierarchical cache Hierarchy.
[2023.10.08-08.48.34:749][  0]LogDerivedDataCache: Display: Pak cache opened for reading ../../../Engine/DerivedDataCache/Compressed.ddp.
[2023.10.08-08.48.34:749][  0]LogDerivedDataCache: FDerivedDataBackendGraph:  EnterprisePak pak cache file ../../../Enterprise/DerivedDataCache/Compressed.ddp not found, will not use a pak cache.
[2023.10.08-08.48.34:749][  0]LogDerivedDataCache: Unable to find inner node EnterprisePak for hierarchical cache Hierarchy.
[2023.10.08-08.48.34:755][  0]LogDerivedDataCache: Speed tests for C:/Users/Олег/AppData/Local/UnrealEngine/Common/DerivedDataCache took 0.00 seconds
[2023.10.08-08.48.34:755][  0]LogDerivedDataCache: Display: Performance to C:/Users/Олег/AppData/Local/UnrealEngine/Common/DerivedDataCache: Latency=0.02ms. RandomReadSpeed=1343.09MBs, RandomWriteSpeed=266.16MBs. Assigned SpeedClass 'Local'
[2023.10.08-08.48.34:756][  0]LogDerivedDataCache: Using Local data cache path C:/Users/Олег/AppData/Local/UnrealEngine/Common/DerivedDataCache: Writable
[2023.10.08-08.48.34:756][  0]LogDerivedDataCache: Shared data cache path not found in *engine.ini, will not use an Shared cache.
[2023.10.08-08.48.34:756][  0]LogDerivedDataCache: Unable to find inner node Shared for hierarchical cache Hierarchy.
[2023.10.08-08.48.34:757][  0]LogInit: Using OS detected language (ru-RU).
[2023.10.08-08.48.34:757][  0]LogInit: Using OS detected locale (ru-RU).
[2023.10.08-08.48.34:757][  0]LogTextLocalizationManager: No localization for 'ru-RU' exists, so 'en' will be used for the language.
[2023.10.08-08.48.34:759][  0]LogTextLocalizationManager: No localization for 'ru-RU' exists, so 'en' will be used for the locale.
[2023.10.08-08.48.34:762][  0]LogAssetRegistry: FAssetRegistry took 0.0022 seconds to start up
[2023.10.08-08.48.34:916][  0]LogTextLocalizationManager: Compacting localization data took   0.01ms
[2023.10.08-08.48.34:916][  0]LogPackageLocalizationCache: Processed 27 localized package path(s) for 1 prioritized culture(s) in 0.000747 seconds
[2023.10.08-08.48.34:972][  0]LogInit: Selected Device Profile: [Windows]
[2023.10.08-08.48.34:972][  0]LogInit: Active device profile: [0000022769C74F00][0000022764D95180 49] Windows
[2023.10.08-08.48.34:972][  0]LogInit: Profiles: [0000022769C74F00][0000022764D95180 49] Windows, [0000022769C56500][00000227659F9440 49] WindowsNoEditor, [0000022769C74500][00000227659FD700 49] WindowsServer, [0000022769C57F00][0000022765A019C0 49] WindowsClient, [0000022769C74B00][0000022765A04100 49] IOS, [0000022769C54900][00000227659EE380 49] iPadAir, [0000022769C74800][0000022765A08600 49] iPadAir2, [000002276768C400][0000022765A26B40 49] IPadPro, [000002276768C500][0000022765A10B80 49] iPadAir3, [0000022769CDCA00][0000022765A1EE40 49] iPadAir4, [000002276768F800][0000022765A1B100 49] iPadMini2, [0000022769C77600][0000022765A233C0 49] iPadMini3, [000002276768FB00][0000022765A31680 49] iPadMini4, [0000022769C75300][0000022765A35940 49] iPadMini5, [0000022767695400][0000022765A48300 49] iPhone6, [0000022767695500][0000022765A38340 49] iPodTouch6, [0000022769C72100][0000022765A4C800 49] iPhone7, [0000022769C72200][0000022765A0C840 49] iPodTouch7, [0000022767696400][0000022765A44B00 49] iPhone5S, [0000022769C73200][0000022765A3CDC0 49] iPhone6Plus, [0000022767696200][0000022765A51080 49] iPhone6S, [0000022769C72D00][0000022765A55340 49] iPhone6SPlus, [0000022767696700][0000022765A59600 49] iPhone7Plus, [0000022769C70200][0000022765A5D8C0 49] iPhoneSE, [0000022767696D00][0000022765A61B80 49] iPhone8, [0000022769C73A00][0000022765A642C0 49] iPhone8Plus, [0000022767696600][0000022765A68580 49] iPhoneX, [0000022769C72300][0000022765A40800 49] iPhoneXS, [0000022767697A00][0000022765A70AC0 49] iPhoneXSMax, [0000022769C71800][0000022765A74D80 49] iPhoneXR, [0000022767695900][0000022765A79040 49] iPhone11, [0000022769C72C00][0000022765A7D300 49] iPhone11Pro, [0000022767697C00][0000022765A815C0 49] iPhone11ProMax, [0000022769C71600][0000022765A85880 49] iPhoneSE2, [0000022767695100][0000022765A89B40 49] iPhone12Mini, [0000022769C71200][0000022765A8C280 49] iPhone12, [0000022767697E00][000002276A010540 49] iPhone12Pro, [0000022769C71400][0000022765A6C7C0 49] iPhone12ProMax, [0000022767695300][000002276A014A40 49] iPadPro105, [0000022769C70F00][000002276A01CD00 49] iPadPro129, [0000022767697600][000002276A020FC0 49] iPadPro97, [0000022769C71E00][000002276A025280 49] iPadPro2_129, [0000022767697B00][000002276A029540 49] iPad5, [0000022769C70B00][000002276A02D800 49] iPad6, [0000022767695600][000002276A031AC0 49] iPad7, [0000022769C72000][000002276A034200 49] iPad8, [0000022767694500][000002276A0384C0 49] iPadPro11, [0000022769C71900][000002276A03C780 49] iPadPro2_11, [0000022767697000][000002276A018A00 49] iPadPro3_129, [0000022769C72500][000002276A040C80 49] iPadPro4_129, [0000022767695C00][000002276A048F40 49] AppleTV, [0000022769C71300][000002276A04D200 49] AppleTV4K, [0000022767697100][000002276A0514C0 49] TVOS, [0000022769C71500][000002276A055780 49] Mac, [0000022767695200][000002276A059A40 49] MacClient, [0000022769C70E00][000002276A05C180 49] MacNoEditor, [0000022767694100][000002276A060440 49] MacServer, [000002276768D200][000002276A064700 49] Linux, [0000022769C55200][000002276A0689C0 49] LinuxAArch64, [000002276768E300][000002276A044C40 49] LinuxNoEditor, [0000022769C56C00][000002276A06CEC0 49] LinuxAArch64NoEditor, [000002276768CC00][000002276A075180 49] LinuxClient, [0000022769C54300][000002276A079440 49] LinuxAArch64Client, [000002276768F100][000002276A07D700 49] LinuxServer, [0000022769C55300][000002276A0819C0 49] LinuxAArch64Server, [000002276768EA00][000002276A084100 49] Android, [0000022769C55400][000002276A0883C0 49] Android_Low, [000002276768F200][000002276A08C680 49] Android_Mid, [0000022769C57800][000002276A090940 49] Android_High, [000002276768FD00][000002276A094C00 49] Android_Default, [0000022769C55700][000002276A070E80 49] Android_Adreno4xx, [000002276768EF00][000002276A099100 49] Android_Adreno5xx_Low, [0000022769C56800][000002276A0A13C0 49] Android_Adreno5xx, [000002276768F900][000002276A0A5680 49] Android_Adreno6xx, [0000022769C56200][000002276A0A9940 49] Android_Adreno6xx_Vulkan, [000002276768CE00][000002276A0ADC00 49] Android_Mali_T6xx, [0000022769C56000][000002276A0B0340 49] Android_Mali_T7xx, [000002276768E700][000002276A0B4600 49] Android_Mali_T8xx, [0000022767697D00][000002276A0B88C0 49] Android_Mali_G71, [000002276768EE00][000002276A0BCB80 49] Android_Mali_G72, [0000022767696500][000002276A0C0E40 49] Android_Mali_G72_Vulkan, [000002276768DF00][000002276A09D0C0 49] Android_Mali_G76, [0000022767697300][000002276A0C5340 49] Android_Mali_G76_Vulkan, [000002276768D100][000002276A0CD600 49] Android_Mali_G77, [0000022767697800][000002276A0D18C0 49] Android_Mali_G77_Vulkan, [000002276768E400][000002276A0D5B80 49] Android_Mali_G78, [0000022767695B00][000002276A0D82C0 49] Android_Mali_G78_Vulkan, [000002276768CF00][000002276A0DC580 49] Android_Mali_G710, [0000022767696C00][000002276A0E0840 49] Android_Mali_G710_Vulkan, [000002276768C100][000002276A0E4B00 49] Android_Vulkan_SM5, [0000022767697900][000002276A0E8DC0 49] Android_PowerVR_G6xxx, [000002276768CB00][000002276A0ED080 49] Android_PowerVR_GT7xxx, [0000022767694D00][000002276A0C9300 49] Android_PowerVR_GE8xxx, [000002276768F400][000002276A0F1580 49] Android_PowerVR_GM9xxx, [0000022767697200][000002276A0F9840 49] Android_PowerVR_GM9xxx_Vulkan, [000002276768D600][000002276A0FDB00 49] Android_TegraK1, [0000022767696B00][000002276A100240 49] Android_Unknown_Vulkan, [000002276768C200][000002276A104500 49] Lumin, [0000022767696300][000002276A1087C0 49] Lumin_Desktop, [000002276768C800][000002276A10CA80 49] HoloLens, 
[2023.10.08-08.48.34:988][  0]LogMeshReduction: Using QuadricMeshReduction for automatic static mesh reduction
[2023.10.08-08.48.34:988][  0]LogMeshReduction: Using SimplygonMeshReduction for automatic skeletal mesh reduction
[2023.10.08-08.48.34:988][  0]LogMeshReduction: Using ProxyLODMeshReduction for automatic mesh merging
[2023.10.08-08.48.34:988][  0]LogMeshReduction: No distributed automatic mesh merging module available
[2023.10.08-08.48.34:989][  0]LogMeshMerging: No distributed automatic mesh merging module available
[2023.10.08-08.48.34:997][  0]LogNetVersion: PingPong 1.0.0, NetCL: 17155196, EngineNetVer: 17, GameNetVer: 0 (Checksum: 166094971)
[2023.10.08-08.48.35:067][  0]LogTexture: Default maximum texture size for cubemaps generated from long-lat sources has been changed from 512 to unlimited. In order to preserve old behaiour for '/Engine/MapTemplates/Sky/DaylightAmbientCubemap.DaylightAmbientCubemap', its maximum texture size has been explicitly set to 512.
[2023.10.08-08.48.35:079][  0]LogHMD: PokeAHoleMaterial loaded successfully
[2023.10.08-08.48.35:132][  0]LogPython: Using Python 3.7.7
[2023.10.08-08.48.35:434][  0]LogNiagaraDebuggerClient: Niagara Debugger Client Initialized | Session: 1A5142484CAB51111B3D4489F3A32A72 | Instance: 91569AC0495AE27101FBCB83D2B76920 (MYMONSTR-20040).
[2023.10.08-08.48.35:445][  0]LogCollectionManager: Loaded 0 collections in 0.002022 seconds
[2023.10.08-08.48.35:447][  0]LogFileCache: Scanning file cache for directory 'C:/Work/Unreal4/Projects/PingPong/Saved/Collections/' took 0.00s
[2023.10.08-08.48.35:447][  0]LogFileCache: Scanning file cache for directory 'C:/Work/Unreal4/Projects/PingPong/Content/Developers/Олег/Collections/' took 0.00s
[2023.10.08-08.48.35:447][  0]LogFileCache: Scanning file cache for directory 'C:/Work/Unreal4/Projects/PingPong/Content/Collections/' took 0.00s
[2023.10.08-08.48.35:448][  0]LogCollectionManager: Fixed up redirectors for 0 collections in 0.000001 seconds (updated 0 objects)
[2023.10.08-08.48.35:496][  0]LogTcpMessaging: Initializing TcpMessaging bridge
[2023.10.08-08.48.35:498][  0]LogUdpMessaging: Initializing bridge on interface 0.0.0.0:0 to multicast group 230.0.0.1:6666.
[2023.10.08-08.48.35:528][  0]SourceControl: Source control is disabled
[2023.10.08-08.48.35:529][  0]SourceControl: Source control is disabled
[2023.10.08-08.48.35:530][  0]SourceControl: Source control is disabled
[2023.10.08-08.48.35:531][  0]LogUProjectInfo: Found projects:
[2023.10.08-08.48.35:588][  0]LogOpenImageDenoise: OIDN starting up
[2023.10.08-08.48.35:599][  0]LogAndroidPermission: UAndroidPermissionCallbackProxy::GetInstance
[2023.10.08-08.48.35:605][  0]LogAudioCaptureCore: Display: No Audio Capture implementations found. Audio input will be silent.
[2023.10.08-08.48.35:607][  0]LogAudioCaptureCore: Display: No Audio Capture implementations found. Audio input will be silent.
[2023.10.08-08.48.35:645][  0]LogOcInput: OculusInput pre-init called
[2023.10.08-08.48.35:653][  0]LogUObjectArray: 21886 objects as part of root set at end of initial load.
[2023.10.08-08.48.35:653][  0]LogUObjectAllocator: 5893904 out of 0 bytes used by permanent object pool.
[2023.10.08-08.48.35:653][  0]LogUObjectArray: CloseDisregardForGC: 0/0 objects in disregard for GC pool
[2023.10.08-08.48.35:684][  0]LogEngine: Initializing Engine...
[2023.10.08-08.48.35:686][  0]LogStats: UGameplayTagsManager::InitializeManager -  0.000 s
[2023.10.08-08.48.35:696][  0]LogInit: Initializing FReadOnlyCVARCache
[2023.10.08-08.48.35:696][  0]LogNetVersion: Set ProjectVersion to 1.0.0.0. Version Checksum will be recalculated on next use.
[2023.10.08-08.48.35:697][  0]LogInit: Texture streaming: Disabled
[2023.10.08-08.48.35:723][  0]LogInit: Display: Game Engine Initialized.
[2023.10.08-08.48.35:723][  0]LogNiagaraEditor: GEditor isn't valid! Particle reset commands will not work for Niagara components!
[2023.10.08-08.48.35:786][  0]LogInit: Display: Starting Game.
[2023.10.08-08.48.35:786][  0]LogNet: Browse: /Game/Start/StartLevel?Name=Player
[2023.10.08-08.48.35:787][  0]LogLoad: LoadMap: /Game/Start/StartLevel?Name=Player
[2023.10.08-08.48.35:788][  0]LogWorld: BeginTearingDown for /Temp/Untitled_0
[2023.10.08-08.48.35:792][  0]LogWorld: UWorld::CleanupWorld for Untitled, bSessionEnded=true, bCleanupResources=true
[2023.10.08-08.48.35:802][  0]LogUObjectHash: Compacting FUObjectHashTables data took   0.76ms
[2023.10.08-08.48.35:836][  0]LogAIModule: Creating AISystem for world StartLevel
[2023.10.08-08.48.35:836][  0]LogLoad: Game class is 'StartGameModeBase_C'
[2023.10.08-08.48.35:837][  0]LogNet: ReplicationDriverClass is null! Not using ReplicationDriver.
[2023.10.08-08.48.35:837][  0]LogNetCore: DDoS detection status: detection enabled: 0 analytics enabled: 0
[2023.10.08-08.48.35:837][  0]LogInit: WinSock: Socket queue. Rx: 131072 (config 131072) Tx: 131072 (config 131072)
[2023.10.08-08.48.35:837][  0]LogNet: Created socket for bind address: 0.0.0.0 on port 17777
[2023.10.08-08.48.35:837][  0]PacketHandlerLog: Loaded PacketHandler component: Engine.EngineHandlerComponentFactory (StatelessConnectHandlerComponent)
[2023.10.08-08.48.35:837][  0]LogNet: GameNetDriver IpNetDriver_0 IpNetDriver listening on port 17777
[2023.10.08-08.48.35:839][  0]LogWorld: Bringing World /Game/Start/StartLevel.StartLevel up for play (max tick rate 30) at 2023.10.08-11.48.35
[2023.10.08-08.48.35:839][  0]LogWorld: Bringing up level for play took: 0.000324
[2023.10.08-08.48.35:839][  0]LogLoad: Took 0.051929 seconds to LoadMap(/Game/Start/StartLevel)
[2023.10.08-08.48.35:847][  0]LogInit: Display: Engine is initialized. Leaving FEngineLoop::Init()
[2023.10.08-08.48.35:847][  0]LogLoad: (Engine Initialization) Total time: 4.00 seconds
[2023.10.08-08.48.35:847][  0]LogLoad: (Engine Initialization) Total Blueprint compile time: 0.00 seconds
[2023.10.08-08.48.36:991][ 33]LogNet: NotifyAcceptingConnection accepted from: 127.0.0.1:55032
[2023.10.08-08.48.36:991][ 33]LogHandshake: SendConnectChallenge. Timestamp: 1.143095, Cookie: 053066165143031011025213004097127095010012050181228149035020
[2023.10.08-08.48.36:991][ 33]LogNet: NotifyAcceptingConnection accepted from: 127.0.0.1:55033
[2023.10.08-08.48.36:992][ 33]LogHandshake: SendConnectChallenge. Timestamp: 1.143095, Cookie: 003159190170128053091162036169136146185238069162152051191254
[2023.10.08-08.48.36:992][ 33]LogNet: NotifyAcceptingConnection accepted from: 127.0.0.1:55032
[2023.10.08-08.48.36:992][ 33]LogHandshake: SendChallengeAck. InCookie: 053066165143031011025213004097127095010012050181228149035020
[2023.10.08-08.48.36:993][ 33]LogNet: Server accepting post-challenge connection from: 127.0.0.1:55032
[2023.10.08-08.48.36:994][ 33]PacketHandlerLog: Loaded PacketHandler component: Engine.EngineHandlerComponentFactory (StatelessConnectHandlerComponent)
[2023.10.08-08.48.36:994][ 33]LogNet: NotifyAcceptedConnection: Name: StartLevel, TimeStamp: 10/08/23 11:48:36, [UNetConnection] RemoteAddr: 127.0.0.1:55032, Name: IpConnection_0, Driver: GameNetDriver IpNetDriver_0, IsServer: YES, PC: NULL, Owner: NULL, UniqueId: INVALID
[2023.10.08-08.48.36:994][ 33]LogNet: AddClientConnection: Added client connection: [UNetConnection] RemoteAddr: 127.0.0.1:55032, Name: IpConnection_0, Driver: GameNetDriver IpNetDriver_0, IsServer: YES, PC: NULL, Owner: NULL, UniqueId: INVALID
[2023.10.08-08.48.36:994][ 33]LogNet: NotifyAcceptingConnection accepted from: 127.0.0.1:55033
[2023.10.08-08.48.36:994][ 33]LogHandshake: SendChallengeAck. InCookie: 003159190170128053091162036169136146185238069162152051191254
[2023.10.08-08.48.36:996][ 33]LogNet: Server accepting post-challenge connection from: 127.0.0.1:55033
[2023.10.08-08.48.36:996][ 33]PacketHandlerLog: Loaded PacketHandler component: Engine.EngineHandlerComponentFactory (StatelessConnectHandlerComponent)
[2023.10.08-08.48.36:996][ 33]LogNet: NotifyAcceptedConnection: Name: StartLevel, TimeStamp: 10/08/23 11:48:36, [UNetConnection] RemoteAddr: 127.0.0.1:55033, Name: IpConnection_1, Driver: GameNetDriver IpNetDriver_0, IsServer: YES, PC: NULL, Owner: NULL, UniqueId: INVALID
[2023.10.08-08.48.36:997][ 33]LogNet: AddClientConnection: Added client connection: [UNetConnection] RemoteAddr: 127.0.0.1:55033, Name: IpConnection_1, Driver: GameNetDriver IpNetDriver_0, IsServer: YES, PC: NULL, Owner: NULL, UniqueId: INVALID
[2023.10.08-08.48.36:997][ 33]LogNet: NotifyAcceptingChannel Control 0 server World /Game/Start/StartLevel.StartLevel: Accepted
[2023.10.08-08.48.36:999][ 33]LogNet: Remote platform little endian=1
[2023.10.08-08.48.36:999][ 33]LogNet: This platform little endian=1
[2023.10.08-08.48.37:000][ 33]LogNetVersion: PingPong 1.0.0.0, NetCL: 17155196, EngineNetVer: 17, GameNetVer: 0 (Checksum: 2744900490)
[2023.10.08-08.48.37:000][ 33]LogNet: NotifyAcceptingChannel Control 0 server World /Game/Start/StartLevel.StartLevel: Accepted
[2023.10.08-08.48.37:001][ 33]LogNet: Remote platform little endian=1
[2023.10.08-08.48.37:002][ 33]LogNet: This platform little endian=1
[2023.10.08-08.48.37:002][ 33]LogNet: Login request: ?Name=MyMonstr-73B89386469F7894935AFEA9B9B0AF8C userId: NULL:MyMonstr-73B89386469F7894935AFEA9B9B0AF8C platform: NULL
[2023.10.08-08.48.37:003][ 33]LogNet: Login request: ?Name=MyMonstr-48E16A834064A531AB81A8A9157B9243 userId: NULL:MyMonstr-48E16A834064A531AB81A8A9157B9243 platform: NULL
[2023.10.08-08.48.37:057][ 35]LogNet: Client netspeed is 100000
[2023.10.08-08.48.37:058][ 35]LogNet: Join request: /Game/Start/StartLevel?Name=MyMonstr-73B89386469F7894935AFEA9B9B0AF8C?SplitscreenCount=1
[2023.10.08-08.48.37:059][ 35]LogScript: Warning: Accessed None trying to read property CallFunc_Create_ReturnValue
	StartPlayerController_C /Game/Start/StartLevel.StartLevel:PersistentLevel.StartPlayerController_C_0
	Function /Game/Start/StartPlayerController.StartPlayerController_C:ExecuteUbergraph_StartPlayerController:0049
[2023.10.08-08.48.37:059][ 35]LogScript: Warning: Script call stack:
	Function /Game/Start/StartPlayerController.StartPlayerController_C:ReceiveBeginPlay
	Function /Game/Start/StartPlayerController.StartPlayerController_C:ExecuteUbergraph_StartPlayerController

[2023.10.08-08.48.37:060][ 35]LogOnlineSession: Warning: OSS: No game present to join for session (GameSession)
[2023.10.08-08.48.37:060][ 35]LogGameMode: FindPlayerStart: PATHS NOT DEFINED or NO PLAYERSTART with positive rating
[2023.10.08-08.48.37:062][ 35]LogNet: Join succeeded: MyMonstr-73B89386469
[2023.10.08-08.48.37:062][ 35]LogNet: Client netspeed is 100000
[2023.10.08-08.48.37:063][ 35]LogNet: Join request: /Game/Start/StartLevel?Name=MyMonstr-48E16A834064A531AB81A8A9157B9243?SplitscreenCount=1
[2023.10.08-08.48.37:064][ 35]LogScript: Warning: Accessed None trying to read property CallFunc_Create_ReturnValue
	StartPlayerController_C /Game/Start/StartLevel.StartLevel:PersistentLevel.StartPlayerController_C_1
	Function /Game/Start/StartPlayerController.StartPlayerController_C:ExecuteUbergraph_StartPlayerController:0049
[2023.10.08-08.48.37:066][ 35]LogScript: Warning: Script call stack:
	Function /Game/Start/StartPlayerController.StartPlayerController_C:ReceiveBeginPlay
	Function /Game/Start/StartPlayerController.StartPlayerController_C:ExecuteUbergraph_StartPlayerController

[2023.10.08-08.48.37:067][ 35]LogOnlineSession: Warning: OSS: No game present to join for session (GameSession)
[2023.10.08-08.48.37:072][ 35]LogGameMode: FindPlayerStart: PATHS NOT DEFINED or NO PLAYERSTART with positive rating
[2023.10.08-08.48.37:072][ 35]LogNet: Join succeeded: MyMonstr-48E16A83406
[2023.10.08-08.48.38:724][ 85]LogNet: UChannel::ReceivedSequencedBunch: Bunch.bClose == true. ChIndex == 0. Calling ConditionalCleanUp.
[2023.10.08-08.48.38:724][ 85]LogNet: UChannel::CleanUp: ChIndex == 0. Closing connection. [UChannel] ChIndex: 0, Closing: 0 [UNetConnection] RemoteAddr: 127.0.0.1:55033, Name: IpConnection_1, Driver: GameNetDriver IpNetDriver_0, IsServer: YES, PC: StartPlayerController_C_1, Owner: StartPlayerController_C_1, UniqueId: NULL:MyMonstr-48E16A834064A531AB81A8A9157B9243
[2023.10.08-08.48.38:724][ 85]LogNet: UNetConnection::Close: [UNetConnection] RemoteAddr: 127.0.0.1:55033, Name: IpConnection_1, Driver: GameNetDriver IpNetDriver_0, IsServer: YES, PC: StartPlayerController_C_1, Owner: StartPlayerController_C_1, UniqueId: NULL:MyMonstr-48E16A834064A531AB81A8A9157B9243, Channels: 10, Time: 2023.10.08-08.48.38
[2023.10.08-08.48.38:724][ 85]LogNet: UChannel::Close: Sending CloseBunch. ChIndex == 0. Name: [UChannel] ChIndex: 0, Closing: 0 [UNetConnection] RemoteAddr: 127.0.0.1:55033, Name: IpConnection_1, Driver: GameNetDriver IpNetDriver_0, IsServer: YES, PC: StartPlayerController_C_1, Owner: StartPlayerController_C_1, UniqueId: NULL:MyMonstr-48E16A834064A531AB81A8A9157B9243
[2023.10.08-08.48.38:725][ 85]LogOnlineSession: Warning: OSS: No game present to leave for session (GameSession)
[2023.10.08-08.48.50:721][445]LogNet: UChannel::ReceivedSequencedBunch: Bunch.bClose == true. ChIndex == 0. Calling ConditionalCleanUp.
[2023.10.08-08.48.50:722][445]LogNet: UChannel::CleanUp: ChIndex == 0. Closing connection. [UChannel] ChIndex: 0, Closing: 0 [UNetConnection] RemoteAddr: 127.0.0.1:55032, Name: IpConnection_0, Driver: GameNetDriver IpNetDriver_0, IsServer: YES, PC: StartPlayerController_C_0, Owner: StartPlayerController_C_0, UniqueId: NULL:MyMonstr-73B89386469F7894935AFEA9B9B0AF8C
[2023.10.08-08.48.50:722][445]LogNet: UNetConnection::Close: [UNetConnection] RemoteAddr: 127.0.0.1:55032, Name: IpConnection_0, Driver: GameNetDriver IpNetDriver_0, IsServer: YES, PC: StartPlayerController_C_0, Owner: StartPlayerController_C_0, UniqueId: NULL:MyMonstr-73B89386469F7894935AFEA9B9B0AF8C, Channels: 8, Time: 2023.10.08-08.48.50
[2023.10.08-08.48.50:722][445]LogNet: UChannel::Close: Sending CloseBunch. ChIndex == 0. Name: [UChannel] ChIndex: 0, Closing: 0 [UNetConnection] RemoteAddr: 127.0.0.1:55032, Name: IpConnection_0, Driver: GameNetDriver IpNetDriver_0, IsServer: YES, PC: StartPlayerController_C_0, Owner: StartPlayerController_C_0, UniqueId: NULL:MyMonstr-73B89386469F7894935AFEA9B9B0AF8C
[2023.10.08-08.48.50:722][445]LogOnlineSession: Warning: OSS: No game present to leave for session (GameSession)
