Log file open, 10/08/23 12:27:06
LogWindows: Failed to load 'aqProf.dll' (GetLastError=126)
LogWindows: File 'aqProf.dll' does not exist
LogWindows: Failed to load 'VtuneApi.dll' (GetLastError=126)
LogWindows: File 'VtuneApi.dll' does not exist
LogWindows: Failed to load 'VtuneApi32e.dll' (GetLastError=126)
LogWindows: File 'VtuneApi32e.dll' does not exist
LogConsoleResponse: Display: Failed to find resolution value strings in scalability ini. Falling back to default.
LogConsoleResponse: Display: Failed to find resolution value strings in scalability ini. Falling back to default.
LogInit: Display: Running engine for game: PingPong
LogPlatformFile: Not using cached read wrapper
LogTaskGraph: Started task graph with 5 named threads and 17 total threads with 3 sets of task threads.
LogStats: Stats thread started at 0.228770
LogICUInternationalization: ICU TimeZone Detection - Raw Offset: +2:00, Platform Override: ''
LogInit: Display: Loading text-based GConfig....
LogPluginManager: Mounting plugin MeshPainting
LogPluginManager: Mounting plugin XGEController
LogPluginManager: Mounting plugin Paper2D
LogPluginManager: Mounting plugin AISupport
LogPluginManager: Mounting plugin EnvironmentQueryEditor
LogPluginManager: Mounting plugin LiveLink
LogPluginManager: Mounting plugin LightPropagationVolume
LogPluginManager: Mounting plugin CameraShakePreviewer
LogPluginManager: Mounting plugin GameplayCameras
LogPluginManager: Mounting plugin OodleData
LogPluginManager: Mounting plugin OodleNetwork
LogPluginManager: Mounting plugin AnimationSharing
LogPluginManager: Mounting plugin CLionSourceCodeAccess
LogPluginManager: Mounting plugin CodeLiteSourceCodeAccess
LogPluginManager: Mounting plugin GitSourceControl
LogPluginManager: Mounting plugin KDevelopSourceCodeAccess
LogPluginManager: Mounting plugin NullSourceCodeAccess
LogPluginManager: Mounting plugin PerforceSourceControl
LogPluginManager: Mounting plugin PixWinPlugin
LogPluginManager: Mounting plugin PlasticSourceControl
LogPluginManager: Mounting plugin PluginUtils
LogPluginManager: Mounting plugin PropertyAccessNode
LogPluginManager: Mounting plugin RiderSourceCodeAccess
LogPluginManager: Mounting plugin SubversionSourceControl
LogPluginManager: Mounting plugin TextureFormatOodle
LogPluginManager: Mounting plugin UObjectPlugin
LogPluginManager: Mounting plugin VisualStudioCodeSourceCodeAccess
LogPluginManager: Mounting plugin VisualStudioSourceCodeAccess
LogPluginManager: Mounting plugin XCodeSourceCodeAccess
LogPluginManager: Mounting plugin AssetManagerEditor
LogPluginManager: Mounting plugin CryptoKeys
LogPluginManager: Mounting plugin CurveEditorTools
LogPluginManager: Mounting plugin DataValidation
LogPluginManager: Mounting plugin FacialAnimation
LogPluginManager: Mounting plugin GameplayTagsEditor
LogPluginManager: Mounting plugin GeometryMode
LogPluginManager: Mounting plugin MacGraphicsSwitching
LogPluginManager: Mounting plugin MaterialAnalyzer
LogPluginManager: Mounting plugin MobileLauncherProfileWizard
LogPluginManager: Mounting plugin PluginBrowser
LogPluginManager: Mounting plugin SpeedTreeImporter
LogPluginManager: Mounting plugin DatasmithContent
LogPluginManager: Mounting plugin VariantManagerContent
LogPluginManager: Mounting plugin AlembicImporter
LogPluginManager: Mounting plugin AutomationUtils
LogPluginManager: Mounting plugin BackChannel
LogPluginManager: Mounting plugin ChaosCloth
LogPluginManager: Mounting plugin ChaosClothEditor
LogPluginManager: Mounting plugin ChaosEditor
LogPluginManager: Mounting plugin ChaosNiagara
LogPluginManager: Mounting plugin ChaosSolverPlugin
LogPluginManager: Mounting plugin CharacterAI
LogPluginManager: Mounting plugin GeometryCache
LogPluginManager: Mounting plugin GeometryCollectionPlugin
LogPluginManager: Mounting plugin GeometryProcessing
LogPluginManager: Mounting plugin MotoSynth
LogPluginManager: Mounting plugin OpenImageDenoise
LogPluginManager: Mounting plugin PlanarCut
LogPluginManager: Mounting plugin PlatformCrypto
LogPluginManager: Mounting plugin ProxyLODPlugin
LogPluginManager: Mounting plugin PythonScriptPlugin
LogPluginManager: Mounting plugin SkeletalReduction
LogPluginManager: Mounting plugin Niagara
LogPluginManager: Mounting plugin LuminPlatformFeatures
LogPluginManager: Mounting plugin MagicLeap
LogPluginManager: Mounting plugin MagicLeapLightEstimation
LogPluginManager: Mounting plugin MagicLeapMedia
LogPluginManager: Mounting plugin MagicLeapPassableWorld
LogPluginManager: Mounting plugin MLSDK
LogPluginManager: Mounting plugin AndroidMedia
LogPluginManager: Mounting plugin AvfMedia
LogPluginManager: Mounting plugin ImgMedia
LogPluginManager: Mounting plugin MediaCompositing
LogPluginManager: Mounting plugin MediaPlayerEditor
LogPluginManager: Mounting plugin WebMMedia
LogPluginManager: Mounting plugin WmfMedia
LogPluginManager: Mounting plugin TcpMessaging
LogPluginManager: Mounting plugin UdpMessaging
LogPluginManager: Mounting plugin ActorSequence
LogPluginManager: Mounting plugin LevelSequenceEditor
LogPluginManager: Mounting plugin MatineeToLevelSequence
LogPluginManager: Mounting plugin TemplateSequence
LogPluginManager: Mounting plugin OnlineSubsystem
LogPluginManager: Mounting plugin OnlineSubsystemNull
LogPluginManager: Mounting plugin OnlineSubsystemUtils
LogPluginManager: Mounting plugin LauncherChunkInstaller
LogPluginManager: Mounting plugin ActorLayerUtilities
LogPluginManager: Mounting plugin AndroidDeviceProfileSelector
LogPluginManager: Mounting plugin AndroidMoviePlayer
LogPluginManager: Mounting plugin AndroidPermission
LogPluginManager: Mounting plugin AppleImageUtils
LogPluginManager: Mounting plugin AppleMoviePlayer
LogPluginManager: Mounting plugin ArchVisCharacter
LogPluginManager: Mounting plugin AssetTags
LogPluginManager: Mounting plugin AudioCapture
LogPluginManager: Mounting plugin AudioSynesthesia
LogPluginManager: Mounting plugin CableComponent
LogPluginManager: Mounting plugin ChunkDownloader
LogPluginManager: Mounting plugin CustomMeshComponent
LogPluginManager: Mounting plugin EditableMesh
LogPluginManager: Mounting plugin ExampleDeviceProfileSelector
LogPluginManager: Mounting plugin GoogleCloudMessaging
LogPluginManager: Mounting plugin GooglePAD
LogPluginManager: Mounting plugin IOSDeviceProfileSelector
LogPluginManager: Mounting plugin LinuxDeviceProfileSelector
LogPluginManager: Mounting plugin LocationServicesBPLibrary
LogPluginManager: Mounting plugin MobilePatchingUtils
LogPluginManager: Mounting plugin OpenXR
LogPluginManager: Mounting plugin OpenXREyeTracker
LogPluginManager: Mounting plugin OpenXRHandTracking
LogPluginManager: Mounting plugin PhysXVehicles
LogPluginManager: Mounting plugin PostSplashScreen
LogPluginManager: Mounting plugin ProceduralMeshComponent
LogPluginManager: Mounting plugin PropertyAccessEditor
LogPluginManager: Mounting plugin RuntimePhysXCooking
LogPluginManager: Mounting plugin SignificanceManager
LogPluginManager: Mounting plugin SoundFields
LogPluginManager: Mounting plugin Synthesis
LogPluginManager: Mounting plugin WebMMoviePlayer
LogPluginManager: Mounting plugin WindowsMoviePlayer
LogPluginManager: Mounting plugin ScreenshotTools
LogPluginManager: Mounting plugin Takes
LogPluginManager: Mounting plugin ContentBrowserAssetDataSource
LogPluginManager: Mounting plugin ContentBrowserClassDataSource
LogPluginManager: Mounting plugin ContentBrowserFileDataSource
LogPluginManager: Mounting plugin OnlineSubsystemGooglePlay
LogPluginManager: Mounting plugin OnlineSubsystemIOS
LogPluginManager: Mounting plugin OculusVR
LogPluginManager: Mounting plugin SteamVR
PixWinPlugin: PIX capture plugin failed to initialize! Check that the process is launched from PIX.
LogInit: Using libcurl 7.55.1-DEV
LogInit:  - built for x86_64-pc-win32
LogInit:  - supports SSL with OpenSSL/1.1.1
LogInit:  - supports HTTP deflate (compression) using libz 1.2.8
LogInit:  - other features:
LogInit:      CURL_VERSION_SSL
LogInit:      CURL_VERSION_LIBZ
LogInit:      CURL_VERSION_IPV6
LogInit:      CURL_VERSION_ASYNCHDNS
LogInit:      CURL_VERSION_LARGEFILE
LogInit:      CURL_VERSION_IDN
LogInit:  CurlRequestOptions (configurable via config and command line):
LogInit:  - bVerifyPeer = true  - Libcurl will verify peer certificate
LogInit:  - bUseHttpProxy = false  - Libcurl will NOT use HTTP proxy
LogInit:  - bDontReuseConnections = false  - Libcurl will reuse connections
LogInit:  - MaxHostConnections = 16  - Libcurl will limit the number of connections to a host
LogInit:  - LocalHostAddr = Default
LogInit:  - BufferSize = 65536
LogOnline: OSS: Creating online subsystem instance for: NULL
LogInit: WinSock: version 1.1 (2.2), MaxSocks=32767, MaxUdp=65467
LogOnline: OSS: TryLoadSubsystemAndSetDefault: Loaded subsystem for module [NULL]
LogInit: Build: ++UE4+Release-4.27-CL-18319896
LogInit: Engine Version: 4.27.2-18319896+++UE4+Release-4.27
LogInit: Compatible Engine Version: 4.27.0-17155196+++UE4+Release-4.27
LogInit: Net CL: 17155196
LogInit: OS: Windows 10 (Release 2009) (), CPU: AMD Ryzen 5 5600X 6-Core Processor             , GPU: AMD Radeon RX 6700 XT
LogInit: Compiled (64-bit): Nov 30 2021 07:12:08
LogInit: Compiled with Visual C++: 19.24.28315.00
LogInit: Build Configuration: Development
LogInit: Branch Name: ++UE4+Release-4.27
LogInit: Command Line:  /Game/Start/StartLevel -game -PIEVIACONSOLE -Multiprocess -server -log GameUserSettingsINI=C:/Work/Unreal4/Projects/PingPong/Saved/Config/Windows/PIEGameUserSettings0.ini -MultiprocessSaveConfig -forcepassthrough -messaging -SessionName="Play in Standalone Game" -port=17777 -windowed
LogInit: Base Directory: C:/Program Files/Epic Games/UE_4.27/Engine/Binaries/Win64/
LogInit: Allocator: TBB
LogInit: Installed Engine Build: 1
LogDevObjectVersion: Number of dev versions registered: 29
LogDevObjectVersion:   Dev-Blueprints (B0D832E4-1F89-4F0D-ACCF-7EB736FD4AA2): 10
LogDevObjectVersion:   Dev-Build (E1C64328-A22C-4D53-A36C-8E866417BD8C): 0
LogDevObjectVersion:   Dev-Core (375EC13C-06E4-48FB-B500-84F0262A717E): 4
LogDevObjectVersion:   Dev-Editor (E4B068ED-F494-42E9-A231-DA0B2E46BB41): 40
LogDevObjectVersion:   Dev-Framework (CFFC743F-43B0-4480-9391-14DF171D2073): 37
LogDevObjectVersion:   Dev-Mobile (B02B49B5-BB20-44E9-A304-32B752E40360): 3
LogDevObjectVersion:   Dev-Networking (A4E4105C-59A1-49B5-A7C5-40C4547EDFEE): 0
LogDevObjectVersion:   Dev-Online (39C831C9-5AE6-47DC-9A44-9C173E1C8E7C): 0
LogDevObjectVersion:   Dev-Physics (78F01B33-EBEA-4F98-B9B4-84EACCB95AA2): 14
LogDevObjectVersion:   Dev-Platform (6631380F-2D4D-43E0-8009-CF276956A95A): 0
LogDevObjectVersion:   Dev-Rendering (12F88B9F-8875-4AFC-A67C-D90C383ABD29): 45
LogDevObjectVersion:   Dev-Sequencer (7B5AE74C-D270-4C10-A958-57980B212A5A): 13
LogDevObjectVersion:   Dev-VR (D7296918-1DD6-4BDD-9DE2-64A83CC13884): 3
LogDevObjectVersion:   Dev-LoadTimes (C2A15278-BFE7-4AFE-6C17-90FF531DF755): 1
LogDevObjectVersion:   Private-Geometry (6EACA3D4-40EC-4CC1-B786-8BED09428FC5): 3
LogDevObjectVersion:   Dev-AnimPhys (29E575DD-E0A3-4627-9D10-D276232CDCEA): 17
LogDevObjectVersion:   Dev-Anim (AF43A65D-7FD3-4947-9873-3E8ED9C1BB05): 15
LogDevObjectVersion:   Dev-ReflectionCapture (6B266CEC-1EC7-4B8F-A30B-E4D90942FC07): 1
LogDevObjectVersion:   Dev-Automation (0DF73D61-A23F-47EA-B727-89E90C41499A): 1
LogDevObjectVersion:   FortniteMain (601D1886-AC64-4F84-AA16-D3DE0DEAC7D6): 47
LogDevObjectVersion:   FortniteRelease (E7086368-6B23-4C58-8439-1B7016265E91): 1
LogDevObjectVersion:   Dev-Enterprise (9DFFBCD6-494F-0158-E221-12823C92A888): 10
LogDevObjectVersion:   Dev-Niagara (F2AED0AC-9AFE-416F-8664-AA7FFA26D6FC): 1
LogDevObjectVersion:   Dev-Destruction (174F1F0B-B4C6-45A5-B13F-2EE8D0FB917D): 10
LogDevObjectVersion:   Dev-Physics-Ext (35F94A83-E258-406C-A318-09F59610247C): 41
LogDevObjectVersion:   Dev-PhysicsMaterial-Chaos (B68FC16E-8B1B-42E2-B453-215C058844FE): 1
LogDevObjectVersion:   Dev-CineCamera (B2E18506-4273-CFC2-A54E-F4BB758BBA07): 1
LogDevObjectVersion:   Dev-VirtualProduction (64F58936-FD1B-42BA-BA96-7289D5D0FA4E): 1
LogDevObjectVersion:   Dev-MediaFramework (6F0ED827-A609-4895-9C91-998D90180EA4): 2
LogInit: Presizing for max 25165824 objects, including 0 objects not considered by GC, pre-allocating 0 bytes for permanent pool.
LogConfig: Applying CVar settings from Section [/Script/Engine.StreamingSettings] File [C:/Work/Unreal4/Projects/PingPong/Saved/Config/Windows/Engine.ini]
LogConfig: Setting CVar [[s.MinBulkDataSizeForAsyncLoading:131072]]
LogConfig: Setting CVar [[s.AsyncLoadingThreadEnabled:0]]
LogConfig: Setting CVar [[s.EventDrivenLoaderEnabled:1]]
LogConfig: Setting CVar [[s.WarnIfTimeLimitExceeded:0]]
LogConfig: Setting CVar [[s.TimeLimitExceededMultiplier:1.5]]
LogConfig: Setting CVar [[s.TimeLimitExceededMinTime:0.005]]
LogConfig: Setting CVar [[s.UseBackgroundLevelStreaming:1]]
LogConfig: Setting CVar [[s.PriorityAsyncLoadingExtraTime:15.0]]
LogConfig: Setting CVar [[s.LevelStreamingActorsUpdateTimeLimit:5.0]]
LogConfig: Setting CVar [[s.PriorityLevelStreamingActorsUpdateExtraTime:5.0]]
LogConfig: Setting CVar [[s.LevelStreamingComponentsRegistrationGranularity:10]]
LogConfig: Setting CVar [[s.UnregisterComponentsTimeLimit:1.0]]
LogConfig: Setting CVar [[s.LevelStreamingComponentsUnregistrationGranularity:5]]
LogConfig: Setting CVar [[s.FlushStreamingOnExit:1]]
LogInit: Object subsystem initialized
LogConfig: Setting CVar [[con.DebugEarlyDefault:1]]
LogConfig: Setting CVar [[r.setres:1280x720]]
[2023.10.08-09.27.07:064][  0]LogConfig: Setting CVar [[con.DebugEarlyDefault:1]]
[2023.10.08-09.27.07:064][  0]LogConfig: Setting CVar [[r.setres:1280x720]]
[2023.10.08-09.27.07:064][  0]LogConfig: Applying CVar settings from Section [/Script/Engine.RendererSettings] File [C:/Work/Unreal4/Projects/PingPong/Saved/Config/Windows/Engine.ini]
[2023.10.08-09.27.07:064][  0]LogConfig: Setting CVar [[r.GPUCrashDebugging:0]]
[2023.10.08-09.27.07:066][  0]LogConfig: Applying CVar settings from Section [/Script/Engine.RendererOverrideSettings] File [C:/Work/Unreal4/Projects/PingPong/Saved/Config/Windows/Engine.ini]
[2023.10.08-09.27.07:066][  0]LogConfig: Applying CVar settings from Section [/Script/Engine.StreamingSettings] File [C:/Work/Unreal4/Projects/PingPong/Saved/Config/Windows/Engine.ini]
[2023.10.08-09.27.07:066][  0]LogConfig: Setting CVar [[s.MinBulkDataSizeForAsyncLoading:131072]]
[2023.10.08-09.27.07:067][  0]LogConfig: Setting CVar [[s.AsyncLoadingThreadEnabled:0]]
[2023.10.08-09.27.07:067][  0]LogConfig: Setting CVar [[s.EventDrivenLoaderEnabled:1]]
[2023.10.08-09.27.07:067][  0]LogConfig: Setting CVar [[s.WarnIfTimeLimitExceeded:0]]
[2023.10.08-09.27.07:067][  0]LogConfig: Setting CVar [[s.TimeLimitExceededMultiplier:1.5]]
[2023.10.08-09.27.07:067][  0]LogConfig: Setting CVar [[s.TimeLimitExceededMinTime:0.005]]
[2023.10.08-09.27.07:069][  0]LogConfig: Setting CVar [[s.UseBackgroundLevelStreaming:1]]
[2023.10.08-09.27.07:069][  0]LogConfig: Setting CVar [[s.PriorityAsyncLoadingExtraTime:15.0]]
[2023.10.08-09.27.07:069][  0]LogConfig: Setting CVar [[s.LevelStreamingActorsUpdateTimeLimit:5.0]]
[2023.10.08-09.27.07:069][  0]LogConfig: Setting CVar [[s.PriorityLevelStreamingActorsUpdateExtraTime:5.0]]
[2023.10.08-09.27.07:070][  0]LogConfig: Setting CVar [[s.LevelStreamingComponentsRegistrationGranularity:10]]
[2023.10.08-09.27.07:070][  0]LogConfig: Setting CVar [[s.UnregisterComponentsTimeLimit:1.0]]
[2023.10.08-09.27.07:070][  0]LogConfig: Setting CVar [[s.LevelStreamingComponentsUnregistrationGranularity:5]]
[2023.10.08-09.27.07:070][  0]LogConfig: Setting CVar [[s.FlushStreamingOnExit:1]]
[2023.10.08-09.27.07:071][  0]LogConfig: Applying CVar settings from Section [/Script/Engine.GarbageCollectionSettings] File [C:/Work/Unreal4/Projects/PingPong/Saved/Config/Windows/Engine.ini]
[2023.10.08-09.27.07:073][  0]LogConfig: Setting CVar [[gc.MaxObjectsNotConsideredByGC:1]]
[2023.10.08-09.27.07:073][  0]LogConfig: Setting CVar [[gc.SizeOfPermanentObjectPool:0]]
[2023.10.08-09.27.07:074][  0]LogConfig: Setting CVar [[gc.FlushStreamingOnGC:0]]
[2023.10.08-09.27.07:074][  0]LogConfig: Setting CVar [[gc.NumRetriesBeforeForcingGC:10]]
[2023.10.08-09.27.07:074][  0]LogConfig: Setting CVar [[gc.AllowParallelGC:1]]
[2023.10.08-09.27.07:074][  0]LogConfig: Setting CVar [[gc.TimeBetweenPurgingPendingKillObjects:61.1]]
[2023.10.08-09.27.07:074][  0]LogConfig: Setting CVar [[gc.MaxObjectsInEditor:25165824]]
[2023.10.08-09.27.07:075][  0]LogConfig: Setting CVar [[gc.IncrementalBeginDestroyEnabled:1]]
[2023.10.08-09.27.07:075][  0]LogConfig: Setting CVar [[gc.CreateGCClusters:1]]
[2023.10.08-09.27.07:075][  0]LogConfig: Setting CVar [[gc.MinGCClusterSize:5]]
[2023.10.08-09.27.07:075][  0]LogConfig: Setting CVar [[gc.ActorClusteringEnabled:0]]
[2023.10.08-09.27.07:075][  0]LogConfig: Setting CVar [[gc.BlueprintClusteringEnabled:0]]
[2023.10.08-09.27.07:077][  0]LogConfig: Setting CVar [[gc.UseDisregardForGCOnDedicatedServers:0]]
[2023.10.08-09.27.07:077][  0]LogConfig: Setting CVar [[gc.MultithreadedDestructionEnabled:1]]
[2023.10.08-09.27.07:077][  0]LogConfig: Applying CVar settings from Section [/Script/Engine.NetworkSettings] File [C:/Work/Unreal4/Projects/PingPong/Saved/Config/Windows/Engine.ini]
[2023.10.08-09.27.07:078][  0]LogConfig: Applying CVar settings from Section [/Script/UnrealEd.CookerSettings] File [C:/Work/Unreal4/Projects/PingPong/Saved/Config/Windows/Engine.ini]
[2023.10.08-09.27.07:078][  0]LogConfig: Applying CVar settings from Section [ViewDistanceQuality@3] File [C:/Work/Unreal4/Projects/PingPong/Saved/Config/Windows/Scalability.ini]
[2023.10.08-09.27.07:078][  0]LogConfig: Setting CVar [[r.SkeletalMeshLODBias:0]]
[2023.10.08-09.27.07:078][  0]LogConfig: Setting CVar [[r.ViewDistanceScale:1.0]]
[2023.10.08-09.27.07:078][  0]LogConfig: Applying CVar settings from Section [AntiAliasingQuality@3] File [C:/Work/Unreal4/Projects/PingPong/Saved/Config/Windows/Scalability.ini]
[2023.10.08-09.27.07:079][  0]LogConfig: Setting CVar [[r.PostProcessAAQuality:4]]
[2023.10.08-09.27.07:080][  0]LogConfig: Applying CVar settings from Section [ShadowQuality@3] File [C:/Work/Unreal4/Projects/PingPong/Saved/Config/Windows/Scalability.ini]
[2023.10.08-09.27.07:080][  0]LogConfig: Setting CVar [[r.LightFunctionQuality:1]]
[2023.10.08-09.27.07:080][  0]LogConfig: Setting CVar [[r.ShadowQuality:5]]
[2023.10.08-09.27.07:080][  0]LogConfig: Setting CVar [[r.Shadow.CSM.MaxCascades:10]]
[2023.10.08-09.27.07:080][  0]LogConfig: Setting CVar [[r.Shadow.MaxResolution:2048]]
[2023.10.08-09.27.07:080][  0]LogConfig: Setting CVar [[r.Shadow.MaxCSMResolution:2048]]
[2023.10.08-09.27.07:080][  0]LogConfig: Setting CVar [[r.Shadow.RadiusThreshold:0.01]]
[2023.10.08-09.27.07:082][  0]LogConfig: Setting CVar [[r.Shadow.DistanceScale:1.0]]
[2023.10.08-09.27.07:082][  0]LogConfig: Setting CVar [[r.Shadow.CSM.TransitionScale:1.0]]
[2023.10.08-09.27.07:082][  0]LogConfig: Setting CVar [[r.Shadow.PreShadowResolutionFactor:1.0]]
[2023.10.08-09.27.07:082][  0]LogConfig: Setting CVar [[r.DistanceFieldShadowing:1]]
[2023.10.08-09.27.07:082][  0]LogConfig: Setting CVar [[r.DistanceFieldAO:1]]
[2023.10.08-09.27.07:083][  0]LogConfig: Setting CVar [[r.AOQuality:2]]
[2023.10.08-09.27.07:083][  0]LogConfig: Setting CVar [[r.VolumetricFog:1]]
[2023.10.08-09.27.07:083][  0]LogConfig: Setting CVar [[r.VolumetricFog.GridPixelSize:8]]
[2023.10.08-09.27.07:083][  0]LogConfig: Setting CVar [[r.VolumetricFog.GridSizeZ:128]]
[2023.10.08-09.27.07:083][  0]LogConfig: Setting CVar [[r.VolumetricFog.HistoryMissSupersampleCount:4]]
[2023.10.08-09.27.07:085][  0]LogConfig: Setting CVar [[r.LightMaxDrawDistanceScale:1]]
[2023.10.08-09.27.07:085][  0]LogConfig: Setting CVar [[r.CapsuleShadows:1]]
[2023.10.08-09.27.07:085][  0]LogConfig: Applying CVar settings from Section [PostProcessQuality@3] File [C:/Work/Unreal4/Projects/PingPong/Saved/Config/Windows/Scalability.ini]
[2023.10.08-09.27.07:086][  0]LogConfig: Setting CVar [[r.MotionBlurQuality:4]]
[2023.10.08-09.27.07:086][  0]LogConfig: Setting CVar [[r.AmbientOcclusionMipLevelFactor:0.4]]
[2023.10.08-09.27.07:086][  0]LogConfig: Setting CVar [[r.AmbientOcclusionMaxQuality:100]]
[2023.10.08-09.27.07:086][  0]LogConfig: Setting CVar [[r.AmbientOcclusionLevels:-1]]
[2023.10.08-09.27.07:086][  0]LogConfig: Setting CVar [[r.AmbientOcclusionRadiusScale:1.0]]
[2023.10.08-09.27.07:088][  0]LogConfig: Setting CVar [[r.DepthOfFieldQuality:2]]
[2023.10.08-09.27.07:088][  0]LogConfig: Setting CVar [[r.RenderTargetPoolMin:400]]
[2023.10.08-09.27.07:088][  0]LogConfig: Setting CVar [[r.LensFlareQuality:2]]
[2023.10.08-09.27.07:090][  0]LogConfig: Setting CVar [[r.SceneColorFringeQuality:1]]
[2023.10.08-09.27.07:090][  0]LogConfig: Setting CVar [[r.EyeAdaptationQuality:2]]
[2023.10.08-09.27.07:090][  0]LogConfig: Setting CVar [[r.BloomQuality:5]]
[2023.10.08-09.27.07:090][  0]LogConfig: Setting CVar [[r.FastBlurThreshold:100]]
[2023.10.08-09.27.07:090][  0]LogConfig: Setting CVar [[r.Upscale.Quality:3]]
[2023.10.08-09.27.07:091][  0]LogConfig: Setting CVar [[r.Tonemapper.GrainQuantization:1]]
[2023.10.08-09.27.07:091][  0]LogConfig: Setting CVar [[r.LightShaftQuality:1]]
[2023.10.08-09.27.07:091][  0]LogConfig: Setting CVar [[r.Filter.SizeScale:1]]
[2023.10.08-09.27.07:091][  0]LogConfig: Setting CVar [[r.Tonemapper.Quality:5]]
[2023.10.08-09.27.07:091][  0]LogConfig: Setting CVar [[r.DOF.Gather.AccumulatorQuality:1        ; higher gathering accumulator quality]]
[2023.10.08-09.27.07:093][  0]LogConfig: Setting CVar [[r.DOF.Gather.PostfilterMethod:1          ; Median3x3 postfilering method]]
[2023.10.08-09.27.07:093][  0]LogConfig: Setting CVar [[r.DOF.Gather.EnableBokehSettings:0       ; no bokeh simulation when gathering]]
[2023.10.08-09.27.07:093][  0]LogConfig: Setting CVar [[r.DOF.Gather.RingCount:4                 ; medium number of samples when gathering]]
[2023.10.08-09.27.07:094][  0]LogConfig: Setting CVar [[r.DOF.Scatter.ForegroundCompositing:1    ; additive foreground scattering]]
[2023.10.08-09.27.07:094][  0]LogConfig: Setting CVar [[r.DOF.Scatter.BackgroundCompositing:2    ; additive background scattering]]
[2023.10.08-09.27.07:094][  0]LogConfig: Setting CVar [[r.DOF.Scatter.EnableBokehSettings:1      ; bokeh simulation when scattering]]
[2023.10.08-09.27.07:094][  0]LogConfig: Setting CVar [[r.DOF.Scatter.MaxSpriteRatio:0.1         ; only a maximum of 10% of scattered bokeh]]
[2023.10.08-09.27.07:094][  0]LogConfig: Setting CVar [[r.DOF.Recombine.Quality:1                ; cheap slight out of focus]]
[2023.10.08-09.27.07:095][  0]LogConfig: Setting CVar [[r.DOF.Recombine.EnableBokehSettings:0    ; no bokeh simulation on slight out of focus]]
[2023.10.08-09.27.07:096][  0]LogConfig: Setting CVar [[r.DOF.TemporalAAQuality:1                ; more stable temporal accumulation]]
[2023.10.08-09.27.07:096][  0]LogConfig: Setting CVar [[r.DOF.Kernel.MaxForegroundRadius:0.025]]
[2023.10.08-09.27.07:096][  0]LogConfig: Setting CVar [[r.DOF.Kernel.MaxBackgroundRadius:0.025]]
[2023.10.08-09.27.07:096][  0]LogConfig: Applying CVar settings from Section [TextureQuality@3] File [C:/Work/Unreal4/Projects/PingPong/Saved/Config/Windows/Scalability.ini]
[2023.10.08-09.27.07:096][  0]LogConfig: Setting CVar [[r.Streaming.MipBias:0]]
[2023.10.08-09.27.07:096][  0]LogConfig: Setting CVar [[r.Streaming.AmortizeCPUToGPUCopy:0]]
[2023.10.08-09.27.07:096][  0]LogConfig: Setting CVar [[r.Streaming.MaxNumTexturesToStreamPerFrame:0]]
[2023.10.08-09.27.07:098][  0]LogConfig: Setting CVar [[r.Streaming.Boost:1]]
[2023.10.08-09.27.07:098][  0]LogConfig: Setting CVar [[r.MaxAnisotropy:8]]
[2023.10.08-09.27.07:098][  0]LogConfig: Setting CVar [[r.VT.MaxAnisotropy:8]]
[2023.10.08-09.27.07:098][  0]LogConfig: Setting CVar [[r.Streaming.LimitPoolSizeToVRAM:0]]
[2023.10.08-09.27.07:098][  0]LogConfig: Setting CVar [[r.Streaming.PoolSize:1000]]
[2023.10.08-09.27.07:099][  0]LogConfig: Setting CVar [[r.Streaming.MaxEffectiveScreenSize:0]]
[2023.10.08-09.27.07:099][  0]LogConfig: Applying CVar settings from Section [EffectsQuality@3] File [C:/Work/Unreal4/Projects/PingPong/Saved/Config/Windows/Scalability.ini]
[2023.10.08-09.27.07:099][  0]LogConfig: Setting CVar [[r.TranslucencyLightingVolumeDim:64]]
[2023.10.08-09.27.07:099][  0]LogConfig: Setting CVar [[r.RefractionQuality:2]]
[2023.10.08-09.27.07:099][  0]LogConfig: Setting CVar [[r.SSR.Quality:3]]
[2023.10.08-09.27.07:101][  0]LogConfig: Setting CVar [[r.SSR.HalfResSceneColor:0]]
[2023.10.08-09.27.07:101][  0]LogConfig: Setting CVar [[r.SceneColorFormat:4]]
[2023.10.08-09.27.07:101][  0]LogConfig: Setting CVar [[r.DetailMode:2]]
[2023.10.08-09.27.07:102][  0]LogConfig: Setting CVar [[r.TranslucencyVolumeBlur:1]]
[2023.10.08-09.27.07:102][  0]LogConfig: Setting CVar [[r.MaterialQualityLevel:1 ; High quality]]
[2023.10.08-09.27.07:102][  0]LogConfig: Setting CVar [[r.AnisotropicMaterials:1]]
[2023.10.08-09.27.07:102][  0]LogConfig: Setting CVar [[r.SSS.Scale:1]]
[2023.10.08-09.27.07:102][  0]LogConfig: Setting CVar [[r.SSS.SampleSet:2]]
[2023.10.08-09.27.07:104][  0]LogConfig: Setting CVar [[r.SSS.Quality:1]]
[2023.10.08-09.27.07:104][  0]LogConfig: Setting CVar [[r.SSS.HalfRes:0]]
[2023.10.08-09.27.07:104][  0]LogConfig: Setting CVar [[r.SSGI.Quality:3]]
[2023.10.08-09.27.07:106][  0]LogConfig: Setting CVar [[r.EmitterSpawnRateScale:1.0]]
[2023.10.08-09.27.07:106][  0]LogConfig: Setting CVar [[r.ParticleLightQuality:2]]
[2023.10.08-09.27.07:106][  0]LogConfig: Setting CVar [[r.SkyAtmosphere.AerialPerspectiveLUT.FastApplyOnOpaque:1 ; Always have FastSkyLUT 1 in this case to avoid wrong sky]]
[2023.10.08-09.27.07:106][  0]LogConfig: Setting CVar [[r.SkyAtmosphere.AerialPerspectiveLUT.SampleCountMaxPerSlice:4]]
[2023.10.08-09.27.07:106][  0]LogConfig: Setting CVar [[r.SkyAtmosphere.AerialPerspectiveLUT.DepthResolution:16.0]]
[2023.10.08-09.27.07:107][  0]LogConfig: Setting CVar [[r.SkyAtmosphere.FastSkyLUT:1]]
[2023.10.08-09.27.07:107][  0]LogConfig: Setting CVar [[r.SkyAtmosphere.FastSkyLUT.SampleCountMin:4.0]]
[2023.10.08-09.27.07:107][  0]LogConfig: Setting CVar [[r.SkyAtmosphere.FastSkyLUT.SampleCountMax:128.0]]
[2023.10.08-09.27.07:107][  0]LogConfig: Setting CVar [[r.SkyAtmosphere.SampleCountMin:4.0]]
[2023.10.08-09.27.07:107][  0]LogConfig: Setting CVar [[r.SkyAtmosphere.SampleCountMax:128.0]]
[2023.10.08-09.27.07:109][  0]LogConfig: Setting CVar [[r.SkyAtmosphere.TransmittanceLUT.UseSmallFormat:0]]
[2023.10.08-09.27.07:109][  0]LogConfig: Setting CVar [[r.SkyAtmosphere.TransmittanceLUT.SampleCount:10.0]]
[2023.10.08-09.27.07:109][  0]LogConfig: Setting CVar [[r.SkyAtmosphere.MultiScatteringLUT.SampleCount:15.0]]
[2023.10.08-09.27.07:110][  0]LogConfig: Setting CVar [[r.SkyLight.RealTimeReflectionCapture:1]]
[2023.10.08-09.27.07:110][  0]LogConfig: Applying CVar settings from Section [FoliageQuality@3] File [C:/Work/Unreal4/Projects/PingPong/Saved/Config/Windows/Scalability.ini]
[2023.10.08-09.27.07:110][  0]LogConfig: Setting CVar [[foliage.DensityScale:1.0]]
[2023.10.08-09.27.07:110][  0]LogConfig: Setting CVar [[grass.DensityScale:1.0]]
[2023.10.08-09.27.07:110][  0]LogConfig: Applying CVar settings from Section [ShadingQuality@3] File [C:/Work/Unreal4/Projects/PingPong/Saved/Config/Windows/Scalability.ini]
[2023.10.08-09.27.07:111][  0]LogConfig: Setting CVar [[r.HairStrands.SkyLighting.IntegrationType:2]]
[2023.10.08-09.27.07:112][  0]LogConfig: Setting CVar [[r.HairStrands.SkyAO.SampleCount:4]]
[2023.10.08-09.27.07:112][  0]LogConfig: Setting CVar [[r.HairStrands.Visibility.MSAA.SamplePerPixel:4]]
[2023.10.08-09.27.07:112][  0]LogInit: Selected Device Profile: [Windows]
[2023.10.08-09.27.07:112][  0]LogInit: Applying CVar settings loaded from the selected device profile: [Windows]
[2023.10.08-09.27.07:112][  0]LogHAL: Display: Platform has ~ 32 GB [34265911296 / 34359738368 / 32], which maps to Largest [LargestMinGB=32, LargerMinGB=12, DefaultMinGB=8, SmallerMinGB=6, SmallestMinGB=0)
[2023.10.08-09.27.07:112][  0]LogInit: Going up to parent DeviceProfile []
[2023.10.08-09.27.07:112][  0]LogConfig: Applying CVar settings from Section [ViewDistanceQuality@3] File [C:/Work/Unreal4/Projects/PingPong/Saved/Config/Windows/Scalability.ini]
[2023.10.08-09.27.07:114][  0]LogConfig: Setting CVar [[r.SkeletalMeshLODBias:0]]
[2023.10.08-09.27.07:114][  0]LogConfig: Setting CVar [[r.ViewDistanceScale:1.0]]
[2023.10.08-09.27.07:114][  0]LogConfig: Applying CVar settings from Section [AntiAliasingQuality@3] File [C:/Work/Unreal4/Projects/PingPong/Saved/Config/Windows/Scalability.ini]
[2023.10.08-09.27.07:114][  0]LogConfig: Setting CVar [[r.PostProcessAAQuality:4]]
[2023.10.08-09.27.07:114][  0]LogConfig: Applying CVar settings from Section [ShadowQuality@3] File [C:/Work/Unreal4/Projects/PingPong/Saved/Config/Windows/Scalability.ini]
[2023.10.08-09.27.07:115][  0]LogConfig: Setting CVar [[r.LightFunctionQuality:1]]
[2023.10.08-09.27.07:115][  0]LogConfig: Setting CVar [[r.ShadowQuality:5]]
[2023.10.08-09.27.07:115][  0]LogConfig: Setting CVar [[r.Shadow.CSM.MaxCascades:10]]
[2023.10.08-09.27.07:115][  0]LogConfig: Setting CVar [[r.Shadow.MaxResolution:2048]]
[2023.10.08-09.27.07:115][  0]LogConfig: Setting CVar [[r.Shadow.MaxCSMResolution:2048]]
[2023.10.08-09.27.07:117][  0]LogConfig: Setting CVar [[r.Shadow.RadiusThreshold:0.01]]
[2023.10.08-09.27.07:117][  0]LogConfig: Setting CVar [[r.Shadow.DistanceScale:1.0]]
[2023.10.08-09.27.07:117][  0]LogConfig: Setting CVar [[r.Shadow.CSM.TransitionScale:1.0]]
[2023.10.08-09.27.07:118][  0]LogConfig: Setting CVar [[r.Shadow.PreShadowResolutionFactor:1.0]]
[2023.10.08-09.27.07:118][  0]LogConfig: Setting CVar [[r.DistanceFieldShadowing:1]]
[2023.10.08-09.27.07:118][  0]LogConfig: Setting CVar [[r.DistanceFieldAO:1]]
[2023.10.08-09.27.07:118][  0]LogConfig: Setting CVar [[r.AOQuality:2]]
[2023.10.08-09.27.07:118][  0]LogConfig: Setting CVar [[r.VolumetricFog:1]]
[2023.10.08-09.27.07:119][  0]LogConfig: Setting CVar [[r.VolumetricFog.GridPixelSize:8]]
[2023.10.08-09.27.07:121][  0]LogConfig: Setting CVar [[r.VolumetricFog.GridSizeZ:128]]
[2023.10.08-09.27.07:121][  0]LogConfig: Setting CVar [[r.VolumetricFog.HistoryMissSupersampleCount:4]]
[2023.10.08-09.27.07:121][  0]LogConfig: Setting CVar [[r.LightMaxDrawDistanceScale:1]]
[2023.10.08-09.27.07:122][  0]LogConfig: Setting CVar [[r.CapsuleShadows:1]]
[2023.10.08-09.27.07:122][  0]LogConfig: Applying CVar settings from Section [PostProcessQuality@3] File [C:/Work/Unreal4/Projects/PingPong/Saved/Config/Windows/Scalability.ini]
[2023.10.08-09.27.07:122][  0]LogConfig: Setting CVar [[r.MotionBlurQuality:4]]
[2023.10.08-09.27.07:122][  0]LogConfig: Setting CVar [[r.AmbientOcclusionMipLevelFactor:0.4]]
[2023.10.08-09.27.07:123][  0]LogConfig: Setting CVar [[r.AmbientOcclusionMaxQuality:100]]
[2023.10.08-09.27.07:123][  0]LogConfig: Setting CVar [[r.AmbientOcclusionLevels:-1]]
[2023.10.08-09.27.07:123][  0]LogConfig: Setting CVar [[r.AmbientOcclusionRadiusScale:1.0]]
[2023.10.08-09.27.07:123][  0]LogConfig: Setting CVar [[r.DepthOfFieldQuality:2]]
[2023.10.08-09.27.07:123][  0]LogConfig: Setting CVar [[r.RenderTargetPoolMin:400]]
[2023.10.08-09.27.07:125][  0]LogConfig: Setting CVar [[r.LensFlareQuality:2]]
[2023.10.08-09.27.07:125][  0]LogConfig: Setting CVar [[r.SceneColorFringeQuality:1]]
[2023.10.08-09.27.07:125][  0]LogConfig: Setting CVar [[r.EyeAdaptationQuality:2]]
[2023.10.08-09.27.07:125][  0]LogConfig: Setting CVar [[r.BloomQuality:5]]
[2023.10.08-09.27.07:126][  0]LogConfig: Setting CVar [[r.FastBlurThreshold:100]]
[2023.10.08-09.27.07:126][  0]LogConfig: Setting CVar [[r.Upscale.Quality:3]]
[2023.10.08-09.27.07:126][  0]LogConfig: Setting CVar [[r.Tonemapper.GrainQuantization:1]]
[2023.10.08-09.27.07:126][  0]LogConfig: Setting CVar [[r.LightShaftQuality:1]]
[2023.10.08-09.27.07:126][  0]LogConfig: Setting CVar [[r.Filter.SizeScale:1]]
[2023.10.08-09.27.07:128][  0]LogConfig: Setting CVar [[r.Tonemapper.Quality:5]]
[2023.10.08-09.27.07:128][  0]LogConfig: Setting CVar [[r.DOF.Gather.AccumulatorQuality:1        ; higher gathering accumulator quality]]
[2023.10.08-09.27.07:128][  0]LogConfig: Setting CVar [[r.DOF.Gather.PostfilterMethod:1          ; Median3x3 postfilering method]]
[2023.10.08-09.27.07:128][  0]LogConfig: Setting CVar [[r.DOF.Gather.EnableBokehSettings:0       ; no bokeh simulation when gathering]]
[2023.10.08-09.27.07:128][  0]LogConfig: Setting CVar [[r.DOF.Gather.RingCount:4                 ; medium number of samples when gathering]]
[2023.10.08-09.27.07:128][  0]LogConfig: Setting CVar [[r.DOF.Scatter.ForegroundCompositing:1    ; additive foreground scattering]]
[2023.10.08-09.27.07:128][  0]LogConfig: Setting CVar [[r.DOF.Scatter.BackgroundCompositing:2    ; additive background scattering]]
[2023.10.08-09.27.07:128][  0]LogConfig: Setting CVar [[r.DOF.Scatter.EnableBokehSettings:1      ; bokeh simulation when scattering]]
[2023.10.08-09.27.07:130][  0]LogConfig: Setting CVar [[r.DOF.Scatter.MaxSpriteRatio:0.1         ; only a maximum of 10% of scattered bokeh]]
[2023.10.08-09.27.07:130][  0]LogConfig: Setting CVar [[r.DOF.Recombine.Quality:1                ; cheap slight out of focus]]
[2023.10.08-09.27.07:130][  0]LogConfig: Setting CVar [[r.DOF.Recombine.EnableBokehSettings:0    ; no bokeh simulation on slight out of focus]]
[2023.10.08-09.27.07:130][  0]LogConfig: Setting CVar [[r.DOF.TemporalAAQuality:1                ; more stable temporal accumulation]]
[2023.10.08-09.27.07:131][  0]LogConfig: Setting CVar [[r.DOF.Kernel.MaxForegroundRadius:0.025]]
[2023.10.08-09.27.07:131][  0]LogConfig: Setting CVar [[r.DOF.Kernel.MaxBackgroundRadius:0.025]]
[2023.10.08-09.27.07:131][  0]LogConfig: Applying CVar settings from Section [TextureQuality@3] File [C:/Work/Unreal4/Projects/PingPong/Saved/Config/Windows/Scalability.ini]
[2023.10.08-09.27.07:131][  0]LogConfig: Setting CVar [[r.Streaming.MipBias:0]]
[2023.10.08-09.27.07:131][  0]LogConfig: Setting CVar [[r.Streaming.AmortizeCPUToGPUCopy:0]]
[2023.10.08-09.27.07:133][  0]LogConfig: Setting CVar [[r.Streaming.MaxNumTexturesToStreamPerFrame:0]]
[2023.10.08-09.27.07:133][  0]LogConfig: Setting CVar [[r.Streaming.Boost:1]]
[2023.10.08-09.27.07:133][  0]LogConfig: Setting CVar [[r.MaxAnisotropy:8]]
[2023.10.08-09.27.07:134][  0]LogConfig: Setting CVar [[r.VT.MaxAnisotropy:8]]
[2023.10.08-09.27.07:134][  0]LogConfig: Setting CVar [[r.Streaming.LimitPoolSizeToVRAM:0]]
[2023.10.08-09.27.07:134][  0]LogConfig: Setting CVar [[r.Streaming.PoolSize:1000]]
[2023.10.08-09.27.07:134][  0]LogConfig: Setting CVar [[r.Streaming.MaxEffectiveScreenSize:0]]
[2023.10.08-09.27.07:134][  0]LogConfig: Applying CVar settings from Section [EffectsQuality@3] File [C:/Work/Unreal4/Projects/PingPong/Saved/Config/Windows/Scalability.ini]
[2023.10.08-09.27.07:135][  0]LogConfig: Setting CVar [[r.TranslucencyLightingVolumeDim:64]]
[2023.10.08-09.27.07:137][  0]LogConfig: Setting CVar [[r.RefractionQuality:2]]
[2023.10.08-09.27.07:137][  0]LogConfig: Setting CVar [[r.SSR.Quality:3]]
[2023.10.08-09.27.07:137][  0]LogConfig: Setting CVar [[r.SSR.HalfResSceneColor:0]]
[2023.10.08-09.27.07:138][  0]LogConfig: Setting CVar [[r.SceneColorFormat:4]]
[2023.10.08-09.27.07:138][  0]LogConfig: Setting CVar [[r.DetailMode:2]]
[2023.10.08-09.27.07:139][  0]LogConfig: Setting CVar [[r.TranslucencyVolumeBlur:1]]
[2023.10.08-09.27.07:139][  0]LogConfig: Setting CVar [[r.MaterialQualityLevel:1 ; High quality]]
[2023.10.08-09.27.07:139][  0]LogConfig: Setting CVar [[r.AnisotropicMaterials:1]]
[2023.10.08-09.27.07:140][  0]LogConfig: Setting CVar [[r.SSS.Scale:1]]
[2023.10.08-09.27.07:140][  0]LogConfig: Setting CVar [[r.SSS.SampleSet:2]]
[2023.10.08-09.27.07:141][  0]LogConfig: Setting CVar [[r.SSS.Quality:1]]
[2023.10.08-09.27.07:141][  0]LogConfig: Setting CVar [[r.SSS.HalfRes:0]]
[2023.10.08-09.27.07:141][  0]LogConfig: Setting CVar [[r.SSGI.Quality:3]]
[2023.10.08-09.27.07:141][  0]LogConfig: Setting CVar [[r.EmitterSpawnRateScale:1.0]]
[2023.10.08-09.27.07:142][  0]LogConfig: Setting CVar [[r.ParticleLightQuality:2]]
[2023.10.08-09.27.07:142][  0]LogConfig: Setting CVar [[r.SkyAtmosphere.AerialPerspectiveLUT.FastApplyOnOpaque:1 ; Always have FastSkyLUT 1 in this case to avoid wrong sky]]
[2023.10.08-09.27.07:142][  0]LogConfig: Setting CVar [[r.SkyAtmosphere.AerialPerspectiveLUT.SampleCountMaxPerSlice:4]]
[2023.10.08-09.27.07:142][  0]LogConfig: Setting CVar [[r.SkyAtmosphere.AerialPerspectiveLUT.DepthResolution:16.0]]
[2023.10.08-09.27.07:142][  0]LogConfig: Setting CVar [[r.SkyAtmosphere.FastSkyLUT:1]]
[2023.10.08-09.27.07:143][  0]LogConfig: Setting CVar [[r.SkyAtmosphere.FastSkyLUT.SampleCountMin:4.0]]
[2023.10.08-09.27.07:144][  0]LogConfig: Setting CVar [[r.SkyAtmosphere.FastSkyLUT.SampleCountMax:128.0]]
[2023.10.08-09.27.07:144][  0]LogConfig: Setting CVar [[r.SkyAtmosphere.SampleCountMin:4.0]]
[2023.10.08-09.27.07:144][  0]LogConfig: Setting CVar [[r.SkyAtmosphere.SampleCountMax:128.0]]
[2023.10.08-09.27.07:144][  0]LogConfig: Setting CVar [[r.SkyAtmosphere.TransmittanceLUT.UseSmallFormat:0]]
[2023.10.08-09.27.07:144][  0]LogConfig: Setting CVar [[r.SkyAtmosphere.TransmittanceLUT.SampleCount:10.0]]
[2023.10.08-09.27.07:144][  0]LogConfig: Setting CVar [[r.SkyAtmosphere.MultiScatteringLUT.SampleCount:15.0]]
[2023.10.08-09.27.07:144][  0]LogConfig: Setting CVar [[r.SkyLight.RealTimeReflectionCapture:1]]
[2023.10.08-09.27.07:146][  0]LogConfig: Applying CVar settings from Section [FoliageQuality@3] File [C:/Work/Unreal4/Projects/PingPong/Saved/Config/Windows/Scalability.ini]
[2023.10.08-09.27.07:146][  0]LogConfig: Setting CVar [[foliage.DensityScale:1.0]]
[2023.10.08-09.27.07:146][  0]LogConfig: Setting CVar [[grass.DensityScale:1.0]]
[2023.10.08-09.27.07:146][  0]LogConfig: Applying CVar settings from Section [ShadingQuality@3] File [C:/Work/Unreal4/Projects/PingPong/Saved/Config/Windows/Scalability.ini]
[2023.10.08-09.27.07:147][  0]LogConfig: Setting CVar [[r.HairStrands.SkyLighting.IntegrationType:2]]
[2023.10.08-09.27.07:147][  0]LogConfig: Setting CVar [[r.HairStrands.SkyAO.SampleCount:4]]
[2023.10.08-09.27.07:147][  0]LogConfig: Setting CVar [[r.HairStrands.Visibility.MSAA.SamplePerPixel:4]]
[2023.10.08-09.27.07:147][  0]LogConfig: Applying CVar settings from Section [Startup] File [../../../Engine/Config/ConsoleVariables.ini]
[2023.10.08-09.27.07:149][  0]LogConfig: Setting CVar [[net.UseAdaptiveNetUpdateFrequency:0]]
[2023.10.08-09.27.07:149][  0]LogConfig: Setting CVar [[p.chaos.AllowCreatePhysxBodies:1]]
[2023.10.08-09.27.07:149][  0]LogConfig: Setting CVar [[fx.SkipVectorVMBackendOptimizations:1]]
[2023.10.08-09.27.07:149][  0]LogConfig: Applying CVar settings from Section [ConsoleVariables] File [C:/Work/Unreal4/Projects/PingPong/Saved/Config/Windows/Engine.ini]
[2023.10.08-09.27.07:149][  0]LogConfig: Applying CVar settings from Section [ConsoleVariables] File [C:/Work/Unreal4/Projects/PingPong/Saved/Config/Windows/Editor.ini]
[2023.10.08-09.27.07:150][  0]LogInit: Computer: MYMONSTR
[2023.10.08-09.27.07:150][  0]LogInit: User: Олег
[2023.10.08-09.27.07:150][  0]LogInit: CPU Page size=4096, Cores=6
[2023.10.08-09.27.07:150][  0]LogInit: High frequency timer resolution =10.000000 MHz
[2023.10.08-09.27.07:151][  0]LogMemory: Memory total: Physical=31.9GB (32GB approx)
[2023.10.08-09.27.07:153][  0]LogMemory: Platform Memory Stats for Windows
[2023.10.08-09.27.07:153][  0]LogMemory: Process Physical Memory: 138.77 MB used, 138.77 MB peak
[2023.10.08-09.27.07:153][  0]LogMemory: Process Virtual Memory: 121.55 MB used, 121.55 MB peak
[2023.10.08-09.27.07:153][  0]LogMemory: Physical Memory: 14117.93 MB used,  18560.59 MB free, 32678.52 MB total
[2023.10.08-09.27.07:154][  0]LogMemory: Virtual Memory: 134201112.00 MB used,  16619.63 MB free, 134217728.00 MB total
[2023.10.08-09.27.07:155][  0]LogWindows: WindowsPlatformFeatures disabled or dedicated server build
[2023.10.08-09.27.07:162][  0]LogInit: Physics initialised using underlying interface: PhysX
[2023.10.08-09.27.07:162][  0]LogInit: Using OS detected language (ru-RU).
[2023.10.08-09.27.07:162][  0]LogInit: Using OS detected locale (ru-RU).
[2023.10.08-09.27.07:165][  0]LogTextLocalizationManager: No specific localization for 'ru-RU' exists, so the 'ru' localization will be used.
[2023.10.08-09.27.07:167][  0]LogTextLocalizationResource: LocRes '../../../Engine/Content/Localization/Editor/ru/Editor.locres' could not be opened for reading!
[2023.10.08-09.27.07:168][  0]LogTextLocalizationResource: LocRes '../../../Engine/Content/Localization/EditorTutorials/ru/EditorTutorials.locres' could not be opened for reading!
[2023.10.08-09.27.07:169][  0]LogTextLocalizationResource: LocRes '../../../Engine/Content/Localization/Keywords/ru/Keywords.locres' could not be opened for reading!
[2023.10.08-09.27.07:169][  0]LogTextLocalizationResource: LocRes '../../../Engine/Content/Localization/Category/ru/Category.locres' could not be opened for reading!
[2023.10.08-09.27.07:169][  0]LogTextLocalizationResource: LocRes '../../../Engine/Content/Localization/ToolTips/ru/ToolTips.locres' could not be opened for reading!
[2023.10.08-09.27.07:169][  0]LogTextLocalizationResource: LocRes '../../../Engine/Content/Localization/PropertyNames/ru/PropertyNames.locres' could not be opened for reading!
[2023.10.08-09.27.07:169][  0]LogTextLocalizationResource: LocRes '../../../Engine/Content/Localization/Engine/ru/Engine.locres' could not be opened for reading!
[2023.10.08-09.27.07:357][  0]LogTargetPlatformManager: Display: Loaded TargetPlatform 'WindowsNoEditor'
[2023.10.08-09.27.07:360][  0]LogTargetPlatformManager: Display: Loaded TargetPlatform 'Windows'
[2023.10.08-09.27.07:362][  0]LogTargetPlatformManager: Display: Loaded TargetPlatform 'WindowsClient'
[2023.10.08-09.27.07:364][  0]LogTargetPlatformManager: Display: Loaded TargetPlatform 'WindowsServer'
[2023.10.08-09.27.07:364][  0]LogTargetPlatformManager: Display: Building Assets For Windows
[2023.10.08-09.27.07:366][  0]LogAudioDebug: Display: Lib vorbis DLL was dynamically loaded.
[2023.10.08-09.27.07:377][  0]LogTextureFormatOodle: Display: Oodle Texture 2.9.0 init RDO Off
[2023.10.08-09.27.07:389][  0]LogRendererCore: Ray tracing is disabled. Reason: r.RayTracing=0.
[2023.10.08-09.27.07:389][  0]LogShaderCompilers: Guid format shader working directory is -3 characters bigger than the processId version (../../../../../../Work/Unreal4/Projects/PingPong/Intermediate/Shaders/WorkingDirectory/3952/).
[2023.10.08-09.27.07:390][  0]LogShaderCompilers: Cleaned the shader compiler working directory 'C:/Users/Олег/AppData/Local/Temp/UnrealShaderWorkingDir/E0AEA6B44C4670A916DCAEB28E0A18A4/'.
[2023.10.08-09.27.07:390][  0]LogXGEController: Cannot use XGE Controller as Incredibuild is not installed on this machine.
[2023.10.08-09.27.07:390][  0]LogShaderCompilers: Cannot use XGE Shader Compiler as Incredibuild is not installed on this machine.
[2023.10.08-09.27.07:390][  0]LogShaderCompilers: Display: Using Local Shader Compiler.
[2023.10.08-09.27.07:802][  0]LogDerivedDataCache: Display: Max Cache Size: 512 MB
[2023.10.08-09.27.07:862][  0]LogDerivedDataCache: Loaded boot cache 0.06s 94MB C:/Users/Олег/AppData/Local/UnrealEngine/4.27/DerivedDataCache/Boot.ddc.
[2023.10.08-09.27.07:863][  0]LogDerivedDataCache: Display: Loaded Boot cache: C:/Users/Олег/AppData/Local/UnrealEngine/4.27/DerivedDataCache/Boot.ddc
[2023.10.08-09.27.07:864][  0]LogDerivedDataCache: FDerivedDataBackendGraph:  Pak pak cache file ../../../../../../Work/Unreal4/Projects/PingPong/DerivedDataCache/DDC.ddp not found, will not use a pak cache.
[2023.10.08-09.27.07:864][  0]LogDerivedDataCache: Unable to find inner node Pak for hierarchical cache Hierarchy.
[2023.10.08-09.27.07:865][  0]LogDerivedDataCache: FDerivedDataBackendGraph:  CompressedPak pak cache file ../../../../../../Work/Unreal4/Projects/PingPong/DerivedDataCache/Compressed.ddp not found, will not use a pak cache.
[2023.10.08-09.27.07:865][  0]LogDerivedDataCache: Unable to find inner node CompressedPak for hierarchical cache Hierarchy.
[2023.10.08-09.27.07:880][  0]LogDerivedDataCache: Display: Pak cache opened for reading ../../../Engine/DerivedDataCache/Compressed.ddp.
[2023.10.08-09.27.07:880][  0]LogDerivedDataCache: FDerivedDataBackendGraph:  EnterprisePak pak cache file ../../../Enterprise/DerivedDataCache/Compressed.ddp not found, will not use a pak cache.
[2023.10.08-09.27.07:881][  0]LogDerivedDataCache: Unable to find inner node EnterprisePak for hierarchical cache Hierarchy.
[2023.10.08-09.27.07:885][  0]LogDerivedDataCache: Speed tests for C:/Users/Олег/AppData/Local/UnrealEngine/Common/DerivedDataCache took 0.00 seconds
[2023.10.08-09.27.07:885][  0]LogDerivedDataCache: Display: Performance to C:/Users/Олег/AppData/Local/UnrealEngine/Common/DerivedDataCache: Latency=0.02ms. RandomReadSpeed=1521.33MBs, RandomWriteSpeed=277.88MBs. Assigned SpeedClass 'Local'
[2023.10.08-09.27.07:886][  0]LogDerivedDataCache: Using Local data cache path C:/Users/Олег/AppData/Local/UnrealEngine/Common/DerivedDataCache: Writable
[2023.10.08-09.27.07:886][  0]LogDerivedDataCache: Shared data cache path not found in *engine.ini, will not use an Shared cache.
[2023.10.08-09.27.07:886][  0]LogDerivedDataCache: Unable to find inner node Shared for hierarchical cache Hierarchy.
[2023.10.08-09.27.07:888][  0]LogInit: Using OS detected language (ru-RU).
[2023.10.08-09.27.07:888][  0]LogInit: Using OS detected locale (ru-RU).
[2023.10.08-09.27.07:888][  0]LogTextLocalizationManager: No localization for 'ru-RU' exists, so 'en' will be used for the language.
[2023.10.08-09.27.07:888][  0]LogTextLocalizationManager: No localization for 'ru-RU' exists, so 'en' will be used for the locale.
[2023.10.08-09.27.07:891][  0]LogAssetRegistry: FAssetRegistry took 0.0014 seconds to start up
[2023.10.08-09.27.08:042][  0]LogTextLocalizationManager: Compacting localization data took   0.00ms
[2023.10.08-09.27.08:042][  0]LogPackageLocalizationCache: Processed 27 localized package path(s) for 1 prioritized culture(s) in 0.000752 seconds
[2023.10.08-09.27.08:098][  0]LogInit: Selected Device Profile: [Windows]
[2023.10.08-09.27.08:099][  0]LogInit: Active device profile: [000001812F985E00][000001812A8BB180 49] Windows
[2023.10.08-09.27.08:099][  0]LogInit: Profiles: [000001812F985E00][000001812A8BB180 49] Windows, [000001812F977E00][000001812B70F440 49] WindowsNoEditor, [000001812F985700][000001812B713700 49] WindowsServer, [000001812F977700][000001812B7179C0 49] WindowsClient, [000001812F985A00][000001812B71A100 49] IOS, [000001812F975100][000001812B704380 49] iPadAir, [000001812F984F00][000001812B71E600 49] iPadAir2, [000001812F924C00][000001812B73CB40 49] IPadPro, [000001812F924D00][000001812B726B80 49] iPadAir3, [000001812F985400][000001812B734E40 49] iPadAir4, [000001812F924700][000001812B731100 49] iPadMini2, [000001812F984500][000001812B7393C0 49] iPadMini3, [000001812F924900][000001812B747680 49] iPadMini4, [000001812F986A00][000001812B74B940 49] iPadMini5, [000001812D39FF00][000001812B75E300 49] iPhone6, [000001812D39FE00][000001812B74E340 49] iPodTouch6, [000001812F997F00][000001812B762800 49] iPhone7, [000001812F997E00][000001812B722840 49] iPodTouch7, [000001812D39EF00][000001812B75AB00 49] iPhone5S, [000001812F996E00][000001812B752DC0 49] iPhone6Plus, [000001812D39F100][000001812B767080 49] iPhone6S, [000001812F997300][000001812B76B340 49] iPhone6SPlus, [000001812D39EC00][000001812B76F600 49] iPhone7Plus, [000001812F994200][000001812B7738C0 49] iPhoneSE, [000001812D39E600][000001812B777B80 49] iPhone8, [000001812F996600][000001812B77A2C0 49] iPhone8Plus, [000001812D39ED00][000001812B77E580 49] iPhoneX, [000001812F997D00][000001812B756800 49] iPhoneXS, [000001812D39D900][000001812B786AC0 49] iPhoneXSMax, [000001812F995800][000001812B78AD80 49] iPhoneXR, [000001812D39FA00][000001812B78F040 49] iPhone11, [000001812F997400][000001812B793300 49] iPhone11Pro, [000001812D39D700][000001812B7975C0 49] iPhone11ProMax, [000001812F995600][000001812B79B880 49] iPhoneSE2, [000001812D39D100][000001812FD21B40 49] iPhone12Mini, [000001812F995200][000001812FD24280 49] iPhone12, [000001812D39D500][000001812FD28540 49] iPhone12Pro, [000001812F995400][000001812B7827C0 49] iPhone12ProMax, [000001812D39D300][000001812FD2CA40 49] iPadPro105, [000001812F994F00][000001812FD34D00 49] iPadPro129, [000001812D39DD00][000001812FD38FC0 49] iPadPro97, [000001812F995E00][000001812FD3D280 49] iPadPro2_129, [000001812D39D800][000001812FD41540 49] iPad5, [000001812F994B00][000001812FD45800 49] iPad6, [000001812D39FD00][000001812FD49AC0 49] iPad7, [000001812F996000][000001812FD4C200 49] iPad8, [000001812D39C500][000001812FD504C0 49] iPadPro11, [000001812F995900][000001812FD54780 49] iPadPro2_11, [000001812D39E300][000001812FD30A00 49] iPadPro3_129, [000001812F997B00][000001812FD58C80 49] iPadPro4_129, [000001812D39F700][000001812FD60F40 49] AppleTV, [000001812F995300][000001812FD65200 49] AppleTV4K, [000001812D39E200][000001812FD694C0 49] TVOS, [000001812F995500][000001812FD6D780 49] Mac, [000001812D39D200][000001812FD71A40 49] MacClient, [000001812F994E00][000001812FD74180 49] MacNoEditor, [000001812D39C100][000001812FD78440 49] MacServer, [000001812F976700][000001812FD7C700 49] Linux, [000001812F927800][000001812FD809C0 49] LinuxAArch64, [000001812F976D00][000001812FD5CC40 49] LinuxNoEditor, [000001812F927200][000001812FD84EC0 49] LinuxAArch64NoEditor, [000001812F976200][000001812FD8D180 49] LinuxClient, [000001812F926800][000001812FD91440 49] LinuxAArch64Client, [000001812F977F00][000001812FD95700 49] LinuxServer, [000001812F924500][000001812FD999C0 49] LinuxAArch64Server, [000001812F976F00][000001812FD9C100 49] Android, [000001812F926A00][000001812FDA03C0 49] Android_Low, [000001812F977500][000001812FDA4680 49] Android_Mid, [000001812F924F00][000001812FDA8940 49] Android_High, [000001812F977800][000001812FDACC00 49] Android_Default, [000001812F927B00][000001812FD88E80 49] Android_Adreno4xx, [000001812F975000][000001812FDB1100 49] Android_Adreno5xx_Low, [000001812F927F00][000001812FDB93C0 49] Android_Adreno5xx, [000001812F977C00][000001812FDBD680 49] Android_Adreno6xx, [000001812F926C00][000001812FDC1940 49] Android_Adreno6xx_Vulkan, [000001812F974B00][000001812FDC5C00 49] Android_Mali_T6xx, [000001812F925700][000001812FDC8340 49] Android_Mali_T7xx, [000001812F974400][000001812FDCC600 49] Android_Mali_T8xx, [000001812D39D600][000001812FDD08C0 49] Android_Mali_G71, [000001812F975800][000001812FDD4B80 49] Android_Mali_G72, [000001812D39EE00][000001812FDD8E40 49] Android_Mali_G72_Vulkan, [000001812F976100][000001812FDB50C0 49] Android_Mali_G76, [000001812D39E000][000001812FDDD340 49] Android_Mali_G76_Vulkan, [000001812F977300][000001812FDE5600 49] Android_Mali_G77, [000001812D39DB00][000001812FDE98C0 49] Android_Mali_G77_Vulkan, [000001812F974900][000001812FDEDB80 49] Android_Mali_G78, [000001812D39F800][000001812FDF02C0 49] Android_Mali_G78_Vulkan, [000001812F976000][000001812FDF4580 49] Android_Mali_G710, [000001812D39E700][000001812FDF8840 49] Android_Mali_G710_Vulkan, [000001812F977200][000001812FDFCB00 49] Android_Vulkan_SM5, [000001812D39DA00][000001812FE00DC0 49] Android_PowerVR_G6xxx, [000001812F977100][000001812FE05080 49] Android_PowerVR_GT7xxx, [000001812D39CD00][000001812FDE1300 49] Android_PowerVR_GE8xxx, [000001812F977D00][000001812FE09580 49] Android_PowerVR_GM9xxx, [000001812D39E100][000001812FE11840 49] Android_PowerVR_GM9xxx_Vulkan, [000001812F976E00][000001812FE15B00 49] Android_TegraK1, [000001812D39E800][000001812FE18240 49] Android_Unknown_Vulkan, [000001812F976900][000001812FE1C500 49] Lumin, [000001812D39F000][000001812FE207C0 49] Lumin_Desktop, [000001812F977600][000001812FE24A80 49] HoloLens, 
[2023.10.08-09.27.08:112][  0]LogMeshReduction: Using QuadricMeshReduction for automatic static mesh reduction
[2023.10.08-09.27.08:112][  0]LogMeshReduction: Using SimplygonMeshReduction for automatic skeletal mesh reduction
[2023.10.08-09.27.08:114][  0]LogMeshReduction: Using ProxyLODMeshReduction for automatic mesh merging
[2023.10.08-09.27.08:114][  0]LogMeshReduction: No distributed automatic mesh merging module available
[2023.10.08-09.27.08:114][  0]LogMeshMerging: No distributed automatic mesh merging module available
[2023.10.08-09.27.08:123][  0]LogNetVersion: PingPong 1.0.0, NetCL: 17155196, EngineNetVer: 17, GameNetVer: 0 (Checksum: 166094971)
[2023.10.08-09.27.08:196][  0]LogTexture: Default maximum texture size for cubemaps generated from long-lat sources has been changed from 512 to unlimited. In order to preserve old behaiour for '/Engine/MapTemplates/Sky/DaylightAmbientCubemap.DaylightAmbientCubemap', its maximum texture size has been explicitly set to 512.
[2023.10.08-09.27.08:206][  0]LogHMD: PokeAHoleMaterial loaded successfully
[2023.10.08-09.27.08:254][  0]LogPython: Using Python 3.7.7
[2023.10.08-09.27.08:559][  0]LogNiagaraDebuggerClient: Niagara Debugger Client Initialized | Session: 54D1B8484A89093EEE2F5CA7A84DE484 | Instance: AA9C67A147F850C23C9208A63920CF67 (MYMONSTR-3952).
[2023.10.08-09.27.08:570][  0]LogCollectionManager: Loaded 0 collections in 0.001471 seconds
[2023.10.08-09.27.08:571][  0]LogFileCache: Scanning file cache for directory 'C:/Work/Unreal4/Projects/PingPong/Saved/Collections/' took 0.00s
[2023.10.08-09.27.08:571][  0]LogFileCache: Scanning file cache for directory 'C:/Work/Unreal4/Projects/PingPong/Content/Developers/Олег/Collections/' took 0.00s
[2023.10.08-09.27.08:573][  0]LogFileCache: Scanning file cache for directory 'C:/Work/Unreal4/Projects/PingPong/Content/Collections/' took 0.00s
[2023.10.08-09.27.08:573][  0]LogCollectionManager: Fixed up redirectors for 0 collections in 0.000001 seconds (updated 0 objects)
[2023.10.08-09.27.08:624][  0]LogTcpMessaging: Initializing TcpMessaging bridge
[2023.10.08-09.27.08:625][  0]LogUdpMessaging: Initializing bridge on interface 0.0.0.0:0 to multicast group 230.0.0.1:6666.
[2023.10.08-09.27.08:662][  0]SourceControl: Source control is disabled
[2023.10.08-09.27.08:664][  0]SourceControl: Source control is disabled
[2023.10.08-09.27.08:666][  0]SourceControl: Source control is disabled
[2023.10.08-09.27.08:670][  0]LogUProjectInfo: Found projects:
[2023.10.08-09.27.08:735][  0]LogOpenImageDenoise: OIDN starting up
[2023.10.08-09.27.08:760][  0]LogAndroidPermission: UAndroidPermissionCallbackProxy::GetInstance
[2023.10.08-09.27.08:777][  0]LogAudioCaptureCore: Display: No Audio Capture implementations found. Audio input will be silent.
[2023.10.08-09.27.08:777][  0]LogAudioCaptureCore: Display: No Audio Capture implementations found. Audio input will be silent.
[2023.10.08-09.27.08:827][  0]LogOcInput: OculusInput pre-init called
[2023.10.08-09.27.08:841][  0]LogUObjectArray: 21886 objects as part of root set at end of initial load.
[2023.10.08-09.27.08:842][  0]LogUObjectAllocator: 5893904 out of 0 bytes used by permanent object pool.
[2023.10.08-09.27.08:842][  0]LogUObjectArray: CloseDisregardForGC: 0/0 objects in disregard for GC pool
[2023.10.08-09.27.08:875][  0]LogEngine: Initializing Engine...
[2023.10.08-09.27.08:877][  0]LogStats: UGameplayTagsManager::InitializeManager -  0.000 s
[2023.10.08-09.27.08:886][  0]LogInit: Initializing FReadOnlyCVARCache
[2023.10.08-09.27.08:886][  0]LogNetVersion: Set ProjectVersion to 1.0.0.0. Version Checksum will be recalculated on next use.
[2023.10.08-09.27.08:888][  0]LogInit: Texture streaming: Disabled
[2023.10.08-09.27.08:912][  0]LogInit: Display: Game Engine Initialized.
[2023.10.08-09.27.08:912][  0]LogNiagaraEditor: GEditor isn't valid! Particle reset commands will not work for Niagara components!
[2023.10.08-09.27.08:977][  0]LogInit: Display: Starting Game.
[2023.10.08-09.27.08:977][  0]LogNet: Browse: /Game/Start/StartLevel?Name=Player
[2023.10.08-09.27.08:978][  0]LogLoad: LoadMap: /Game/Start/StartLevel?Name=Player
[2023.10.08-09.27.08:979][  0]LogWorld: BeginTearingDown for /Temp/Untitled_0
[2023.10.08-09.27.08:982][  0]LogWorld: UWorld::CleanupWorld for Untitled, bSessionEnded=true, bCleanupResources=true
[2023.10.08-09.27.08:994][  0]LogUObjectHash: Compacting FUObjectHashTables data took   1.10ms
[2023.10.08-09.27.09:032][  0]LogAIModule: Creating AISystem for world StartLevel
[2023.10.08-09.27.09:032][  0]LogLoad: Game class is 'StartGameModeBase_C'
[2023.10.08-09.27.09:033][  0]LogNet: ReplicationDriverClass is null! Not using ReplicationDriver.
[2023.10.08-09.27.09:033][  0]LogNetCore: DDoS detection status: detection enabled: 0 analytics enabled: 0
[2023.10.08-09.27.09:033][  0]LogInit: WinSock: Socket queue. Rx: 131072 (config 131072) Tx: 131072 (config 131072)
[2023.10.08-09.27.09:033][  0]LogNet: Created socket for bind address: 0.0.0.0 on port 17777
[2023.10.08-09.27.09:033][  0]PacketHandlerLog: Loaded PacketHandler component: Engine.EngineHandlerComponentFactory (StatelessConnectHandlerComponent)
[2023.10.08-09.27.09:034][  0]LogNet: GameNetDriver IpNetDriver_0 IpNetDriver listening on port 17777
[2023.10.08-09.27.09:034][  0]LogWorld: Bringing World /Game/Start/StartLevel.StartLevel up for play (max tick rate 30) at 2023.10.08-12.27.09
[2023.10.08-09.27.09:034][  0]LogWorld: Bringing up level for play took: 0.000326
[2023.10.08-09.27.09:035][  0]LogLoad: Took 0.056718 seconds to LoadMap(/Game/Start/StartLevel)
[2023.10.08-09.27.09:042][  0]LogInit: Display: Engine is initialized. Leaving FEngineLoop::Init()
[2023.10.08-09.27.09:042][  0]LogLoad: (Engine Initialization) Total time: 3.99 seconds
[2023.10.08-09.27.09:043][  0]LogLoad: (Engine Initialization) Total Blueprint compile time: 0.00 seconds
[2023.10.08-09.27.10:157][ 32]LogNet: NotifyAcceptingConnection accepted from: 127.0.0.1:52442
[2023.10.08-09.27.10:157][ 32]LogHandshake: SendConnectChallenge. Timestamp: 1.112891, Cookie: 032006084190021221201048040222073229145185240073138013206026
[2023.10.08-09.27.10:157][ 32]LogNet: NotifyAcceptingConnection accepted from: 127.0.0.1:52441
[2023.10.08-09.27.10:158][ 32]LogHandshake: SendConnectChallenge. Timestamp: 1.112891, Cookie: 112057115031133178159040015018004136119104159034109178083118
[2023.10.08-09.27.10:158][ 32]LogNet: NotifyAcceptingConnection accepted from: 127.0.0.1:52442
[2023.10.08-09.27.10:158][ 32]LogHandshake: SendChallengeAck. InCookie: 032006084190021221201048040222073229145185240073138013206026
[2023.10.08-09.27.10:159][ 32]LogNet: Server accepting post-challenge connection from: 127.0.0.1:52442
[2023.10.08-09.27.10:160][ 32]PacketHandlerLog: Loaded PacketHandler component: Engine.EngineHandlerComponentFactory (StatelessConnectHandlerComponent)
[2023.10.08-09.27.10:160][ 32]LogNet: NotifyAcceptedConnection: Name: StartLevel, TimeStamp: 10/08/23 12:27:10, [UNetConnection] RemoteAddr: 127.0.0.1:52442, Name: IpConnection_0, Driver: GameNetDriver IpNetDriver_0, IsServer: YES, PC: NULL, Owner: NULL, UniqueId: INVALID
[2023.10.08-09.27.10:161][ 32]LogNet: AddClientConnection: Added client connection: [UNetConnection] RemoteAddr: 127.0.0.1:52442, Name: IpConnection_0, Driver: GameNetDriver IpNetDriver_0, IsServer: YES, PC: NULL, Owner: NULL, UniqueId: INVALID
[2023.10.08-09.27.10:161][ 32]LogNet: NotifyAcceptingConnection accepted from: 127.0.0.1:52441
[2023.10.08-09.27.10:161][ 32]LogHandshake: SendChallengeAck. InCookie: 112057115031133178159040015018004136119104159034109178083118
[2023.10.08-09.27.10:162][ 32]LogNet: Server accepting post-challenge connection from: 127.0.0.1:52441
[2023.10.08-09.27.10:162][ 32]PacketHandlerLog: Loaded PacketHandler component: Engine.EngineHandlerComponentFactory (StatelessConnectHandlerComponent)
[2023.10.08-09.27.10:163][ 32]LogNet: NotifyAcceptedConnection: Name: StartLevel, TimeStamp: 10/08/23 12:27:10, [UNetConnection] RemoteAddr: 127.0.0.1:52441, Name: IpConnection_1, Driver: GameNetDriver IpNetDriver_0, IsServer: YES, PC: NULL, Owner: NULL, UniqueId: INVALID
[2023.10.08-09.27.10:163][ 32]LogNet: AddClientConnection: Added client connection: [UNetConnection] RemoteAddr: 127.0.0.1:52441, Name: IpConnection_1, Driver: GameNetDriver IpNetDriver_0, IsServer: YES, PC: NULL, Owner: NULL, UniqueId: INVALID
[2023.10.08-09.27.10:164][ 32]LogNet: NotifyAcceptingChannel Control 0 server World /Game/Start/StartLevel.StartLevel: Accepted
[2023.10.08-09.27.10:164][ 32]LogNet: Remote platform little endian=1
[2023.10.08-09.27.10:165][ 32]LogNet: This platform little endian=1
[2023.10.08-09.27.10:165][ 32]LogNetVersion: PingPong 1.0.0.0, NetCL: 17155196, EngineNetVer: 17, GameNetVer: 0 (Checksum: 2744900490)
[2023.10.08-09.27.10:166][ 32]LogNet: NotifyAcceptingChannel Control 0 server World /Game/Start/StartLevel.StartLevel: Accepted
[2023.10.08-09.27.10:166][ 32]LogNet: Remote platform little endian=1
[2023.10.08-09.27.10:166][ 32]LogNet: This platform little endian=1
[2023.10.08-09.27.10:166][ 32]LogNet: Login request: ?Name=MyMonstr-58944AAD4DD043675447DAAF0B321F7F userId: NULL:MyMonstr-58944AAD4DD043675447DAAF0B321F7F platform: NULL
[2023.10.08-09.27.10:168][ 32]LogNet: Login request: ?Name=MyMonstr-AC64788741EFB8FC147911A0ED495AD4 userId: NULL:MyMonstr-AC64788741EFB8FC147911A0ED495AD4 platform: NULL
[2023.10.08-09.27.10:222][ 34]LogNet: Client netspeed is 100000
[2023.10.08-09.27.10:222][ 34]LogNet: Join request: /Game/Start/StartLevel?Name=MyMonstr-AC64788741EFB8FC147911A0ED495AD4?SplitscreenCount=1
[2023.10.08-09.27.10:224][ 34]LogScript: Warning: Accessed None trying to read property CallFunc_Create_ReturnValue
	StartPlayerController_C /Game/Start/StartLevel.StartLevel:PersistentLevel.StartPlayerController_C_0
	Function /Game/Start/StartPlayerController.StartPlayerController_C:ExecuteUbergraph_StartPlayerController:0049
[2023.10.08-09.27.10:225][ 34]LogScript: Warning: Script call stack:
	Function /Game/Start/StartPlayerController.StartPlayerController_C:ReceiveBeginPlay
	Function /Game/Start/StartPlayerController.StartPlayerController_C:ExecuteUbergraph_StartPlayerController

[2023.10.08-09.27.10:225][ 34]LogOnlineSession: Warning: OSS: No game present to join for session (GameSession)
[2023.10.08-09.27.10:226][ 34]LogGameMode: FindPlayerStart: PATHS NOT DEFINED or NO PLAYERSTART with positive rating
[2023.10.08-09.27.10:227][ 34]LogNet: Join succeeded: MyMonstr-AC64788741E
[2023.10.08-09.27.10:227][ 34]LogNet: Client netspeed is 100000
[2023.10.08-09.27.10:229][ 34]LogNet: Join request: /Game/Start/StartLevel?Name=MyMonstr-58944AAD4DD043675447DAAF0B321F7F?SplitscreenCount=1
[2023.10.08-09.27.10:230][ 34]LogScript: Warning: Accessed None trying to read property CallFunc_Create_ReturnValue
	StartPlayerController_C /Game/Start/StartLevel.StartLevel:PersistentLevel.StartPlayerController_C_1
	Function /Game/Start/StartPlayerController.StartPlayerController_C:ExecuteUbergraph_StartPlayerController:0049
[2023.10.08-09.27.10:232][ 34]LogScript: Warning: Script call stack:
	Function /Game/Start/StartPlayerController.StartPlayerController_C:ReceiveBeginPlay
	Function /Game/Start/StartPlayerController.StartPlayerController_C:ExecuteUbergraph_StartPlayerController

[2023.10.08-09.27.10:232][ 34]LogOnlineSession: Warning: OSS: No game present to join for session (GameSession)
[2023.10.08-09.27.10:234][ 34]LogGameMode: FindPlayerStart: PATHS NOT DEFINED or NO PLAYERSTART with positive rating
[2023.10.08-09.27.10:234][ 34]LogNet: Join succeeded: MyMonstr-58944AAD4DD
[2023.10.08-09.27.11:657][ 77]LogNet: UChannel::ReceivedSequencedBunch: Bunch.bClose == true. ChIndex == 0. Calling ConditionalCleanUp.
[2023.10.08-09.27.11:657][ 77]LogNet: UChannel::CleanUp: ChIndex == 0. Closing connection. [UChannel] ChIndex: 0, Closing: 0 [UNetConnection] RemoteAddr: 127.0.0.1:52441, Name: IpConnection_1, Driver: GameNetDriver IpNetDriver_0, IsServer: YES, PC: StartPlayerController_C_0, Owner: StartPlayerController_C_0, UniqueId: NULL:MyMonstr-AC64788741EFB8FC147911A0ED495AD4
[2023.10.08-09.27.11:657][ 77]LogNet: UNetConnection::Close: [UNetConnection] RemoteAddr: 127.0.0.1:52441, Name: IpConnection_1, Driver: GameNetDriver IpNetDriver_0, IsServer: YES, PC: StartPlayerController_C_0, Owner: StartPlayerController_C_0, UniqueId: NULL:MyMonstr-AC64788741EFB8FC147911A0ED495AD4, Channels: 10, Time: 2023.10.08-09.27.11
[2023.10.08-09.27.11:657][ 77]LogNet: UChannel::Close: Sending CloseBunch. ChIndex == 0. Name: [UChannel] ChIndex: 0, Closing: 0 [UNetConnection] RemoteAddr: 127.0.0.1:52441, Name: IpConnection_1, Driver: GameNetDriver IpNetDriver_0, IsServer: YES, PC: StartPlayerController_C_0, Owner: StartPlayerController_C_0, UniqueId: NULL:MyMonstr-AC64788741EFB8FC147911A0ED495AD4
[2023.10.08-09.27.11:658][ 77]LogOnlineSession: Warning: OSS: No game present to leave for session (GameSession)
[2023.10.08-09.27.22:949][416]LogNet: UChannel::ReceivedSequencedBunch: Bunch.bClose == true. ChIndex == 0. Calling ConditionalCleanUp.
[2023.10.08-09.27.22:949][416]LogNet: UChannel::CleanUp: ChIndex == 0. Closing connection. [UChannel] ChIndex: 0, Closing: 0 [UNetConnection] RemoteAddr: 127.0.0.1:52442, Name: IpConnection_0, Driver: GameNetDriver IpNetDriver_0, IsServer: YES, PC: StartPlayerController_C_1, Owner: StartPlayerController_C_1, UniqueId: NULL:MyMonstr-58944AAD4DD043675447DAAF0B321F7F
[2023.10.08-09.27.22:949][416]LogNet: UNetConnection::Close: [UNetConnection] RemoteAddr: 127.0.0.1:52442, Name: IpConnection_0, Driver: GameNetDriver IpNetDriver_0, IsServer: YES, PC: StartPlayerController_C_1, Owner: StartPlayerController_C_1, UniqueId: NULL:MyMonstr-58944AAD4DD043675447DAAF0B321F7F, Channels: 8, Time: 2023.10.08-09.27.22
[2023.10.08-09.27.22:950][416]LogNet: UChannel::Close: Sending CloseBunch. ChIndex == 0. Name: [UChannel] ChIndex: 0, Closing: 0 [UNetConnection] RemoteAddr: 127.0.0.1:52442, Name: IpConnection_0, Driver: GameNetDriver IpNetDriver_0, IsServer: YES, PC: StartPlayerController_C_1, Owner: StartPlayerController_C_1, UniqueId: NULL:MyMonstr-58944AAD4DD043675447DAAF0B321F7F
[2023.10.08-09.27.22:950][416]LogOnlineSession: Warning: OSS: No game present to leave for session (GameSession)
