Log file open, 10/08/23 18:57:51
LogWindows: Failed to load 'aqProf.dll' (GetLastError=126)
LogWindows: File 'aqProf.dll' does not exist
LogWindows: Failed to load 'VtuneApi.dll' (GetLastError=126)
LogWindows: File 'VtuneApi.dll' does not exist
LogWindows: Failed to load 'VtuneApi32e.dll' (GetLastError=126)
LogWindows: File 'VtuneApi32e.dll' does not exist
LogConsoleResponse: Display: Failed to find resolution value strings in scalability ini. Falling back to default.
LogConsoleResponse: Display: Failed to find resolution value strings in scalability ini. Falling back to default.
LogInit: Display: Running engine for game: PingPong
LogPlatformFile: Not using cached read wrapper
LogTaskGraph: Started task graph with 5 named threads and 17 total threads with 3 sets of task threads.
LogStats: Stats thread started at 0.238567
LogICUInternationalization: ICU TimeZone Detection - Raw Offset: +2:00, Platform Override: ''
LogInit: Display: Loading text-based GConfig....
LogPluginManager: Mounting plugin MeshPainting
LogPluginManager: Mounting plugin XGEController
LogPluginManager: Mounting plugin Paper2D
LogPluginManager: Mounting plugin AISupport
LogPluginManager: Mounting plugin EnvironmentQueryEditor
LogPluginManager: Mounting plugin LiveLink
LogPluginManager: Mounting plugin LightPropagationVolume
LogPluginManager: Mounting plugin CameraShakePreviewer
LogPluginManager: Mounting plugin GameplayCameras
LogPluginManager: Mounting plugin OodleData
LogPluginManager: Mounting plugin OodleNetwork
LogPluginManager: Mounting plugin AnimationSharing
LogPluginManager: Mounting plugin CLionSourceCodeAccess
LogPluginManager: Mounting plugin CodeLiteSourceCodeAccess
LogPluginManager: Mounting plugin GitSourceControl
LogPluginManager: Mounting plugin KDevelopSourceCodeAccess
LogPluginManager: Mounting plugin NullSourceCodeAccess
LogPluginManager: Mounting plugin PerforceSourceControl
LogPluginManager: Mounting plugin PixWinPlugin
LogPluginManager: Mounting plugin PlasticSourceControl
LogPluginManager: Mounting plugin PluginUtils
LogPluginManager: Mounting plugin PropertyAccessNode
LogPluginManager: Mounting plugin RiderSourceCodeAccess
LogPluginManager: Mounting plugin SubversionSourceControl
LogPluginManager: Mounting plugin TextureFormatOodle
LogPluginManager: Mounting plugin UObjectPlugin
LogPluginManager: Mounting plugin VisualStudioCodeSourceCodeAccess
LogPluginManager: Mounting plugin VisualStudioSourceCodeAccess
LogPluginManager: Mounting plugin XCodeSourceCodeAccess
LogPluginManager: Mounting plugin AssetManagerEditor
LogPluginManager: Mounting plugin CryptoKeys
LogPluginManager: Mounting plugin CurveEditorTools
LogPluginManager: Mounting plugin DataValidation
LogPluginManager: Mounting plugin FacialAnimation
LogPluginManager: Mounting plugin GameplayTagsEditor
LogPluginManager: Mounting plugin GeometryMode
LogPluginManager: Mounting plugin MacGraphicsSwitching
LogPluginManager: Mounting plugin MaterialAnalyzer
LogPluginManager: Mounting plugin MobileLauncherProfileWizard
LogPluginManager: Mounting plugin PluginBrowser
LogPluginManager: Mounting plugin SpeedTreeImporter
LogPluginManager: Mounting plugin DatasmithContent
LogPluginManager: Mounting plugin VariantManagerContent
LogPluginManager: Mounting plugin AlembicImporter
LogPluginManager: Mounting plugin AutomationUtils
LogPluginManager: Mounting plugin BackChannel
LogPluginManager: Mounting plugin ChaosCloth
LogPluginManager: Mounting plugin ChaosClothEditor
LogPluginManager: Mounting plugin ChaosEditor
LogPluginManager: Mounting plugin ChaosNiagara
LogPluginManager: Mounting plugin ChaosSolverPlugin
LogPluginManager: Mounting plugin CharacterAI
LogPluginManager: Mounting plugin GeometryCache
LogPluginManager: Mounting plugin GeometryCollectionPlugin
LogPluginManager: Mounting plugin GeometryProcessing
LogPluginManager: Mounting plugin MotoSynth
LogPluginManager: Mounting plugin OpenImageDenoise
LogPluginManager: Mounting plugin PlanarCut
LogPluginManager: Mounting plugin PlatformCrypto
LogPluginManager: Mounting plugin ProxyLODPlugin
LogPluginManager: Mounting plugin PythonScriptPlugin
LogPluginManager: Mounting plugin SkeletalReduction
LogPluginManager: Mounting plugin Niagara
LogPluginManager: Mounting plugin LuminPlatformFeatures
LogPluginManager: Mounting plugin MagicLeap
LogPluginManager: Mounting plugin MagicLeapLightEstimation
LogPluginManager: Mounting plugin MagicLeapMedia
LogPluginManager: Mounting plugin MagicLeapPassableWorld
LogPluginManager: Mounting plugin MLSDK
LogPluginManager: Mounting plugin AndroidMedia
LogPluginManager: Mounting plugin AvfMedia
LogPluginManager: Mounting plugin ImgMedia
LogPluginManager: Mounting plugin MediaCompositing
LogPluginManager: Mounting plugin MediaPlayerEditor
LogPluginManager: Mounting plugin WebMMedia
LogPluginManager: Mounting plugin WmfMedia
LogPluginManager: Mounting plugin TcpMessaging
LogPluginManager: Mounting plugin UdpMessaging
LogPluginManager: Mounting plugin ActorSequence
LogPluginManager: Mounting plugin LevelSequenceEditor
LogPluginManager: Mounting plugin MatineeToLevelSequence
LogPluginManager: Mounting plugin TemplateSequence
LogPluginManager: Mounting plugin OnlineSubsystem
LogPluginManager: Mounting plugin OnlineSubsystemNull
LogPluginManager: Mounting plugin OnlineSubsystemUtils
LogPluginManager: Mounting plugin LauncherChunkInstaller
LogPluginManager: Mounting plugin ActorLayerUtilities
LogPluginManager: Mounting plugin AndroidDeviceProfileSelector
LogPluginManager: Mounting plugin AndroidMoviePlayer
LogPluginManager: Mounting plugin AndroidPermission
LogPluginManager: Mounting plugin AppleImageUtils
LogPluginManager: Mounting plugin AppleMoviePlayer
LogPluginManager: Mounting plugin ArchVisCharacter
LogPluginManager: Mounting plugin AssetTags
LogPluginManager: Mounting plugin AudioCapture
LogPluginManager: Mounting plugin AudioSynesthesia
LogPluginManager: Mounting plugin CableComponent
LogPluginManager: Mounting plugin ChunkDownloader
LogPluginManager: Mounting plugin CustomMeshComponent
LogPluginManager: Mounting plugin EditableMesh
LogPluginManager: Mounting plugin ExampleDeviceProfileSelector
LogPluginManager: Mounting plugin GoogleCloudMessaging
LogPluginManager: Mounting plugin GooglePAD
LogPluginManager: Mounting plugin IOSDeviceProfileSelector
LogPluginManager: Mounting plugin LinuxDeviceProfileSelector
LogPluginManager: Mounting plugin LocationServicesBPLibrary
LogPluginManager: Mounting plugin MobilePatchingUtils
LogPluginManager: Mounting plugin OpenXR
LogPluginManager: Mounting plugin OpenXREyeTracker
LogPluginManager: Mounting plugin OpenXRHandTracking
LogPluginManager: Mounting plugin PhysXVehicles
LogPluginManager: Mounting plugin PostSplashScreen
LogPluginManager: Mounting plugin ProceduralMeshComponent
LogPluginManager: Mounting plugin PropertyAccessEditor
LogPluginManager: Mounting plugin RuntimePhysXCooking
LogPluginManager: Mounting plugin SignificanceManager
LogPluginManager: Mounting plugin SoundFields
LogPluginManager: Mounting plugin Synthesis
LogPluginManager: Mounting plugin WebMMoviePlayer
LogPluginManager: Mounting plugin WindowsMoviePlayer
LogPluginManager: Mounting plugin ScreenshotTools
LogPluginManager: Mounting plugin Takes
LogPluginManager: Mounting plugin ContentBrowserAssetDataSource
LogPluginManager: Mounting plugin ContentBrowserClassDataSource
LogPluginManager: Mounting plugin ContentBrowserFileDataSource
LogPluginManager: Mounting plugin OnlineSubsystemGooglePlay
LogPluginManager: Mounting plugin OnlineSubsystemIOS
LogPluginManager: Mounting plugin OculusVR
LogPluginManager: Mounting plugin SteamVR
PixWinPlugin: PIX capture plugin failed to initialize! Check that the process is launched from PIX.
LogInit: Using libcurl 7.55.1-DEV
LogInit:  - built for x86_64-pc-win32
LogInit:  - supports SSL with OpenSSL/1.1.1
LogInit:  - supports HTTP deflate (compression) using libz 1.2.8
LogInit:  - other features:
LogInit:      CURL_VERSION_SSL
LogInit:      CURL_VERSION_LIBZ
LogInit:      CURL_VERSION_IPV6
LogInit:      CURL_VERSION_ASYNCHDNS
LogInit:      CURL_VERSION_LARGEFILE
LogInit:      CURL_VERSION_IDN
LogInit:  CurlRequestOptions (configurable via config and command line):
LogInit:  - bVerifyPeer = true  - Libcurl will verify peer certificate
LogInit:  - bUseHttpProxy = false  - Libcurl will NOT use HTTP proxy
LogInit:  - bDontReuseConnections = false  - Libcurl will reuse connections
LogInit:  - MaxHostConnections = 16  - Libcurl will limit the number of connections to a host
LogInit:  - LocalHostAddr = Default
LogInit:  - BufferSize = 65536
LogOnline: OSS: Creating online subsystem instance for: NULL
LogInit: WinSock: version 1.1 (2.2), MaxSocks=32767, MaxUdp=65467
LogOnline: OSS: TryLoadSubsystemAndSetDefault: Loaded subsystem for module [NULL]
LogInit: Build: ++UE4+Release-4.27-CL-18319896
LogInit: Engine Version: 4.27.2-18319896+++UE4+Release-4.27
LogInit: Compatible Engine Version: 4.27.0-17155196+++UE4+Release-4.27
LogInit: Net CL: 17155196
LogInit: OS: Windows 10 (Release 2009) (), CPU: AMD Ryzen 5 5600X 6-Core Processor             , GPU: AMD Radeon RX 6700 XT
LogInit: Compiled (64-bit): Nov 30 2021 07:12:08
LogInit: Compiled with Visual C++: 19.24.28315.00
LogInit: Build Configuration: Development
LogInit: Branch Name: ++UE4+Release-4.27
LogInit: Command Line:  /Game/Start/StartLevel -game -PIEVIACONSOLE -Multiprocess -server -log GameUserSettingsINI=C:/Work/Unreal4/Projects/PingPong/Saved/Config/Windows/PIEGameUserSettings0.ini -MultiprocessSaveConfig -forcepassthrough -messaging -SessionName="Play in Standalone Game" -port=17777 -windowed
LogInit: Base Directory: C:/Program Files/Epic Games/UE_4.27/Engine/Binaries/Win64/
LogInit: Allocator: TBB
LogInit: Installed Engine Build: 1
LogDevObjectVersion: Number of dev versions registered: 29
LogDevObjectVersion:   Dev-Blueprints (B0D832E4-1F89-4F0D-ACCF-7EB736FD4AA2): 10
LogDevObjectVersion:   Dev-Build (E1C64328-A22C-4D53-A36C-8E866417BD8C): 0
LogDevObjectVersion:   Dev-Core (375EC13C-06E4-48FB-B500-84F0262A717E): 4
LogDevObjectVersion:   Dev-Editor (E4B068ED-F494-42E9-A231-DA0B2E46BB41): 40
LogDevObjectVersion:   Dev-Framework (CFFC743F-43B0-4480-9391-14DF171D2073): 37
LogDevObjectVersion:   Dev-Mobile (B02B49B5-BB20-44E9-A304-32B752E40360): 3
LogDevObjectVersion:   Dev-Networking (A4E4105C-59A1-49B5-A7C5-40C4547EDFEE): 0
LogDevObjectVersion:   Dev-Online (39C831C9-5AE6-47DC-9A44-9C173E1C8E7C): 0
LogDevObjectVersion:   Dev-Physics (78F01B33-EBEA-4F98-B9B4-84EACCB95AA2): 14
LogDevObjectVersion:   Dev-Platform (6631380F-2D4D-43E0-8009-CF276956A95A): 0
LogDevObjectVersion:   Dev-Rendering (12F88B9F-8875-4AFC-A67C-D90C383ABD29): 45
LogDevObjectVersion:   Dev-Sequencer (7B5AE74C-D270-4C10-A958-57980B212A5A): 13
LogDevObjectVersion:   Dev-VR (D7296918-1DD6-4BDD-9DE2-64A83CC13884): 3
LogDevObjectVersion:   Dev-LoadTimes (C2A15278-BFE7-4AFE-6C17-90FF531DF755): 1
LogDevObjectVersion:   Private-Geometry (6EACA3D4-40EC-4CC1-B786-8BED09428FC5): 3
LogDevObjectVersion:   Dev-AnimPhys (29E575DD-E0A3-4627-9D10-D276232CDCEA): 17
LogDevObjectVersion:   Dev-Anim (AF43A65D-7FD3-4947-9873-3E8ED9C1BB05): 15
LogDevObjectVersion:   Dev-ReflectionCapture (6B266CEC-1EC7-4B8F-A30B-E4D90942FC07): 1
LogDevObjectVersion:   Dev-Automation (0DF73D61-A23F-47EA-B727-89E90C41499A): 1
LogDevObjectVersion:   FortniteMain (601D1886-AC64-4F84-AA16-D3DE0DEAC7D6): 47
LogDevObjectVersion:   FortniteRelease (E7086368-6B23-4C58-8439-1B7016265E91): 1
LogDevObjectVersion:   Dev-Enterprise (9DFFBCD6-494F-0158-E221-12823C92A888): 10
LogDevObjectVersion:   Dev-Niagara (F2AED0AC-9AFE-416F-8664-AA7FFA26D6FC): 1
LogDevObjectVersion:   Dev-Destruction (174F1F0B-B4C6-45A5-B13F-2EE8D0FB917D): 10
LogDevObjectVersion:   Dev-Physics-Ext (35F94A83-E258-406C-A318-09F59610247C): 41
LogDevObjectVersion:   Dev-PhysicsMaterial-Chaos (B68FC16E-8B1B-42E2-B453-215C058844FE): 1
LogDevObjectVersion:   Dev-CineCamera (B2E18506-4273-CFC2-A54E-F4BB758BBA07): 1
LogDevObjectVersion:   Dev-VirtualProduction (64F58936-FD1B-42BA-BA96-7289D5D0FA4E): 1
LogDevObjectVersion:   Dev-MediaFramework (6F0ED827-A609-4895-9C91-998D90180EA4): 2
LogInit: Presizing for max 25165824 objects, including 0 objects not considered by GC, pre-allocating 0 bytes for permanent pool.
LogConfig: Applying CVar settings from Section [/Script/Engine.StreamingSettings] File [C:/Work/Unreal4/Projects/PingPong/Saved/Config/Windows/Engine.ini]
LogConfig: Setting CVar [[s.MinBulkDataSizeForAsyncLoading:131072]]
LogConfig: Setting CVar [[s.AsyncLoadingThreadEnabled:0]]
LogConfig: Setting CVar [[s.EventDrivenLoaderEnabled:1]]
LogConfig: Setting CVar [[s.WarnIfTimeLimitExceeded:0]]
LogConfig: Setting CVar [[s.TimeLimitExceededMultiplier:1.5]]
LogConfig: Setting CVar [[s.TimeLimitExceededMinTime:0.005]]
LogConfig: Setting CVar [[s.UseBackgroundLevelStreaming:1]]
LogConfig: Setting CVar [[s.PriorityAsyncLoadingExtraTime:15.0]]
LogConfig: Setting CVar [[s.LevelStreamingActorsUpdateTimeLimit:5.0]]
LogConfig: Setting CVar [[s.PriorityLevelStreamingActorsUpdateExtraTime:5.0]]
LogConfig: Setting CVar [[s.LevelStreamingComponentsRegistrationGranularity:10]]
LogConfig: Setting CVar [[s.UnregisterComponentsTimeLimit:1.0]]
LogConfig: Setting CVar [[s.LevelStreamingComponentsUnregistrationGranularity:5]]
LogConfig: Setting CVar [[s.FlushStreamingOnExit:1]]
LogInit: Object subsystem initialized
LogConfig: Setting CVar [[con.DebugEarlyDefault:1]]
LogConfig: Setting CVar [[r.setres:1280x720]]
[2023.10.08-15.57.51:988][  0]LogConfig: Setting CVar [[con.DebugEarlyDefault:1]]
[2023.10.08-15.57.51:988][  0]LogConfig: Setting CVar [[r.setres:1280x720]]
[2023.10.08-15.57.51:988][  0]LogConfig: Applying CVar settings from Section [/Script/Engine.RendererSettings] File [C:/Work/Unreal4/Projects/PingPong/Saved/Config/Windows/Engine.ini]
[2023.10.08-15.57.51:989][  0]LogConfig: Setting CVar [[r.GPUCrashDebugging:0]]
[2023.10.08-15.57.51:989][  0]LogConfig: Applying CVar settings from Section [/Script/Engine.RendererOverrideSettings] File [C:/Work/Unreal4/Projects/PingPong/Saved/Config/Windows/Engine.ini]
[2023.10.08-15.57.51:989][  0]LogConfig: Applying CVar settings from Section [/Script/Engine.StreamingSettings] File [C:/Work/Unreal4/Projects/PingPong/Saved/Config/Windows/Engine.ini]
[2023.10.08-15.57.51:989][  0]LogConfig: Setting CVar [[s.MinBulkDataSizeForAsyncLoading:131072]]
[2023.10.08-15.57.51:989][  0]LogConfig: Setting CVar [[s.AsyncLoadingThreadEnabled:0]]
[2023.10.08-15.57.51:990][  0]LogConfig: Setting CVar [[s.EventDrivenLoaderEnabled:1]]
[2023.10.08-15.57.51:991][  0]LogConfig: Setting CVar [[s.WarnIfTimeLimitExceeded:0]]
[2023.10.08-15.57.51:991][  0]LogConfig: Setting CVar [[s.TimeLimitExceededMultiplier:1.5]]
[2023.10.08-15.57.51:993][  0]LogConfig: Setting CVar [[s.TimeLimitExceededMinTime:0.005]]
[2023.10.08-15.57.51:993][  0]LogConfig: Setting CVar [[s.UseBackgroundLevelStreaming:1]]
[2023.10.08-15.57.51:993][  0]LogConfig: Setting CVar [[s.PriorityAsyncLoadingExtraTime:15.0]]
[2023.10.08-15.57.51:993][  0]LogConfig: Setting CVar [[s.LevelStreamingActorsUpdateTimeLimit:5.0]]
[2023.10.08-15.57.51:994][  0]LogConfig: Setting CVar [[s.PriorityLevelStreamingActorsUpdateExtraTime:5.0]]
[2023.10.08-15.57.51:994][  0]LogConfig: Setting CVar [[s.LevelStreamingComponentsRegistrationGranularity:10]]
[2023.10.08-15.57.51:994][  0]LogConfig: Setting CVar [[s.UnregisterComponentsTimeLimit:1.0]]
[2023.10.08-15.57.51:994][  0]LogConfig: Setting CVar [[s.LevelStreamingComponentsUnregistrationGranularity:5]]
[2023.10.08-15.57.51:994][  0]LogConfig: Setting CVar [[s.FlushStreamingOnExit:1]]
[2023.10.08-15.57.51:996][  0]LogConfig: Applying CVar settings from Section [/Script/Engine.GarbageCollectionSettings] File [C:/Work/Unreal4/Projects/PingPong/Saved/Config/Windows/Engine.ini]
[2023.10.08-15.57.51:996][  0]LogConfig: Setting CVar [[gc.MaxObjectsNotConsideredByGC:1]]
[2023.10.08-15.57.51:996][  0]LogConfig: Setting CVar [[gc.SizeOfPermanentObjectPool:0]]
[2023.10.08-15.57.51:996][  0]LogConfig: Setting CVar [[gc.FlushStreamingOnGC:0]]
[2023.10.08-15.57.51:997][  0]LogConfig: Setting CVar [[gc.NumRetriesBeforeForcingGC:10]]
[2023.10.08-15.57.51:997][  0]LogConfig: Setting CVar [[gc.AllowParallelGC:1]]
[2023.10.08-15.57.51:997][  0]LogConfig: Setting CVar [[gc.TimeBetweenPurgingPendingKillObjects:61.1]]
[2023.10.08-15.57.51:997][  0]LogConfig: Setting CVar [[gc.MaxObjectsInEditor:25165824]]
[2023.10.08-15.57.51:997][  0]LogConfig: Setting CVar [[gc.IncrementalBeginDestroyEnabled:1]]
[2023.10.08-15.57.51:998][  0]LogConfig: Setting CVar [[gc.CreateGCClusters:1]]
[2023.10.08-15.57.51:998][  0]LogConfig: Setting CVar [[gc.MinGCClusterSize:5]]
[2023.10.08-15.57.51:998][  0]LogConfig: Setting CVar [[gc.ActorClusteringEnabled:0]]
[2023.10.08-15.57.51:999][  0]LogConfig: Setting CVar [[gc.BlueprintClusteringEnabled:0]]
[2023.10.08-15.57.51:999][  0]LogConfig: Setting CVar [[gc.UseDisregardForGCOnDedicatedServers:0]]
[2023.10.08-15.57.51:999][  0]LogConfig: Setting CVar [[gc.MultithreadedDestructionEnabled:1]]
[2023.10.08-15.57.51:999][  0]LogConfig: Applying CVar settings from Section [/Script/Engine.NetworkSettings] File [C:/Work/Unreal4/Projects/PingPong/Saved/Config/Windows/Engine.ini]
[2023.10.08-15.57.51:999][  0]LogConfig: Applying CVar settings from Section [/Script/UnrealEd.CookerSettings] File [C:/Work/Unreal4/Projects/PingPong/Saved/Config/Windows/Engine.ini]
[2023.10.08-15.57.52:001][  0]LogConfig: Applying CVar settings from Section [ViewDistanceQuality@3] File [C:/Work/Unreal4/Projects/PingPong/Saved/Config/Windows/Scalability.ini]
[2023.10.08-15.57.52:001][  0]LogConfig: Setting CVar [[r.SkeletalMeshLODBias:0]]
[2023.10.08-15.57.52:001][  0]LogConfig: Setting CVar [[r.ViewDistanceScale:1.0]]
[2023.10.08-15.57.52:001][  0]LogConfig: Applying CVar settings from Section [AntiAliasingQuality@3] File [C:/Work/Unreal4/Projects/PingPong/Saved/Config/Windows/Scalability.ini]
[2023.10.08-15.57.52:002][  0]LogConfig: Setting CVar [[r.PostProcessAAQuality:4]]
[2023.10.08-15.57.52:002][  0]LogConfig: Applying CVar settings from Section [ShadowQuality@3] File [C:/Work/Unreal4/Projects/PingPong/Saved/Config/Windows/Scalability.ini]
[2023.10.08-15.57.52:002][  0]LogConfig: Setting CVar [[r.LightFunctionQuality:1]]
[2023.10.08-15.57.52:002][  0]LogConfig: Setting CVar [[r.ShadowQuality:5]]
[2023.10.08-15.57.52:003][  0]LogConfig: Setting CVar [[r.Shadow.CSM.MaxCascades:10]]
[2023.10.08-15.57.52:003][  0]LogConfig: Setting CVar [[r.Shadow.MaxResolution:2048]]
[2023.10.08-15.57.52:004][  0]LogConfig: Setting CVar [[r.Shadow.MaxCSMResolution:2048]]
[2023.10.08-15.57.52:004][  0]LogConfig: Setting CVar [[r.Shadow.RadiusThreshold:0.01]]
[2023.10.08-15.57.52:004][  0]LogConfig: Setting CVar [[r.Shadow.DistanceScale:1.0]]
[2023.10.08-15.57.52:005][  0]LogConfig: Setting CVar [[r.Shadow.CSM.TransitionScale:1.0]]
[2023.10.08-15.57.52:005][  0]LogConfig: Setting CVar [[r.Shadow.PreShadowResolutionFactor:1.0]]
[2023.10.08-15.57.52:005][  0]LogConfig: Setting CVar [[r.DistanceFieldShadowing:1]]
[2023.10.08-15.57.52:005][  0]LogConfig: Setting CVar [[r.DistanceFieldAO:1]]
[2023.10.08-15.57.52:005][  0]LogConfig: Setting CVar [[r.AOQuality:2]]
[2023.10.08-15.57.52:006][  0]LogConfig: Setting CVar [[r.VolumetricFog:1]]
[2023.10.08-15.57.52:008][  0]LogConfig: Setting CVar [[r.VolumetricFog.GridPixelSize:8]]
[2023.10.08-15.57.52:009][  0]LogConfig: Setting CVar [[r.VolumetricFog.GridSizeZ:128]]
[2023.10.08-15.57.52:009][  0]LogConfig: Setting CVar [[r.VolumetricFog.HistoryMissSupersampleCount:4]]
[2023.10.08-15.57.52:009][  0]LogConfig: Setting CVar [[r.LightMaxDrawDistanceScale:1]]
[2023.10.08-15.57.52:009][  0]LogConfig: Setting CVar [[r.CapsuleShadows:1]]
[2023.10.08-15.57.52:010][  0]LogConfig: Applying CVar settings from Section [PostProcessQuality@3] File [C:/Work/Unreal4/Projects/PingPong/Saved/Config/Windows/Scalability.ini]
[2023.10.08-15.57.52:010][  0]LogConfig: Setting CVar [[r.MotionBlurQuality:4]]
[2023.10.08-15.57.52:010][  0]LogConfig: Setting CVar [[r.AmbientOcclusionMipLevelFactor:0.4]]
[2023.10.08-15.57.52:010][  0]LogConfig: Setting CVar [[r.AmbientOcclusionMaxQuality:100]]
[2023.10.08-15.57.52:010][  0]LogConfig: Setting CVar [[r.AmbientOcclusionLevels:-1]]
[2023.10.08-15.57.52:012][  0]LogConfig: Setting CVar [[r.AmbientOcclusionRadiusScale:1.0]]
[2023.10.08-15.57.52:012][  0]LogConfig: Setting CVar [[r.DepthOfFieldQuality:2]]
[2023.10.08-15.57.52:012][  0]LogConfig: Setting CVar [[r.RenderTargetPoolMin:400]]
[2023.10.08-15.57.52:012][  0]LogConfig: Setting CVar [[r.LensFlareQuality:2]]
[2023.10.08-15.57.52:013][  0]LogConfig: Setting CVar [[r.SceneColorFringeQuality:1]]
[2023.10.08-15.57.52:013][  0]LogConfig: Setting CVar [[r.EyeAdaptationQuality:2]]
[2023.10.08-15.57.52:013][  0]LogConfig: Setting CVar [[r.BloomQuality:5]]
[2023.10.08-15.57.52:013][  0]LogConfig: Setting CVar [[r.FastBlurThreshold:100]]
[2023.10.08-15.57.52:013][  0]LogConfig: Setting CVar [[r.Upscale.Quality:3]]
[2023.10.08-15.57.52:014][  0]LogConfig: Setting CVar [[r.Tonemapper.GrainQuantization:1]]
[2023.10.08-15.57.52:014][  0]LogConfig: Setting CVar [[r.LightShaftQuality:1]]
[2023.10.08-15.57.52:014][  0]LogConfig: Setting CVar [[r.Filter.SizeScale:1]]
[2023.10.08-15.57.52:014][  0]LogConfig: Setting CVar [[r.Tonemapper.Quality:5]]
[2023.10.08-15.57.52:015][  0]LogConfig: Setting CVar [[r.DOF.Gather.AccumulatorQuality:1        ; higher gathering accumulator quality]]
[2023.10.08-15.57.52:015][  0]LogConfig: Setting CVar [[r.DOF.Gather.PostfilterMethod:1          ; Median3x3 postfilering method]]
[2023.10.08-15.57.52:015][  0]LogConfig: Setting CVar [[r.DOF.Gather.EnableBokehSettings:0       ; no bokeh simulation when gathering]]
[2023.10.08-15.57.52:015][  0]LogConfig: Setting CVar [[r.DOF.Gather.RingCount:4                 ; medium number of samples when gathering]]
[2023.10.08-15.57.52:015][  0]LogConfig: Setting CVar [[r.DOF.Scatter.ForegroundCompositing:1    ; additive foreground scattering]]
[2023.10.08-15.57.52:017][  0]LogConfig: Setting CVar [[r.DOF.Scatter.BackgroundCompositing:2    ; additive background scattering]]
[2023.10.08-15.57.52:017][  0]LogConfig: Setting CVar [[r.DOF.Scatter.EnableBokehSettings:1      ; bokeh simulation when scattering]]
[2023.10.08-15.57.52:017][  0]LogConfig: Setting CVar [[r.DOF.Scatter.MaxSpriteRatio:0.1         ; only a maximum of 10% of scattered bokeh]]
[2023.10.08-15.57.52:018][  0]LogConfig: Setting CVar [[r.DOF.Recombine.Quality:1                ; cheap slight out of focus]]
[2023.10.08-15.57.52:018][  0]LogConfig: Setting CVar [[r.DOF.Recombine.EnableBokehSettings:0    ; no bokeh simulation on slight out of focus]]
[2023.10.08-15.57.52:018][  0]LogConfig: Setting CVar [[r.DOF.TemporalAAQuality:1                ; more stable temporal accumulation]]
[2023.10.08-15.57.52:018][  0]LogConfig: Setting CVar [[r.DOF.Kernel.MaxForegroundRadius:0.025]]
[2023.10.08-15.57.52:018][  0]LogConfig: Setting CVar [[r.DOF.Kernel.MaxBackgroundRadius:0.025]]
[2023.10.08-15.57.52:020][  0]LogConfig: Applying CVar settings from Section [TextureQuality@3] File [C:/Work/Unreal4/Projects/PingPong/Saved/Config/Windows/Scalability.ini]
[2023.10.08-15.57.52:020][  0]LogConfig: Setting CVar [[r.Streaming.MipBias:0]]
[2023.10.08-15.57.52:020][  0]LogConfig: Setting CVar [[r.Streaming.AmortizeCPUToGPUCopy:0]]
[2023.10.08-15.57.52:020][  0]LogConfig: Setting CVar [[r.Streaming.MaxNumTexturesToStreamPerFrame:0]]
[2023.10.08-15.57.52:021][  0]LogConfig: Setting CVar [[r.Streaming.Boost:1]]
[2023.10.08-15.57.52:021][  0]LogConfig: Setting CVar [[r.MaxAnisotropy:8]]
[2023.10.08-15.57.52:021][  0]LogConfig: Setting CVar [[r.VT.MaxAnisotropy:8]]
[2023.10.08-15.57.52:021][  0]LogConfig: Setting CVar [[r.Streaming.LimitPoolSizeToVRAM:0]]
[2023.10.08-15.57.52:021][  0]LogConfig: Setting CVar [[r.Streaming.PoolSize:1000]]
[2023.10.08-15.57.52:022][  0]LogConfig: Setting CVar [[r.Streaming.MaxEffectiveScreenSize:0]]
[2023.10.08-15.57.52:024][  0]LogConfig: Applying CVar settings from Section [EffectsQuality@3] File [C:/Work/Unreal4/Projects/PingPong/Saved/Config/Windows/Scalability.ini]
[2023.10.08-15.57.52:024][  0]LogConfig: Setting CVar [[r.TranslucencyLightingVolumeDim:64]]
[2023.10.08-15.57.52:025][  0]LogConfig: Setting CVar [[r.RefractionQuality:2]]
[2023.10.08-15.57.52:025][  0]LogConfig: Setting CVar [[r.SSR.Quality:3]]
[2023.10.08-15.57.52:025][  0]LogConfig: Setting CVar [[r.SSR.HalfResSceneColor:0]]
[2023.10.08-15.57.52:025][  0]LogConfig: Setting CVar [[r.SceneColorFormat:4]]
[2023.10.08-15.57.52:026][  0]LogConfig: Setting CVar [[r.DetailMode:2]]
[2023.10.08-15.57.52:026][  0]LogConfig: Setting CVar [[r.TranslucencyVolumeBlur:1]]
[2023.10.08-15.57.52:026][  0]LogConfig: Setting CVar [[r.MaterialQualityLevel:1 ; High quality]]
[2023.10.08-15.57.52:026][  0]LogConfig: Setting CVar [[r.AnisotropicMaterials:1]]
[2023.10.08-15.57.52:026][  0]LogConfig: Setting CVar [[r.SSS.Scale:1]]
[2023.10.08-15.57.52:028][  0]LogConfig: Setting CVar [[r.SSS.SampleSet:2]]
[2023.10.08-15.57.52:028][  0]LogConfig: Setting CVar [[r.SSS.Quality:1]]
[2023.10.08-15.57.52:028][  0]LogConfig: Setting CVar [[r.SSS.HalfRes:0]]
[2023.10.08-15.57.52:028][  0]LogConfig: Setting CVar [[r.SSGI.Quality:3]]
[2023.10.08-15.57.52:029][  0]LogConfig: Setting CVar [[r.EmitterSpawnRateScale:1.0]]
[2023.10.08-15.57.52:029][  0]LogConfig: Setting CVar [[r.ParticleLightQuality:2]]
[2023.10.08-15.57.52:029][  0]LogConfig: Setting CVar [[r.SkyAtmosphere.AerialPerspectiveLUT.FastApplyOnOpaque:1 ; Always have FastSkyLUT 1 in this case to avoid wrong sky]]
[2023.10.08-15.57.52:029][  0]LogConfig: Setting CVar [[r.SkyAtmosphere.AerialPerspectiveLUT.SampleCountMaxPerSlice:4]]
[2023.10.08-15.57.52:030][  0]LogConfig: Setting CVar [[r.SkyAtmosphere.AerialPerspectiveLUT.DepthResolution:16.0]]
[2023.10.08-15.57.52:030][  0]LogConfig: Setting CVar [[r.SkyAtmosphere.FastSkyLUT:1]]
[2023.10.08-15.57.52:030][  0]LogConfig: Setting CVar [[r.SkyAtmosphere.FastSkyLUT.SampleCountMin:4.0]]
[2023.10.08-15.57.52:030][  0]LogConfig: Setting CVar [[r.SkyAtmosphere.FastSkyLUT.SampleCountMax:128.0]]
[2023.10.08-15.57.52:030][  0]LogConfig: Setting CVar [[r.SkyAtmosphere.SampleCountMin:4.0]]
[2023.10.08-15.57.52:031][  0]LogConfig: Setting CVar [[r.SkyAtmosphere.SampleCountMax:128.0]]
[2023.10.08-15.57.52:031][  0]LogConfig: Setting CVar [[r.SkyAtmosphere.TransmittanceLUT.UseSmallFormat:0]]
[2023.10.08-15.57.52:031][  0]LogConfig: Setting CVar [[r.SkyAtmosphere.TransmittanceLUT.SampleCount:10.0]]
[2023.10.08-15.57.52:031][  0]LogConfig: Setting CVar [[r.SkyAtmosphere.MultiScatteringLUT.SampleCount:15.0]]
[2023.10.08-15.57.52:031][  0]LogConfig: Setting CVar [[r.SkyLight.RealTimeReflectionCapture:1]]
[2023.10.08-15.57.52:033][  0]LogConfig: Applying CVar settings from Section [FoliageQuality@3] File [C:/Work/Unreal4/Projects/PingPong/Saved/Config/Windows/Scalability.ini]
[2023.10.08-15.57.52:033][  0]LogConfig: Setting CVar [[foliage.DensityScale:1.0]]
[2023.10.08-15.57.52:033][  0]LogConfig: Setting CVar [[grass.DensityScale:1.0]]
[2023.10.08-15.57.52:034][  0]LogConfig: Applying CVar settings from Section [ShadingQuality@3] File [C:/Work/Unreal4/Projects/PingPong/Saved/Config/Windows/Scalability.ini]
[2023.10.08-15.57.52:034][  0]LogConfig: Setting CVar [[r.HairStrands.SkyLighting.IntegrationType:2]]
[2023.10.08-15.57.52:034][  0]LogConfig: Setting CVar [[r.HairStrands.SkyAO.SampleCount:4]]
[2023.10.08-15.57.52:034][  0]LogConfig: Setting CVar [[r.HairStrands.Visibility.MSAA.SamplePerPixel:4]]
[2023.10.08-15.57.52:034][  0]LogInit: Selected Device Profile: [Windows]
[2023.10.08-15.57.52:036][  0]LogInit: Applying CVar settings loaded from the selected device profile: [Windows]
[2023.10.08-15.57.52:036][  0]LogHAL: Display: Platform has ~ 32 GB [34265911296 / 34359738368 / 32], which maps to Largest [LargestMinGB=32, LargerMinGB=12, DefaultMinGB=8, SmallerMinGB=6, SmallestMinGB=0)
[2023.10.08-15.57.52:036][  0]LogInit: Going up to parent DeviceProfile []
[2023.10.08-15.57.52:036][  0]LogConfig: Applying CVar settings from Section [ViewDistanceQuality@3] File [C:/Work/Unreal4/Projects/PingPong/Saved/Config/Windows/Scalability.ini]
[2023.10.08-15.57.52:036][  0]LogConfig: Setting CVar [[r.SkeletalMeshLODBias:0]]
[2023.10.08-15.57.52:037][  0]LogConfig: Setting CVar [[r.ViewDistanceScale:1.0]]
[2023.10.08-15.57.52:037][  0]LogConfig: Applying CVar settings from Section [AntiAliasingQuality@3] File [C:/Work/Unreal4/Projects/PingPong/Saved/Config/Windows/Scalability.ini]
[2023.10.08-15.57.52:037][  0]LogConfig: Setting CVar [[r.PostProcessAAQuality:4]]
[2023.10.08-15.57.52:037][  0]LogConfig: Applying CVar settings from Section [ShadowQuality@3] File [C:/Work/Unreal4/Projects/PingPong/Saved/Config/Windows/Scalability.ini]
[2023.10.08-15.57.52:037][  0]LogConfig: Setting CVar [[r.LightFunctionQuality:1]]
[2023.10.08-15.57.52:038][  0]LogConfig: Setting CVar [[r.ShadowQuality:5]]
[2023.10.08-15.57.52:040][  0]LogConfig: Setting CVar [[r.Shadow.CSM.MaxCascades:10]]
[2023.10.08-15.57.52:040][  0]LogConfig: Setting CVar [[r.Shadow.MaxResolution:2048]]
[2023.10.08-15.57.52:041][  0]LogConfig: Setting CVar [[r.Shadow.MaxCSMResolution:2048]]
[2023.10.08-15.57.52:041][  0]LogConfig: Setting CVar [[r.Shadow.RadiusThreshold:0.01]]
[2023.10.08-15.57.52:041][  0]LogConfig: Setting CVar [[r.Shadow.DistanceScale:1.0]]
[2023.10.08-15.57.52:042][  0]LogConfig: Setting CVar [[r.Shadow.CSM.TransitionScale:1.0]]
[2023.10.08-15.57.52:042][  0]LogConfig: Setting CVar [[r.Shadow.PreShadowResolutionFactor:1.0]]
[2023.10.08-15.57.52:042][  0]LogConfig: Setting CVar [[r.DistanceFieldShadowing:1]]
[2023.10.08-15.57.52:042][  0]LogConfig: Setting CVar [[r.DistanceFieldAO:1]]
[2023.10.08-15.57.52:042][  0]LogConfig: Setting CVar [[r.AOQuality:2]]
[2023.10.08-15.57.52:043][  0]LogConfig: Setting CVar [[r.VolumetricFog:1]]
[2023.10.08-15.57.52:044][  0]LogConfig: Setting CVar [[r.VolumetricFog.GridPixelSize:8]]
[2023.10.08-15.57.52:044][  0]LogConfig: Setting CVar [[r.VolumetricFog.GridSizeZ:128]]
[2023.10.08-15.57.52:044][  0]LogConfig: Setting CVar [[r.VolumetricFog.HistoryMissSupersampleCount:4]]
[2023.10.08-15.57.52:045][  0]LogConfig: Setting CVar [[r.LightMaxDrawDistanceScale:1]]
[2023.10.08-15.57.52:045][  0]LogConfig: Setting CVar [[r.CapsuleShadows:1]]
[2023.10.08-15.57.52:045][  0]LogConfig: Applying CVar settings from Section [PostProcessQuality@3] File [C:/Work/Unreal4/Projects/PingPong/Saved/Config/Windows/Scalability.ini]
[2023.10.08-15.57.52:045][  0]LogConfig: Setting CVar [[r.MotionBlurQuality:4]]
[2023.10.08-15.57.52:045][  0]LogConfig: Setting CVar [[r.AmbientOcclusionMipLevelFactor:0.4]]
[2023.10.08-15.57.52:046][  0]LogConfig: Setting CVar [[r.AmbientOcclusionMaxQuality:100]]
[2023.10.08-15.57.52:046][  0]LogConfig: Setting CVar [[r.AmbientOcclusionLevels:-1]]
[2023.10.08-15.57.52:046][  0]LogConfig: Setting CVar [[r.AmbientOcclusionRadiusScale:1.0]]
[2023.10.08-15.57.52:046][  0]LogConfig: Setting CVar [[r.DepthOfFieldQuality:2]]
[2023.10.08-15.57.52:047][  0]LogConfig: Setting CVar [[r.RenderTargetPoolMin:400]]
[2023.10.08-15.57.52:047][  0]LogConfig: Setting CVar [[r.LensFlareQuality:2]]
[2023.10.08-15.57.52:047][  0]LogConfig: Setting CVar [[r.SceneColorFringeQuality:1]]
[2023.10.08-15.57.52:047][  0]LogConfig: Setting CVar [[r.EyeAdaptationQuality:2]]
[2023.10.08-15.57.52:049][  0]LogConfig: Setting CVar [[r.BloomQuality:5]]
[2023.10.08-15.57.52:049][  0]LogConfig: Setting CVar [[r.FastBlurThreshold:100]]
[2023.10.08-15.57.52:049][  0]LogConfig: Setting CVar [[r.Upscale.Quality:3]]
[2023.10.08-15.57.52:049][  0]LogConfig: Setting CVar [[r.Tonemapper.GrainQuantization:1]]
[2023.10.08-15.57.52:049][  0]LogConfig: Setting CVar [[r.LightShaftQuality:1]]
[2023.10.08-15.57.52:050][  0]LogConfig: Setting CVar [[r.Filter.SizeScale:1]]
[2023.10.08-15.57.52:050][  0]LogConfig: Setting CVar [[r.Tonemapper.Quality:5]]
[2023.10.08-15.57.52:050][  0]LogConfig: Setting CVar [[r.DOF.Gather.AccumulatorQuality:1        ; higher gathering accumulator quality]]
[2023.10.08-15.57.52:050][  0]LogConfig: Setting CVar [[r.DOF.Gather.PostfilterMethod:1          ; Median3x3 postfilering method]]
[2023.10.08-15.57.52:050][  0]LogConfig: Setting CVar [[r.DOF.Gather.EnableBokehSettings:0       ; no bokeh simulation when gathering]]
[2023.10.08-15.57.52:052][  0]LogConfig: Setting CVar [[r.DOF.Gather.RingCount:4                 ; medium number of samples when gathering]]
[2023.10.08-15.57.52:052][  0]LogConfig: Setting CVar [[r.DOF.Scatter.ForegroundCompositing:1    ; additive foreground scattering]]
[2023.10.08-15.57.52:052][  0]LogConfig: Setting CVar [[r.DOF.Scatter.BackgroundCompositing:2    ; additive background scattering]]
[2023.10.08-15.57.52:053][  0]LogConfig: Setting CVar [[r.DOF.Scatter.EnableBokehSettings:1      ; bokeh simulation when scattering]]
[2023.10.08-15.57.52:053][  0]LogConfig: Setting CVar [[r.DOF.Scatter.MaxSpriteRatio:0.1         ; only a maximum of 10% of scattered bokeh]]
[2023.10.08-15.57.52:053][  0]LogConfig: Setting CVar [[r.DOF.Recombine.Quality:1                ; cheap slight out of focus]]
[2023.10.08-15.57.52:053][  0]LogConfig: Setting CVar [[r.DOF.Recombine.EnableBokehSettings:0    ; no bokeh simulation on slight out of focus]]
[2023.10.08-15.57.52:053][  0]LogConfig: Setting CVar [[r.DOF.TemporalAAQuality:1                ; more stable temporal accumulation]]
[2023.10.08-15.57.52:054][  0]LogConfig: Setting CVar [[r.DOF.Kernel.MaxForegroundRadius:0.025]]
[2023.10.08-15.57.52:055][  0]LogConfig: Setting CVar [[r.DOF.Kernel.MaxBackgroundRadius:0.025]]
[2023.10.08-15.57.52:055][  0]LogConfig: Applying CVar settings from Section [TextureQuality@3] File [C:/Work/Unreal4/Projects/PingPong/Saved/Config/Windows/Scalability.ini]
[2023.10.08-15.57.52:055][  0]LogConfig: Setting CVar [[r.Streaming.MipBias:0]]
[2023.10.08-15.57.52:057][  0]LogConfig: Setting CVar [[r.Streaming.AmortizeCPUToGPUCopy:0]]
[2023.10.08-15.57.52:057][  0]LogConfig: Setting CVar [[r.Streaming.MaxNumTexturesToStreamPerFrame:0]]
[2023.10.08-15.57.52:057][  0]LogConfig: Setting CVar [[r.Streaming.Boost:1]]
[2023.10.08-15.57.52:058][  0]LogConfig: Setting CVar [[r.MaxAnisotropy:8]]
[2023.10.08-15.57.52:058][  0]LogConfig: Setting CVar [[r.VT.MaxAnisotropy:8]]
[2023.10.08-15.57.52:058][  0]LogConfig: Setting CVar [[r.Streaming.LimitPoolSizeToVRAM:0]]
[2023.10.08-15.57.52:058][  0]LogConfig: Setting CVar [[r.Streaming.PoolSize:1000]]
[2023.10.08-15.57.52:058][  0]LogConfig: Setting CVar [[r.Streaming.MaxEffectiveScreenSize:0]]
[2023.10.08-15.57.52:060][  0]LogConfig: Applying CVar settings from Section [EffectsQuality@3] File [C:/Work/Unreal4/Projects/PingPong/Saved/Config/Windows/Scalability.ini]
[2023.10.08-15.57.52:060][  0]LogConfig: Setting CVar [[r.TranslucencyLightingVolumeDim:64]]
[2023.10.08-15.57.52:060][  0]LogConfig: Setting CVar [[r.RefractionQuality:2]]
[2023.10.08-15.57.52:060][  0]LogConfig: Setting CVar [[r.SSR.Quality:3]]
[2023.10.08-15.57.52:061][  0]LogConfig: Setting CVar [[r.SSR.HalfResSceneColor:0]]
[2023.10.08-15.57.52:061][  0]LogConfig: Setting CVar [[r.SceneColorFormat:4]]
[2023.10.08-15.57.52:061][  0]LogConfig: Setting CVar [[r.DetailMode:2]]
[2023.10.08-15.57.52:061][  0]LogConfig: Setting CVar [[r.TranslucencyVolumeBlur:1]]
[2023.10.08-15.57.52:061][  0]LogConfig: Setting CVar [[r.MaterialQualityLevel:1 ; High quality]]
[2023.10.08-15.57.52:062][  0]LogConfig: Setting CVar [[r.AnisotropicMaterials:1]]
[2023.10.08-15.57.52:062][  0]LogConfig: Setting CVar [[r.SSS.Scale:1]]
[2023.10.08-15.57.52:062][  0]LogConfig: Setting CVar [[r.SSS.SampleSet:2]]
[2023.10.08-15.57.52:062][  0]LogConfig: Setting CVar [[r.SSS.Quality:1]]
[2023.10.08-15.57.52:063][  0]LogConfig: Setting CVar [[r.SSS.HalfRes:0]]
[2023.10.08-15.57.52:063][  0]LogConfig: Setting CVar [[r.SSGI.Quality:3]]
[2023.10.08-15.57.52:063][  0]LogConfig: Setting CVar [[r.EmitterSpawnRateScale:1.0]]
[2023.10.08-15.57.52:063][  0]LogConfig: Setting CVar [[r.ParticleLightQuality:2]]
[2023.10.08-15.57.52:063][  0]LogConfig: Setting CVar [[r.SkyAtmosphere.AerialPerspectiveLUT.FastApplyOnOpaque:1 ; Always have FastSkyLUT 1 in this case to avoid wrong sky]]
[2023.10.08-15.57.52:065][  0]LogConfig: Setting CVar [[r.SkyAtmosphere.AerialPerspectiveLUT.SampleCountMaxPerSlice:4]]
[2023.10.08-15.57.52:065][  0]LogConfig: Setting CVar [[r.SkyAtmosphere.AerialPerspectiveLUT.DepthResolution:16.0]]
[2023.10.08-15.57.52:065][  0]LogConfig: Setting CVar [[r.SkyAtmosphere.FastSkyLUT:1]]
[2023.10.08-15.57.52:066][  0]LogConfig: Setting CVar [[r.SkyAtmosphere.FastSkyLUT.SampleCountMin:4.0]]
[2023.10.08-15.57.52:066][  0]LogConfig: Setting CVar [[r.SkyAtmosphere.FastSkyLUT.SampleCountMax:128.0]]
[2023.10.08-15.57.52:066][  0]LogConfig: Setting CVar [[r.SkyAtmosphere.SampleCountMin:4.0]]
[2023.10.08-15.57.52:066][  0]LogConfig: Setting CVar [[r.SkyAtmosphere.SampleCountMax:128.0]]
[2023.10.08-15.57.52:066][  0]LogConfig: Setting CVar [[r.SkyAtmosphere.TransmittanceLUT.UseSmallFormat:0]]
[2023.10.08-15.57.52:067][  0]LogConfig: Setting CVar [[r.SkyAtmosphere.TransmittanceLUT.SampleCount:10.0]]
[2023.10.08-15.57.52:068][  0]LogConfig: Setting CVar [[r.SkyAtmosphere.MultiScatteringLUT.SampleCount:15.0]]
[2023.10.08-15.57.52:068][  0]LogConfig: Setting CVar [[r.SkyLight.RealTimeReflectionCapture:1]]
[2023.10.08-15.57.52:068][  0]LogConfig: Applying CVar settings from Section [FoliageQuality@3] File [C:/Work/Unreal4/Projects/PingPong/Saved/Config/Windows/Scalability.ini]
[2023.10.08-15.57.52:069][  0]LogConfig: Setting CVar [[foliage.DensityScale:1.0]]
[2023.10.08-15.57.52:069][  0]LogConfig: Setting CVar [[grass.DensityScale:1.0]]
[2023.10.08-15.57.52:069][  0]LogConfig: Applying CVar settings from Section [ShadingQuality@3] File [C:/Work/Unreal4/Projects/PingPong/Saved/Config/Windows/Scalability.ini]
[2023.10.08-15.57.52:069][  0]LogConfig: Setting CVar [[r.HairStrands.SkyLighting.IntegrationType:2]]
[2023.10.08-15.57.52:069][  0]LogConfig: Setting CVar [[r.HairStrands.SkyAO.SampleCount:4]]
[2023.10.08-15.57.52:070][  0]LogConfig: Setting CVar [[r.HairStrands.Visibility.MSAA.SamplePerPixel:4]]
[2023.10.08-15.57.52:071][  0]LogConfig: Applying CVar settings from Section [Startup] File [../../../Engine/Config/ConsoleVariables.ini]
[2023.10.08-15.57.52:073][  0]LogConfig: Setting CVar [[net.UseAdaptiveNetUpdateFrequency:0]]
[2023.10.08-15.57.52:073][  0]LogConfig: Setting CVar [[p.chaos.AllowCreatePhysxBodies:1]]
[2023.10.08-15.57.52:073][  0]LogConfig: Setting CVar [[fx.SkipVectorVMBackendOptimizations:1]]
[2023.10.08-15.57.52:074][  0]LogConfig: Applying CVar settings from Section [ConsoleVariables] File [C:/Work/Unreal4/Projects/PingPong/Saved/Config/Windows/Engine.ini]
[2023.10.08-15.57.52:074][  0]LogConfig: Applying CVar settings from Section [ConsoleVariables] File [C:/Work/Unreal4/Projects/PingPong/Saved/Config/Windows/Editor.ini]
[2023.10.08-15.57.52:074][  0]LogInit: Computer: MYMONSTR
[2023.10.08-15.57.52:074][  0]LogInit: User: Олег
[2023.10.08-15.57.52:074][  0]LogInit: CPU Page size=4096, Cores=6
[2023.10.08-15.57.52:076][  0]LogInit: High frequency timer resolution =10.000000 MHz
[2023.10.08-15.57.52:076][  0]LogMemory: Memory total: Physical=31.9GB (32GB approx)
[2023.10.08-15.57.52:076][  0]LogMemory: Platform Memory Stats for Windows
[2023.10.08-15.57.52:077][  0]LogMemory: Process Physical Memory: 138.77 MB used, 138.77 MB peak
[2023.10.08-15.57.52:077][  0]LogMemory: Process Virtual Memory: 121.61 MB used, 121.61 MB peak
[2023.10.08-15.57.52:077][  0]LogMemory: Physical Memory: 12389.77 MB used,  20288.75 MB free, 32678.52 MB total
[2023.10.08-15.57.52:077][  0]LogMemory: Virtual Memory: 134197824.00 MB used,  19907.27 MB free, 134217728.00 MB total
[2023.10.08-15.57.52:079][  0]LogWindows: WindowsPlatformFeatures disabled or dedicated server build
[2023.10.08-15.57.52:086][  0]LogInit: Physics initialised using underlying interface: PhysX
[2023.10.08-15.57.52:087][  0]LogInit: Using OS detected language (ru-RU).
[2023.10.08-15.57.52:087][  0]LogInit: Using OS detected locale (ru-RU).
[2023.10.08-15.57.52:090][  0]LogTextLocalizationManager: No specific localization for 'ru-RU' exists, so the 'ru' localization will be used.
[2023.10.08-15.57.52:092][  0]LogTextLocalizationResource: LocRes '../../../Engine/Content/Localization/Editor/ru/Editor.locres' could not be opened for reading!
[2023.10.08-15.57.52:093][  0]LogTextLocalizationResource: LocRes '../../../Engine/Content/Localization/EditorTutorials/ru/EditorTutorials.locres' could not be opened for reading!
[2023.10.08-15.57.52:093][  0]LogTextLocalizationResource: LocRes '../../../Engine/Content/Localization/Keywords/ru/Keywords.locres' could not be opened for reading!
[2023.10.08-15.57.52:093][  0]LogTextLocalizationResource: LocRes '../../../Engine/Content/Localization/Category/ru/Category.locres' could not be opened for reading!
[2023.10.08-15.57.52:093][  0]LogTextLocalizationResource: LocRes '../../../Engine/Content/Localization/ToolTips/ru/ToolTips.locres' could not be opened for reading!
[2023.10.08-15.57.52:093][  0]LogTextLocalizationResource: LocRes '../../../Engine/Content/Localization/PropertyNames/ru/PropertyNames.locres' could not be opened for reading!
[2023.10.08-15.57.52:094][  0]LogTextLocalizationResource: LocRes '../../../Engine/Content/Localization/Engine/ru/Engine.locres' could not be opened for reading!
[2023.10.08-15.57.52:289][  0]LogTargetPlatformManager: Display: Loaded TargetPlatform 'WindowsNoEditor'
[2023.10.08-15.57.52:292][  0]LogTargetPlatformManager: Display: Loaded TargetPlatform 'Windows'
[2023.10.08-15.57.52:294][  0]LogTargetPlatformManager: Display: Loaded TargetPlatform 'WindowsClient'
[2023.10.08-15.57.52:297][  0]LogTargetPlatformManager: Display: Loaded TargetPlatform 'WindowsServer'
[2023.10.08-15.57.52:297][  0]LogTargetPlatformManager: Display: Building Assets For Windows
[2023.10.08-15.57.52:300][  0]LogAudioDebug: Display: Lib vorbis DLL was dynamically loaded.
[2023.10.08-15.57.52:310][  0]LogTextureFormatOodle: Display: Oodle Texture 2.9.0 init RDO Off
[2023.10.08-15.57.52:319][  0]LogRendererCore: Ray tracing is disabled. Reason: r.RayTracing=0.
[2023.10.08-15.57.52:319][  0]LogShaderCompilers: Guid format shader working directory is -3 characters bigger than the processId version (../../../../../../Work/Unreal4/Projects/PingPong/Intermediate/Shaders/WorkingDirectory/5216/).
[2023.10.08-15.57.52:321][  0]LogShaderCompilers: Cleaned the shader compiler working directory 'C:/Users/Олег/AppData/Local/Temp/UnrealShaderWorkingDir/2AB102BC48519D238FB64BAF5EA31C87/'.
[2023.10.08-15.57.52:321][  0]LogXGEController: Cannot use XGE Controller as Incredibuild is not installed on this machine.
[2023.10.08-15.57.52:321][  0]LogShaderCompilers: Cannot use XGE Shader Compiler as Incredibuild is not installed on this machine.
[2023.10.08-15.57.52:322][  0]LogShaderCompilers: Display: Using Local Shader Compiler.
[2023.10.08-15.57.52:750][  0]LogDerivedDataCache: Display: Max Cache Size: 512 MB
[2023.10.08-15.57.52:802][  0]LogDerivedDataCache: Loaded boot cache 0.05s 94MB C:/Users/Олег/AppData/Local/UnrealEngine/4.27/DerivedDataCache/Boot.ddc.
[2023.10.08-15.57.52:802][  0]LogDerivedDataCache: Display: Loaded Boot cache: C:/Users/Олег/AppData/Local/UnrealEngine/4.27/DerivedDataCache/Boot.ddc
[2023.10.08-15.57.52:802][  0]LogDerivedDataCache: FDerivedDataBackendGraph:  Pak pak cache file ../../../../../../Work/Unreal4/Projects/PingPong/DerivedDataCache/DDC.ddp not found, will not use a pak cache.
[2023.10.08-15.57.52:802][  0]LogDerivedDataCache: Unable to find inner node Pak for hierarchical cache Hierarchy.
[2023.10.08-15.57.52:804][  0]LogDerivedDataCache: FDerivedDataBackendGraph:  CompressedPak pak cache file ../../../../../../Work/Unreal4/Projects/PingPong/DerivedDataCache/Compressed.ddp not found, will not use a pak cache.
[2023.10.08-15.57.52:804][  0]LogDerivedDataCache: Unable to find inner node CompressedPak for hierarchical cache Hierarchy.
[2023.10.08-15.57.52:818][  0]LogDerivedDataCache: Display: Pak cache opened for reading ../../../Engine/DerivedDataCache/Compressed.ddp.
[2023.10.08-15.57.52:818][  0]LogDerivedDataCache: FDerivedDataBackendGraph:  EnterprisePak pak cache file ../../../Enterprise/DerivedDataCache/Compressed.ddp not found, will not use a pak cache.
[2023.10.08-15.57.52:820][  0]LogDerivedDataCache: Unable to find inner node EnterprisePak for hierarchical cache Hierarchy.
[2023.10.08-15.57.52:826][  0]LogDerivedDataCache: Speed tests for C:/Users/Олег/AppData/Local/UnrealEngine/Common/DerivedDataCache took 0.01 seconds
[2023.10.08-15.57.52:826][  0]LogDerivedDataCache: Display: Performance to C:/Users/Олег/AppData/Local/UnrealEngine/Common/DerivedDataCache: Latency=0.03ms. RandomReadSpeed=1106.77MBs, RandomWriteSpeed=228.57MBs. Assigned SpeedClass 'Local'
[2023.10.08-15.57.52:828][  0]LogDerivedDataCache: Using Local data cache path C:/Users/Олег/AppData/Local/UnrealEngine/Common/DerivedDataCache: Writable
[2023.10.08-15.57.52:828][  0]LogDerivedDataCache: Shared data cache path not found in *engine.ini, will not use an Shared cache.
[2023.10.08-15.57.52:828][  0]LogDerivedDataCache: Unable to find inner node Shared for hierarchical cache Hierarchy.
[2023.10.08-15.57.52:829][  0]LogInit: Using OS detected language (ru-RU).
[2023.10.08-15.57.52:829][  0]LogInit: Using OS detected locale (ru-RU).
[2023.10.08-15.57.52:829][  0]LogTextLocalizationManager: No localization for 'ru-RU' exists, so 'en' will be used for the language.
[2023.10.08-15.57.52:830][  0]LogTextLocalizationManager: No localization for 'ru-RU' exists, so 'en' will be used for the locale.
[2023.10.08-15.57.52:833][  0]LogAssetRegistry: FAssetRegistry took 0.0014 seconds to start up
[2023.10.08-15.57.52:973][  0]LogTextLocalizationManager: Compacting localization data took   0.00ms
[2023.10.08-15.57.52:973][  0]LogPackageLocalizationCache: Processed 27 localized package path(s) for 1 prioritized culture(s) in 0.000766 seconds
[2023.10.08-15.57.53:028][  0]LogInit: Selected Device Profile: [Windows]
[2023.10.08-15.57.53:028][  0]LogInit: Active device profile: [000002315D91DE00][0000023158879180 49] Windows
[2023.10.08-15.57.53:028][  0]LogInit: Profiles: [000002315D91DE00][0000023158879180 49] Windows, [000002315D90FE00][00000231596B9440 49] WindowsNoEditor, [000002315D91D700][00000231596BD700 49] WindowsServer, [000002315D90F700][00000231596C19C0 49] WindowsClient, [000002315D91DA00][00000231596C4100 49] IOS, [000002315D90D100][00000231596AE380 49] iPadAir, [000002315D91CF00][00000231596C8600 49] iPadAir2, [000002315B344C00][00000231596E6B40 49] IPadPro, [000002315B344D00][00000231596D0B80 49] iPadAir3, [000002315D91D400][00000231596DEE40 49] iPadAir4, [000002315B344700][00000231596DB100 49] iPadMini2, [000002315D91C500][00000231596E33C0 49] iPadMini3, [000002315B344900][00000231596F1680 49] iPadMini4, [000002315D91EA00][00000231596F5940 49] iPadMini5, [000002315B337F00][0000023159708300 49] iPhone6, [000002315B337E00][00000231596F8340 49] iPodTouch6, [000002315D92FF00][000002315970C800 49] iPhone7, [000002315D92FE00][00000231596CC840 49] iPodTouch7, [000002315B336F00][0000023159704B00 49] iPhone5S, [000002315D92EE00][00000231596FCDC0 49] iPhone6Plus, [000002315B337100][0000023159711080 49] iPhone6S, [000002315D92F300][0000023159715340 49] iPhone6SPlus, [000002315B336C00][0000023159719600 49] iPhone7Plus, [000002315D92C200][000002315971D8C0 49] iPhoneSE, [000002315B336600][0000023159721B80 49] iPhone8, [000002315D92E600][00000231597242C0 49] iPhone8Plus, [000002315B336D00][0000023159728580 49] iPhoneX, [000002315D92FD00][0000023159700800 49] iPhoneXS, [000002315B335900][0000023159730AC0 49] iPhoneXSMax, [000002315D92D800][0000023159734D80 49] iPhoneXR, [000002315B337A00][0000023159739040 49] iPhone11, [000002315D92F400][000002315973D300 49] iPhone11Pro, [000002315B335700][00000231597415C0 49] iPhone11ProMax, [000002315D92D600][0000023159745880 49] iPhoneSE2, [000002315B335100][0000023159749B40 49] iPhone12Mini, [000002315D92D200][000002315974C280 49] iPhone12, [000002315B335500][000002315DCD0540 49] iPhone12Pro, [000002315D92D400][000002315972C7C0 49] iPhone12ProMax, [000002315B335300][000002315DCD4A40 49] iPadPro105, [000002315D92CF00][000002315DCDCD00 49] iPadPro129, [000002315B335D00][000002315DCE0FC0 49] iPadPro97, [000002315D92DE00][000002315DCE5280 49] iPadPro2_129, [000002315B335800][000002315DCE9540 49] iPad5, [000002315D92CB00][000002315DCED800 49] iPad6, [000002315B337D00][000002315DCF1AC0 49] iPad7, [000002315D92E000][000002315DCF4200 49] iPad8, [000002315B334500][000002315DCF84C0 49] iPadPro11, [000002315D92D900][000002315DCFC780 49] iPadPro2_11, [000002315B336300][000002315DCD8A00 49] iPadPro3_129, [000002315D92FB00][000002315DD00C80 49] iPadPro4_129, [000002315B337700][000002315DD08F40 49] AppleTV, [000002315D92D300][000002315DD0D200 49] AppleTV4K, [000002315B336200][000002315DD114C0 49] TVOS, [000002315D92D500][000002315DD15780 49] Mac, [000002315B335200][000002315DD19A40 49] MacClient, [000002315D92CE00][000002315DD1C180 49] MacNoEditor, [000002315B334100][000002315DD20440 49] MacServer, [000002315D90E700][000002315DD24700 49] Linux, [000002315B347800][000002315DD289C0 49] LinuxAArch64, [000002315D90ED00][000002315DD04C40 49] LinuxNoEditor, [000002315B347200][000002315DD2CEC0 49] LinuxAArch64NoEditor, [000002315D90E200][000002315DD35180 49] LinuxClient, [000002315B346800][000002315DD39440 49] LinuxAArch64Client, [000002315D90FF00][000002315DD3D700 49] LinuxServer, [000002315B344500][000002315DD419C0 49] LinuxAArch64Server, [000002315D90EF00][000002315DD44100 49] Android, [000002315B346A00][000002315DD483C0 49] Android_Low, [000002315D90F500][000002315DD4C680 49] Android_Mid, [000002315B344F00][000002315DD50940 49] Android_High, [000002315D90F800][000002315DD54C00 49] Android_Default, [000002315B347B00][000002315DD30E80 49] Android_Adreno4xx, [000002315D90D000][000002315DD59100 49] Android_Adreno5xx_Low, [000002315B347F00][000002315DD613C0 49] Android_Adreno5xx, [000002315D90FC00][000002315DD65680 49] Android_Adreno6xx, [000002315B346C00][000002315DD69940 49] Android_Adreno6xx_Vulkan, [000002315D90CB00][000002315DD6DC00 49] Android_Mali_T6xx, [000002315B345700][000002315DD70340 49] Android_Mali_T7xx, [000002315D90C400][000002315DD74600 49] Android_Mali_T8xx, [000002315B335600][000002315DD788C0 49] Android_Mali_G71, [000002315D90D800][000002315DD7CB80 49] Android_Mali_G72, [000002315B336E00][000002315DD80E40 49] Android_Mali_G72_Vulkan, [000002315D90E100][000002315DD5D0C0 49] Android_Mali_G76, [000002315B336000][000002315DD85340 49] Android_Mali_G76_Vulkan, [000002315D90F300][000002315DD8D600 49] Android_Mali_G77, [000002315B335B00][000002315DD918C0 49] Android_Mali_G77_Vulkan, [000002315D90C900][000002315DD95B80 49] Android_Mali_G78, [000002315B337800][000002315DD982C0 49] Android_Mali_G78_Vulkan, [000002315D90E000][000002315DD9C580 49] Android_Mali_G710, [000002315B336700][000002315DDA0840 49] Android_Mali_G710_Vulkan, [000002315D90F200][000002315DDA4B00 49] Android_Vulkan_SM5, [000002315B335A00][000002315DDA8DC0 49] Android_PowerVR_G6xxx, [000002315D90F100][000002315DDAD080 49] Android_PowerVR_GT7xxx, [000002315B334D00][000002315DD89300 49] Android_PowerVR_GE8xxx, [000002315D90FD00][000002315DDB1580 49] Android_PowerVR_GM9xxx, [000002315B336100][000002315DDB9840 49] Android_PowerVR_GM9xxx_Vulkan, [000002315D90EE00][000002315DDBDB00 49] Android_TegraK1, [000002315B336800][000002315DDC0240 49] Android_Unknown_Vulkan, [000002315D90E900][000002315DDC4500 49] Lumin, [000002315B337000][000002315DDC87C0 49] Lumin_Desktop, [000002315D90F600][000002315DDCCA80 49] HoloLens, 
[2023.10.08-15.57.53:045][  0]LogMeshReduction: Using QuadricMeshReduction for automatic static mesh reduction
[2023.10.08-15.57.53:045][  0]LogMeshReduction: Using SimplygonMeshReduction for automatic skeletal mesh reduction
[2023.10.08-15.57.53:046][  0]LogMeshReduction: Using ProxyLODMeshReduction for automatic mesh merging
[2023.10.08-15.57.53:046][  0]LogMeshReduction: No distributed automatic mesh merging module available
[2023.10.08-15.57.53:046][  0]LogMeshMerging: No distributed automatic mesh merging module available
[2023.10.08-15.57.53:054][  0]LogNetVersion: PingPong 1.0.0, NetCL: 17155196, EngineNetVer: 17, GameNetVer: 0 (Checksum: 166094971)
[2023.10.08-15.57.53:122][  0]LogTexture: Default maximum texture size for cubemaps generated from long-lat sources has been changed from 512 to unlimited. In order to preserve old behaiour for '/Engine/MapTemplates/Sky/DaylightAmbientCubemap.DaylightAmbientCubemap', its maximum texture size has been explicitly set to 512.
[2023.10.08-15.57.53:133][  0]LogHMD: PokeAHoleMaterial loaded successfully
[2023.10.08-15.57.53:181][  0]LogPython: Using Python 3.7.7
[2023.10.08-15.57.53:522][  0]LogNiagaraDebuggerClient: Niagara Debugger Client Initialized | Session: 9ED2B2144186F1E728EB9D9AF11A3344 | Instance: F6432A5B48212820F80A1FA9F1A01CA7 (MYMONSTR-5216).
[2023.10.08-15.57.53:533][  0]LogCollectionManager: Loaded 0 collections in 0.001442 seconds
[2023.10.08-15.57.53:534][  0]LogFileCache: Scanning file cache for directory 'C:/Work/Unreal4/Projects/PingPong/Saved/Collections/' took 0.00s
[2023.10.08-15.57.53:535][  0]LogFileCache: Scanning file cache for directory 'C:/Work/Unreal4/Projects/PingPong/Content/Developers/Олег/Collections/' took 0.00s
[2023.10.08-15.57.53:535][  0]LogFileCache: Scanning file cache for directory 'C:/Work/Unreal4/Projects/PingPong/Content/Collections/' took 0.00s
[2023.10.08-15.57.53:535][  0]LogCollectionManager: Fixed up redirectors for 0 collections in 0.000001 seconds (updated 0 objects)
[2023.10.08-15.57.53:593][  0]LogTcpMessaging: Initializing TcpMessaging bridge
[2023.10.08-15.57.53:594][  0]LogUdpMessaging: Initializing bridge on interface 0.0.0.0:0 to multicast group 230.0.0.1:6666.
[2023.10.08-15.57.53:628][  0]SourceControl: Source control is disabled
[2023.10.08-15.57.53:629][  0]SourceControl: Source control is disabled
[2023.10.08-15.57.53:629][  0]SourceControl: Source control is disabled
[2023.10.08-15.57.53:631][  0]LogUProjectInfo: Found projects:
[2023.10.08-15.57.53:696][  0]LogOpenImageDenoise: OIDN starting up
[2023.10.08-15.57.53:708][  0]LogAndroidPermission: UAndroidPermissionCallbackProxy::GetInstance
[2023.10.08-15.57.53:717][  0]LogAudioCaptureCore: Display: No Audio Capture implementations found. Audio input will be silent.
[2023.10.08-15.57.53:717][  0]LogAudioCaptureCore: Display: No Audio Capture implementations found. Audio input will be silent.
[2023.10.08-15.57.53:773][  0]LogOcInput: OculusInput pre-init called
[2023.10.08-15.57.53:783][  0]LogUObjectArray: 21886 objects as part of root set at end of initial load.
[2023.10.08-15.57.53:783][  0]LogUObjectAllocator: 5893904 out of 0 bytes used by permanent object pool.
[2023.10.08-15.57.53:783][  0]LogUObjectArray: CloseDisregardForGC: 0/0 objects in disregard for GC pool
[2023.10.08-15.57.53:817][  0]LogEngine: Initializing Engine...
[2023.10.08-15.57.53:818][  0]LogStats: UGameplayTagsManager::InitializeManager -  0.000 s
[2023.10.08-15.57.53:829][  0]LogInit: Initializing FReadOnlyCVARCache
[2023.10.08-15.57.53:829][  0]LogNetVersion: Set ProjectVersion to 1.0.0.0. Version Checksum will be recalculated on next use.
[2023.10.08-15.57.53:830][  0]LogInit: Texture streaming: Disabled
[2023.10.08-15.57.53:859][  0]LogInit: Display: Game Engine Initialized.
[2023.10.08-15.57.53:859][  0]LogNiagaraEditor: GEditor isn't valid! Particle reset commands will not work for Niagara components!
[2023.10.08-15.57.53:926][  0]LogInit: Display: Starting Game.
[2023.10.08-15.57.53:926][  0]LogNet: Browse: /Game/Start/StartLevel?Name=Player
[2023.10.08-15.57.53:928][  0]LogLoad: LoadMap: /Game/Start/StartLevel?Name=Player
[2023.10.08-15.57.53:928][  0]LogWorld: BeginTearingDown for /Temp/Untitled_0
[2023.10.08-15.57.53:932][  0]LogWorld: UWorld::CleanupWorld for Untitled, bSessionEnded=true, bCleanupResources=true
[2023.10.08-15.57.53:941][  0]LogUObjectHash: Compacting FUObjectHashTables data took   0.76ms
[2023.10.08-15.57.53:978][  0]LogAIModule: Creating AISystem for world StartLevel
[2023.10.08-15.57.53:978][  0]LogLoad: Game class is 'StartGameModeBase_C'
[2023.10.08-15.57.53:978][  0]LogNet: ReplicationDriverClass is null! Not using ReplicationDriver.
[2023.10.08-15.57.53:978][  0]LogNetCore: DDoS detection status: detection enabled: 0 analytics enabled: 0
[2023.10.08-15.57.53:980][  0]LogInit: WinSock: Socket queue. Rx: 131072 (config 131072) Tx: 131072 (config 131072)
[2023.10.08-15.57.53:980][  0]LogNet: Created socket for bind address: 0.0.0.0 on port 17777
[2023.10.08-15.57.53:980][  0]PacketHandlerLog: Loaded PacketHandler component: Engine.EngineHandlerComponentFactory (StatelessConnectHandlerComponent)
[2023.10.08-15.57.53:981][  0]LogNet: GameNetDriver IpNetDriver_0 IpNetDriver listening on port 17777
[2023.10.08-15.57.53:981][  0]LogWorld: Bringing World /Game/Start/StartLevel.StartLevel up for play (max tick rate 30) at 2023.10.08-18.57.53
[2023.10.08-15.57.53:981][  0]LogWorld: Bringing up level for play took: 0.000344
[2023.10.08-15.57.53:981][  0]LogLoad: Took 0.053971 seconds to LoadMap(/Game/Start/StartLevel)
[2023.10.08-15.57.53:989][  0]LogInit: Display: Engine is initialized. Leaving FEngineLoop::Init()
[2023.10.08-15.57.53:989][  0]LogLoad: (Engine Initialization) Total time: 4.09 seconds
[2023.10.08-15.57.53:989][  0]LogLoad: (Engine Initialization) Total Blueprint compile time: 0.00 seconds
[2023.10.08-15.57.55:099][ 32]LogNet: NotifyAcceptingConnection accepted from: 127.0.0.1:53814
[2023.10.08-15.57.55:099][ 32]LogHandshake: SendConnectChallenge. Timestamp: 1.108239, Cookie: 167197155121056168101082189226106051159090173175191114203068
[2023.10.08-15.57.55:132][ 33]LogNet: NotifyAcceptingConnection accepted from: 127.0.0.1:53814
[2023.10.08-15.57.55:132][ 33]LogHandshake: SendChallengeAck. InCookie: 167197155121056168101082189226106051159090173175191114203068
[2023.10.08-15.57.55:132][ 33]LogNet: Server accepting post-challenge connection from: 127.0.0.1:53814
[2023.10.08-15.57.55:141][ 33]PacketHandlerLog: Loaded PacketHandler component: Engine.EngineHandlerComponentFactory (StatelessConnectHandlerComponent)
[2023.10.08-15.57.55:141][ 33]LogNet: NotifyAcceptedConnection: Name: StartLevel, TimeStamp: 10/08/23 18:57:55, [UNetConnection] RemoteAddr: 127.0.0.1:53814, Name: IpConnection_0, Driver: GameNetDriver IpNetDriver_0, IsServer: YES, PC: NULL, Owner: NULL, UniqueId: INVALID
[2023.10.08-15.57.55:142][ 33]LogNet: AddClientConnection: Added client connection: [UNetConnection] RemoteAddr: 127.0.0.1:53814, Name: IpConnection_0, Driver: GameNetDriver IpNetDriver_0, IsServer: YES, PC: NULL, Owner: NULL, UniqueId: INVALID
[2023.10.08-15.57.55:142][ 33]LogNet: NotifyAcceptingConnection accepted from: 127.0.0.1:53815
[2023.10.08-15.57.55:143][ 33]LogHandshake: SendConnectChallenge. Timestamp: 1.141607, Cookie: 235205060075230220186087167174247114004045189146147235120011
[2023.10.08-15.57.55:143][ 33]LogNet: NotifyAcceptingChannel Control 0 server World /Game/Start/StartLevel.StartLevel: Accepted
[2023.10.08-15.57.55:144][ 33]LogNet: Remote platform little endian=1
[2023.10.08-15.57.55:144][ 33]LogNet: This platform little endian=1
[2023.10.08-15.57.55:144][ 33]LogNetVersion: PingPong 1.0.0.0, NetCL: 17155196, EngineNetVer: 17, GameNetVer: 0 (Checksum: 2744900490)
[2023.10.08-15.57.55:145][ 33]LogNet: NotifyAcceptingConnection accepted from: 127.0.0.1:53815
[2023.10.08-15.57.55:145][ 33]LogHandshake: SendChallengeAck. InCookie: 235205060075230220186087167174247114004045189146147235120011
[2023.10.08-15.57.55:145][ 33]LogNet: Server accepting post-challenge connection from: 127.0.0.1:53815
[2023.10.08-15.57.55:146][ 33]PacketHandlerLog: Loaded PacketHandler component: Engine.EngineHandlerComponentFactory (StatelessConnectHandlerComponent)
[2023.10.08-15.57.55:146][ 33]LogNet: NotifyAcceptedConnection: Name: StartLevel, TimeStamp: 10/08/23 18:57:55, [UNetConnection] RemoteAddr: 127.0.0.1:53815, Name: IpConnection_1, Driver: GameNetDriver IpNetDriver_0, IsServer: YES, PC: NULL, Owner: NULL, UniqueId: INVALID
[2023.10.08-15.57.55:147][ 33]LogNet: AddClientConnection: Added client connection: [UNetConnection] RemoteAddr: 127.0.0.1:53815, Name: IpConnection_1, Driver: GameNetDriver IpNetDriver_0, IsServer: YES, PC: NULL, Owner: NULL, UniqueId: INVALID
[2023.10.08-15.57.55:148][ 33]LogNet: Login request: ?Name=MyMonstr-AE9283BE4F4A486BF38211AA54662631 userId: NULL:MyMonstr-AE9283BE4F4A486BF38211AA54662631 platform: NULL
[2023.10.08-15.57.55:148][ 33]LogNet: NotifyAcceptingChannel Control 0 server World /Game/Start/StartLevel.StartLevel: Accepted
[2023.10.08-15.57.55:148][ 33]LogNet: Remote platform little endian=1
[2023.10.08-15.57.55:149][ 33]LogNet: This platform little endian=1
[2023.10.08-15.57.55:166][ 34]LogNet: Login request: ?Name=MyMonstr-0240D00C44B3D4710AFE96B51B634E88 userId: NULL:MyMonstr-0240D00C44B3D4710AFE96B51B634E88 platform: NULL
[2023.10.08-15.57.55:199][ 35]LogNet: Client netspeed is 100000
[2023.10.08-15.57.55:199][ 35]LogNet: Join request: /Game/Start/StartLevel?Name=MyMonstr-AE9283BE4F4A486BF38211AA54662631?SplitscreenCount=1
[2023.10.08-15.57.55:200][ 35]LogScript: Warning: Accessed None trying to read property CallFunc_Create_ReturnValue
	StartPlayerController_C /Game/Start/StartLevel.StartLevel:PersistentLevel.StartPlayerController_C_0
	Function /Game/Start/StartPlayerController.StartPlayerController_C:ExecuteUbergraph_StartPlayerController:0049
[2023.10.08-15.57.55:201][ 35]LogScript: Warning: Script call stack:
	Function /Game/Start/StartPlayerController.StartPlayerController_C:ReceiveBeginPlay
	Function /Game/Start/StartPlayerController.StartPlayerController_C:ExecuteUbergraph_StartPlayerController

[2023.10.08-15.57.55:201][ 35]LogOnlineSession: Warning: OSS: No game present to join for session (GameSession)
[2023.10.08-15.57.55:201][ 35]LogGameMode: FindPlayerStart: PATHS NOT DEFINED or NO PLAYERSTART with positive rating
[2023.10.08-15.57.55:202][ 35]LogNet: Join succeeded: MyMonstr-AE9283BE4F4
[2023.10.08-15.57.55:202][ 35]LogNet: Client netspeed is 100000
[2023.10.08-15.57.55:202][ 35]LogNet: Join request: /Game/Start/StartLevel?Name=MyMonstr-0240D00C44B3D4710AFE96B51B634E88?SplitscreenCount=1
[2023.10.08-15.57.55:204][ 35]LogScript: Warning: Accessed None trying to read property CallFunc_Create_ReturnValue
	StartPlayerController_C /Game/Start/StartLevel.StartLevel:PersistentLevel.StartPlayerController_C_1
	Function /Game/Start/StartPlayerController.StartPlayerController_C:ExecuteUbergraph_StartPlayerController:0049
[2023.10.08-15.57.55:204][ 35]LogScript: Warning: Script call stack:
	Function /Game/Start/StartPlayerController.StartPlayerController_C:ReceiveBeginPlay
	Function /Game/Start/StartPlayerController.StartPlayerController_C:ExecuteUbergraph_StartPlayerController

[2023.10.08-15.57.55:205][ 35]LogOnlineSession: Warning: OSS: No game present to join for session (GameSession)
[2023.10.08-15.57.55:205][ 35]LogGameMode: FindPlayerStart: PATHS NOT DEFINED or NO PLAYERSTART with positive rating
[2023.10.08-15.57.55:205][ 35]LogNet: Join succeeded: MyMonstr-0240D00C44B
[2023.10.08-15.57.57:197][ 95]LogNet: UChannel::ReceivedSequencedBunch: Bunch.bClose == true. ChIndex == 0. Calling ConditionalCleanUp.
[2023.10.08-15.57.57:197][ 95]LogNet: UChannel::CleanUp: ChIndex == 0. Closing connection. [UChannel] ChIndex: 0, Closing: 0 [UNetConnection] RemoteAddr: 127.0.0.1:53814, Name: IpConnection_0, Driver: GameNetDriver IpNetDriver_0, IsServer: YES, PC: StartPlayerController_C_0, Owner: StartPlayerController_C_0, UniqueId: NULL:MyMonstr-AE9283BE4F4A486BF38211AA54662631
[2023.10.08-15.57.57:197][ 95]LogNet: UNetConnection::Close: [UNetConnection] RemoteAddr: 127.0.0.1:53814, Name: IpConnection_0, Driver: GameNetDriver IpNetDriver_0, IsServer: YES, PC: StartPlayerController_C_0, Owner: StartPlayerController_C_0, UniqueId: NULL:MyMonstr-AE9283BE4F4A486BF38211AA54662631, Channels: 10, Time: 2023.10.08-15.57.57
[2023.10.08-15.57.57:197][ 95]LogNet: UChannel::Close: Sending CloseBunch. ChIndex == 0. Name: [UChannel] ChIndex: 0, Closing: 0 [UNetConnection] RemoteAddr: 127.0.0.1:53814, Name: IpConnection_0, Driver: GameNetDriver IpNetDriver_0, IsServer: YES, PC: StartPlayerController_C_0, Owner: StartPlayerController_C_0, UniqueId: NULL:MyMonstr-AE9283BE4F4A486BF38211AA54662631
[2023.10.08-15.57.57:198][ 95]LogOnlineSession: Warning: OSS: No game present to leave for session (GameSession)
[2023.10.08-15.58.07:284][398]LogNet: UChannel::ReceivedSequencedBunch: Bunch.bClose == true. ChIndex == 0. Calling ConditionalCleanUp.
[2023.10.08-15.58.07:284][398]LogNet: UChannel::CleanUp: ChIndex == 0. Closing connection. [UChannel] ChIndex: 0, Closing: 0 [UNetConnection] RemoteAddr: 127.0.0.1:53815, Name: IpConnection_1, Driver: GameNetDriver IpNetDriver_0, IsServer: YES, PC: StartPlayerController_C_1, Owner: StartPlayerController_C_1, UniqueId: NULL:MyMonstr-0240D00C44B3D4710AFE96B51B634E88
[2023.10.08-15.58.07:284][398]LogNet: UNetConnection::Close: [UNetConnection] RemoteAddr: 127.0.0.1:53815, Name: IpConnection_1, Driver: GameNetDriver IpNetDriver_0, IsServer: YES, PC: StartPlayerController_C_1, Owner: StartPlayerController_C_1, UniqueId: NULL:MyMonstr-0240D00C44B3D4710AFE96B51B634E88, Channels: 8, Time: 2023.10.08-15.58.07
[2023.10.08-15.58.07:285][398]LogNet: UChannel::Close: Sending CloseBunch. ChIndex == 0. Name: [UChannel] ChIndex: 0, Closing: 0 [UNetConnection] RemoteAddr: 127.0.0.1:53815, Name: IpConnection_1, Driver: GameNetDriver IpNetDriver_0, IsServer: YES, PC: StartPlayerController_C_1, Owner: StartPlayerController_C_1, UniqueId: NULL:MyMonstr-0240D00C44B3D4710AFE96B51B634E88
[2023.10.08-15.58.07:285][398]LogOnlineSession: Warning: OSS: No game present to leave for session (GameSession)
